{"total": {"lines":{"total":2438,"covered":1158,"skipped":0,"pct":47.49},"statements":{"total":3042,"covered":1381,"skipped":0,"pct":45.39},"functions":{"total":813,"covered":433,"skipped":0,"pct":53.25},"branches":{"total":2253,"covered":782,"skipped":0,"pct":34.7},"branchesTrue":{"total":0,"covered":0,"skipped":0,"pct":100}}
,"C:\\Users\\david\\OneDrive\\Documents\\GitHub\\In4matx-43-Project\\scenecheck-expo\\components\\AuthBootstrap.tsx": {"lines":{"total":65,"covered":0,"skipped":0,"pct":0},"functions":{"total":19,"covered":0,"skipped":0,"pct":0},"statements":{"total":72,"covered":0,"skipped":0,"pct":0},"branches":{"total":72,"covered":0,"skipped":0,"pct":0}}
,"C:\\Users\\david\\OneDrive\\Documents\\GitHub\\In4matx-43-Project\\scenecheck-expo\\components\\AuthGate.tsx": {"lines":{"total":10,"covered":7,"skipped":0,"pct":70},"functions":{"total":4,"covered":4,"skipped":0,"pct":100},"statements":{"total":15,"covered":11,"skipped":0,"pct":73.33},"branches":{"total":8,"covered":4,"skipped":0,"pct":50}}
,"C:\\Users\\david\\OneDrive\\Documents\\GitHub\\In4matx-43-Project\\scenecheck-expo\\components\\ChangeEmailSheet.tsx": {"lines":{"total":27,"covered":25,"skipped":0,"pct":92.59},"functions":{"total":8,"covered":7,"skipped":0,"pct":87.5},"statements":{"total":29,"covered":27,"skipped":0,"pct":93.1},"branches":{"total":20,"covered":14,"skipped":0,"pct":70}}
,"C:\\Users\\david\\OneDrive\\Documents\\GitHub\\In4matx-43-Project\\scenecheck-expo\\components\\ChangePasswordSheet.tsx": {"lines":{"total":30,"covered":26,"skipped":0,"pct":86.66},"functions":{"total":7,"covered":6,"skipped":0,"pct":85.71},"statements":{"total":31,"covered":27,"skipped":0,"pct":87.09},"branches":{"total":18,"covered":13,"skipped":0,"pct":72.22}}
,"C:\\Users\\david\\OneDrive\\Documents\\GitHub\\In4matx-43-Project\\scenecheck-expo\\components\\ConfirmDialog.tsx": {"lines":{"total":19,"covered":0,"skipped":0,"pct":0},"functions":{"total":8,"covered":0,"skipped":0,"pct":0},"statements":{"total":22,"covered":0,"skipped":0,"pct":0},"branches":{"total":20,"covered":0,"skipped":0,"pct":0}}
,"C:\\Users\\david\\OneDrive\\Documents\\GitHub\\In4matx-43-Project\\scenecheck-expo\\components\\ConfirmDialog.web.tsx": {"lines":{"total":20,"covered":0,"skipped":0,"pct":0},"functions":{"total":9,"covered":0,"skipped":0,"pct":0},"statements":{"total":29,"covered":0,"skipped":0,"pct":0},"branches":{"total":20,"covered":0,"skipped":0,"pct":0}}
,"C:\\Users\\david\\OneDrive\\Documents\\GitHub\\In4matx-43-Project\\scenecheck-expo\\components\\ConflictChip.tsx": {"lines":{"total":10,"covered":10,"skipped":0,"pct":100},"functions":{"total":3,"covered":3,"skipped":0,"pct":100},"statements":{"total":15,"covered":15,"skipped":0,"pct":100},"branches":{"total":18,"covered":17,"skipped":0,"pct":94.44}}
,"C:\\Users\\david\\OneDrive\\Documents\\GitHub\\In4matx-43-Project\\scenecheck-expo\\components\\EditEventSheet.tsx": {"lines":{"total":69,"covered":49,"skipped":0,"pct":71.01},"functions":{"total":22,"covered":16,"skipped":0,"pct":72.72},"statements":{"total":76,"covered":53,"skipped":0,"pct":69.73},"branches":{"total":62,"covered":28,"skipped":0,"pct":45.16}}
,"C:\\Users\\david\\OneDrive\\Documents\\GitHub\\In4matx-43-Project\\scenecheck-expo\\components\\EditProfileSheet.tsx": {"lines":{"total":54,"covered":44,"skipped":0,"pct":81.48},"functions":{"total":11,"covered":9,"skipped":0,"pct":81.81},"statements":{"total":60,"covered":49,"skipped":0,"pct":81.66},"branches":{"total":47,"covered":27,"skipped":0,"pct":57.44}}
,"C:\\Users\\david\\OneDrive\\Documents\\GitHub\\In4matx-43-Project\\scenecheck-expo\\components\\EditProfileSheet.web.tsx": {"lines":{"total":53,"covered":0,"skipped":0,"pct":0},"functions":{"total":13,"covered":0,"skipped":0,"pct":0},"statements":{"total":70,"covered":0,"skipped":0,"pct":0},"branches":{"total":51,"covered":0,"skipped":0,"pct":0}}
,"C:\\Users\\david\\OneDrive\\Documents\\GitHub\\In4matx-43-Project\\scenecheck-expo\\components\\LegendDot.tsx": {"lines":{"total":1,"covered":1,"skipped":0,"pct":100},"functions":{"total":1,"covered":1,"skipped":0,"pct":100},"statements":{"total":1,"covered":1,"skipped":0,"pct":100},"branches":{"total":0,"covered":0,"skipped":0,"pct":100}}
,"C:\\Users\\david\\OneDrive\\Documents\\GitHub\\In4matx-43-Project\\scenecheck-expo\\components\\LocationPickerSheet.tsx": {"lines":{"total":69,"covered":33,"skipped":0,"pct":47.82},"functions":{"total":19,"covered":6,"skipped":0,"pct":31.57},"statements":{"total":83,"covered":36,"skipped":0,"pct":43.37},"branches":{"total":45,"covered":15,"skipped":0,"pct":33.33}}
,"C:\\Users\\david\\OneDrive\\Documents\\GitHub\\In4matx-43-Project\\scenecheck-expo\\components\\MapPreview.tsx": {"lines":{"total":6,"covered":6,"skipped":0,"pct":100},"functions":{"total":3,"covered":3,"skipped":0,"pct":100},"statements":{"total":7,"covered":7,"skipped":0,"pct":100},"branches":{"total":6,"covered":4,"skipped":0,"pct":66.66}}
,"C:\\Users\\david\\OneDrive\\Documents\\GitHub\\In4matx-43-Project\\scenecheck-expo\\components\\RateEventSheet.tsx": {"lines":{"total":28,"covered":13,"skipped":0,"pct":46.42},"functions":{"total":10,"covered":4,"skipped":0,"pct":40},"statements":{"total":32,"covered":14,"skipped":0,"pct":43.75},"branches":{"total":26,"covered":9,"skipped":0,"pct":34.61}}
,"C:\\Users\\david\\OneDrive\\Documents\\GitHub\\In4matx-43-Project\\scenecheck-expo\\components\\SCAddButton.tsx": {"lines":{"total":10,"covered":10,"skipped":0,"pct":100},"functions":{"total":4,"covered":4,"skipped":0,"pct":100},"statements":{"total":10,"covered":10,"skipped":0,"pct":100},"branches":{"total":20,"covered":18,"skipped":0,"pct":90}}
,"C:\\Users\\david\\OneDrive\\Documents\\GitHub\\In4matx-43-Project\\scenecheck-expo\\components\\SCAvatar.tsx": {"lines":{"total":8,"covered":8,"skipped":0,"pct":100},"functions":{"total":2,"covered":2,"skipped":0,"pct":100},"statements":{"total":9,"covered":9,"skipped":0,"pct":100},"branches":{"total":27,"covered":24,"skipped":0,"pct":88.88}}
,"C:\\Users\\david\\OneDrive\\Documents\\GitHub\\In4matx-43-Project\\scenecheck-expo\\components\\SCCard.tsx": {"lines":{"total":6,"covered":4,"skipped":0,"pct":66.66},"functions":{"total":2,"covered":1,"skipped":0,"pct":50},"statements":{"total":6,"covered":4,"skipped":0,"pct":66.66},"branches":{"total":4,"covered":1,"skipped":0,"pct":25}}
,"C:\\Users\\david\\OneDrive\\Documents\\GitHub\\In4matx-43-Project\\scenecheck-expo\\components\\SCDatePicker.tsx": {"lines":{"total":57,"covered":46,"skipped":0,"pct":80.7},"functions":{"total":23,"covered":15,"skipped":0,"pct":65.21},"statements":{"total":71,"covered":54,"skipped":0,"pct":76.05},"branches":{"total":80,"covered":58,"skipped":0,"pct":72.5}}
,"C:\\Users\\david\\OneDrive\\Documents\\GitHub\\In4matx-43-Project\\scenecheck-expo\\components\\SCEmptyState.tsx": {"lines":{"total":2,"covered":2,"skipped":0,"pct":100},"functions":{"total":1,"covered":1,"skipped":0,"pct":100},"statements":{"total":2,"covered":2,"skipped":0,"pct":100},"branches":{"total":5,"covered":5,"skipped":0,"pct":100}}
,"C:\\Users\\david\\OneDrive\\Documents\\GitHub\\In4matx-43-Project\\scenecheck-expo\\components\\SCEventCard.tsx": {"lines":{"total":14,"covered":11,"skipped":0,"pct":78.57},"functions":{"total":4,"covered":4,"skipped":0,"pct":100},"statements":{"total":15,"covered":12,"skipped":0,"pct":80},"branches":{"total":18,"covered":12,"skipped":0,"pct":66.66}}
,"C:\\Users\\david\\OneDrive\\Documents\\GitHub\\In4matx-43-Project\\scenecheck-expo\\components\\SCIcon.tsx": {"lines":{"total":43,"covered":35,"skipped":0,"pct":81.39},"functions":{"total":1,"covered":1,"skipped":0,"pct":100},"statements":{"total":43,"covered":35,"skipped":0,"pct":81.39},"branches":{"total":43,"covered":33,"skipped":0,"pct":76.74}}
,"C:\\Users\\david\\OneDrive\\Documents\\GitHub\\In4matx-43-Project\\scenecheck-expo\\components\\SCPersonRow.tsx": {"lines":{"total":9,"covered":8,"skipped":0,"pct":88.88},"functions":{"total":4,"covered":4,"skipped":0,"pct":100},"statements":{"total":11,"covered":10,"skipped":0,"pct":90.9},"branches":{"total":16,"covered":7,"skipped":0,"pct":43.75}}
,"C:\\Users\\david\\OneDrive\\Documents\\GitHub\\In4matx-43-Project\\scenecheck-expo\\components\\SCSection.tsx": {"lines":{"total":1,"covered":1,"skipped":0,"pct":100},"functions":{"total":1,"covered":1,"skipped":0,"pct":100},"statements":{"total":1,"covered":1,"skipped":0,"pct":100},"branches":{"total":1,"covered":1,"skipped":0,"pct":100}}
,"C:\\Users\\david\\OneDrive\\Documents\\GitHub\\In4matx-43-Project\\scenecheck-expo\\components\\SCSkeleton.tsx": {"lines":{"total":17,"covered":13,"skipped":0,"pct":76.47},"functions":{"total":10,"covered":8,"skipped":0,"pct":80},"statements":{"total":18,"covered":14,"skipped":0,"pct":77.77},"branches":{"total":8,"covered":3,"skipped":0,"pct":37.5}}
,"C:\\Users\\david\\OneDrive\\Documents\\GitHub\\In4matx-43-Project\\scenecheck-expo\\components\\SCTag.tsx": {"lines":{"total":11,"covered":11,"skipped":0,"pct":100},"functions":{"total":2,"covered":2,"skipped":0,"pct":100},"statements":{"total":11,"covered":11,"skipped":0,"pct":100},"branches":{"total":8,"covered":5,"skipped":0,"pct":62.5}}
,"C:\\Users\\david\\OneDrive\\Documents\\GitHub\\In4matx-43-Project\\scenecheck-expo\\components\\SCText.tsx": {"lines":{"total":5,"covered":5,"skipped":0,"pct":100},"functions":{"total":1,"covered":1,"skipped":0,"pct":100},"statements":{"total":5,"covered":5,"skipped":0,"pct":100},"branches":{"total":9,"covered":9,"skipped":0,"pct":100}}
,"C:\\Users\\david\\OneDrive\\Documents\\GitHub\\In4matx-43-Project\\scenecheck-expo\\components\\SCTimePicker.tsx": {"lines":{"total":55,"covered":36,"skipped":0,"pct":65.45},"functions":{"total":21,"covered":14,"skipped":0,"pct":66.66},"statements":{"total":59,"covered":38,"skipped":0,"pct":64.4},"branches":{"total":26,"covered":17,"skipped":0,"pct":65.38}}
,"C:\\Users\\david\\OneDrive\\Documents\\GitHub\\In4matx-43-Project\\scenecheck-expo\\components\\SCTopBar.tsx": {"lines":{"total":3,"covered":3,"skipped":0,"pct":100},"functions":{"total":2,"covered":2,"skipped":0,"pct":100},"statements":{"total":3,"covered":3,"skipped":0,"pct":100},"branches":{"total":8,"covered":7,"skipped":0,"pct":87.5}}
,"C:\\Users\\david\\OneDrive\\Documents\\GitHub\\In4matx-43-Project\\scenecheck-expo\\components\\Screen.tsx": {"lines":{"total":24,"covered":24,"skipped":0,"pct":100},"functions":{"total":7,"covered":7,"skipped":0,"pct":100},"statements":{"total":27,"covered":26,"skipped":0,"pct":96.29},"branches":{"total":25,"covered":22,"skipped":0,"pct":88}}
,"C:\\Users\\david\\OneDrive\\Documents\\GitHub\\In4matx-43-Project\\scenecheck-expo\\components\\ShareEventSheet.tsx": {"lines":{"total":37,"covered":34,"skipped":0,"pct":91.89},"functions":{"total":15,"covered":12,"skipped":0,"pct":80},"statements":{"total":44,"covered":39,"skipped":0,"pct":88.63},"branches":{"total":49,"covered":38,"skipped":0,"pct":77.55}}
,"C:\\Users\\david\\OneDrive\\Documents\\GitHub\\In4matx-43-Project\\scenecheck-expo\\components\\ToastHost.tsx": {"lines":{"total":11,"covered":0,"skipped":0,"pct":0},"functions":{"total":7,"covered":0,"skipped":0,"pct":0},"statements":{"total":15,"covered":0,"skipped":0,"pct":0},"branches":{"total":10,"covered":0,"skipped":0,"pct":0}}
,"C:\\Users\\david\\OneDrive\\Documents\\GitHub\\In4matx-43-Project\\scenecheck-expo\\components\\external-link.tsx": {"lines":{"total":4,"covered":0,"skipped":0,"pct":0},"functions":{"total":2,"covered":0,"skipped":0,"pct":0},"statements":{"total":4,"covered":0,"skipped":0,"pct":0},"branches":{"total":2,"covered":0,"skipped":0,"pct":0}}
,"C:\\Users\\david\\OneDrive\\Documents\\GitHub\\In4matx-43-Project\\scenecheck-expo\\components\\haptic-tab.tsx": {"lines":{"total":4,"covered":0,"skipped":0,"pct":0},"functions":{"total":2,"covered":0,"skipped":0,"pct":0},"statements":{"total":4,"covered":0,"skipped":0,"pct":0},"branches":{"total":2,"covered":0,"skipped":0,"pct":0}}
,"C:\\Users\\david\\OneDrive\\Documents\\GitHub\\In4matx-43-Project\\scenecheck-expo\\components\\hello-wave.tsx": {"lines":{"total":1,"covered":0,"skipped":0,"pct":0},"functions":{"total":1,"covered":0,"skipped":0,"pct":0},"statements":{"total":1,"covered":0,"skipped":0,"pct":0},"branches":{"total":0,"covered":0,"skipped":0,"pct":100}}
,"C:\\Users\\david\\OneDrive\\Documents\\GitHub\\In4matx-43-Project\\scenecheck-expo\\components\\Map\\Map.native.tsx": {"lines":{"total":68,"covered":19,"skipped":0,"pct":27.94},"functions":{"total":17,"covered":7,"skipped":0,"pct":41.17},"statements":{"total":75,"covered":22,"skipped":0,"pct":29.33},"branches":{"total":61,"covered":22,"skipped":0,"pct":36.06}}
,"C:\\Users\\david\\OneDrive\\Documents\\GitHub\\In4matx-43-Project\\scenecheck-expo\\components\\Map\\Map.tsx": {"lines":{"total":1,"covered":0,"skipped":0,"pct":0},"functions":{"total":1,"covered":0,"skipped":0,"pct":0},"statements":{"total":1,"covered":0,"skipped":0,"pct":0},"branches":{"total":0,"covered":0,"skipped":0,"pct":100}}
,"C:\\Users\\david\\OneDrive\\Documents\\GitHub\\In4matx-43-Project\\scenecheck-expo\\components\\Map\\Map.web.impl.tsx": {"lines":{"total":17,"covered":0,"skipped":0,"pct":0},"functions":{"total":7,"covered":0,"skipped":0,"pct":0},"statements":{"total":17,"covered":0,"skipped":0,"pct":0},"branches":{"total":24,"covered":0,"skipped":0,"pct":0}}
,"C:\\Users\\david\\OneDrive\\Documents\\GitHub\\In4matx-43-Project\\scenecheck-expo\\components\\Map\\index.ts": {"lines":{"total":0,"covered":0,"skipped":0,"pct":0},"functions":{"total":0,"covered":0,"skipped":0,"pct":0},"statements":{"total":0,"covered":0,"skipped":0,"pct":0},"branches":{"total":0,"covered":0,"skipped":0,"pct":0}}
,"C:\\Users\\david\\OneDrive\\Documents\\GitHub\\In4matx-43-Project\\scenecheck-expo\\components\\Map\\types.ts": {"lines":{"total":10,"covered":9,"skipped":0,"pct":90},"functions":{"total":2,"covered":2,"skipped":0,"pct":100},"statements":{"total":10,"covered":9,"skipped":0,"pct":90},"branches":{"total":9,"covered":6,"skipped":0,"pct":66.66}}
,"C:\\Users\\david\\OneDrive\\Documents\\GitHub\\In4matx-43-Project\\scenecheck-expo\\components\\ui\\icon-symbol.ios.tsx": {"lines":{"total":1,"covered":0,"skipped":0,"pct":0},"functions":{"total":1,"covered":0,"skipped":0,"pct":0},"statements":{"total":1,"covered":0,"skipped":0,"pct":0},"branches":{"total":2,"covered":0,"skipped":0,"pct":0}}
,"C:\\Users\\david\\OneDrive\\Documents\\GitHub\\In4matx-43-Project\\scenecheck-expo\\components\\ui\\icon-symbol.tsx": {"lines":{"total":2,"covered":0,"skipped":0,"pct":0},"functions":{"total":1,"covered":0,"skipped":0,"pct":0},"statements":{"total":2,"covered":0,"skipped":0,"pct":0},"branches":{"total":1,"covered":0,"skipped":0,"pct":0}}
,"C:\\Users\\david\\OneDrive\\Documents\\GitHub\\In4matx-43-Project\\scenecheck-expo\\hooks\\use-color-scheme.ts": {"lines":{"total":0,"covered":0,"skipped":0,"pct":0},"functions":{"total":0,"covered":0,"skipped":0,"pct":0},"statements":{"total":0,"covered":0,"skipped":0,"pct":0},"branches":{"total":0,"covered":0,"skipped":0,"pct":0}}
,"C:\\Users\\david\\OneDrive\\Documents\\GitHub\\In4matx-43-Project\\scenecheck-expo\\hooks\\use-color-scheme.web.ts": {"lines":{"total":7,"covered":0,"skipped":0,"pct":0},"functions":{"total":2,"covered":0,"skipped":0,"pct":0},"statements":{"total":7,"covered":0,"skipped":0,"pct":0},"branches":{"total":2,"covered":0,"skipped":0,"pct":0}}
,"C:\\Users\\david\\OneDrive\\Documents\\GitHub\\In4matx-43-Project\\scenecheck-expo\\hooks\\useAttendees.ts": {"lines":{"total":25,"covered":20,"skipped":0,"pct":80},"functions":{"total":9,"covered":6,"skipped":0,"pct":66.66},"statements":{"total":31,"covered":22,"skipped":0,"pct":70.96},"branches":{"total":14,"covered":6,"skipped":0,"pct":42.85}}
,"C:\\Users\\david\\OneDrive\\Documents\\GitHub\\In4matx-43-Project\\scenecheck-expo\\hooks\\useChatMessages.ts": {"lines":{"total":82,"covered":30,"skipped":0,"pct":36.58},"functions":{"total":41,"covered":10,"skipped":0,"pct":24.39},"statements":{"total":114,"covered":38,"skipped":0,"pct":33.33},"branches":{"total":79,"covered":17,"skipped":0,"pct":21.51}}
,"C:\\Users\\david\\OneDrive\\Documents\\GitHub\\In4matx-43-Project\\scenecheck-expo\\hooks\\useChats.ts": {"lines":{"total":23,"covered":13,"skipped":0,"pct":56.52},"functions":{"total":9,"covered":4,"skipped":0,"pct":44.44},"statements":{"total":30,"covered":15,"skipped":0,"pct":50},"branches":{"total":10,"covered":2,"skipped":0,"pct":20}}
,"C:\\Users\\david\\OneDrive\\Documents\\GitHub\\In4matx-43-Project\\scenecheck-expo\\hooks\\useDateCityLabel.ts": {"lines":{"total":18,"covered":15,"skipped":0,"pct":83.33},"functions":{"total":4,"covered":4,"skipped":0,"pct":100},"statements":{"total":21,"covered":17,"skipped":0,"pct":80.95},"branches":{"total":15,"covered":7,"skipped":0,"pct":46.66}}
,"C:\\Users\\david\\OneDrive\\Documents\\GitHub\\In4matx-43-Project\\scenecheck-expo\\hooks\\useEvent.ts": {"lines":{"total":25,"covered":20,"skipped":0,"pct":80},"functions":{"total":9,"covered":8,"skipped":0,"pct":88.88},"statements":{"total":31,"covered":24,"skipped":0,"pct":77.41},"branches":{"total":18,"covered":11,"skipped":0,"pct":61.11}}
,"C:\\Users\\david\\OneDrive\\Documents\\GitHub\\In4matx-43-Project\\scenecheck-expo\\hooks\\useEvents.ts": {"lines":{"total":21,"covered":16,"skipped":0,"pct":76.19},"functions":{"total":9,"covered":6,"skipped":0,"pct":66.66},"statements":{"total":28,"covered":20,"skipped":0,"pct":71.42},"branches":{"total":11,"covered":5,"skipped":0,"pct":45.45}}
,"C:\\Users\\david\\OneDrive\\Documents\\GitHub\\In4matx-43-Project\\scenecheck-expo\\hooks\\useFollowedOrgs.ts": {"lines":{"total":28,"covered":18,"skipped":0,"pct":64.28},"functions":{"total":15,"covered":10,"skipped":0,"pct":66.66},"statements":{"total":43,"covered":26,"skipped":0,"pct":60.46},"branches":{"total":14,"covered":3,"skipped":0,"pct":21.42}}
,"C:\\Users\\david\\OneDrive\\Documents\\GitHub\\In4matx-43-Project\\scenecheck-expo\\hooks\\useFriendRequests.ts": {"lines":{"total":34,"covered":18,"skipped":0,"pct":52.94},"functions":{"total":15,"covered":11,"skipped":0,"pct":73.33},"statements":{"total":42,"covered":22,"skipped":0,"pct":52.38},"branches":{"total":10,"covered":2,"skipped":0,"pct":20}}
,"C:\\Users\\david\\OneDrive\\Documents\\GitHub\\In4matx-43-Project\\scenecheck-expo\\hooks\\useFriends.ts": {"lines":{"total":25,"covered":14,"skipped":0,"pct":56},"functions":{"total":12,"covered":7,"skipped":0,"pct":58.33},"statements":{"total":34,"covered":18,"skipped":0,"pct":52.94},"branches":{"total":10,"covered":2,"skipped":0,"pct":20}}
,"C:\\Users\\david\\OneDrive\\Documents\\GitHub\\In4matx-43-Project\\scenecheck-expo\\hooks\\useHostAnalytics.ts": {"lines":{"total":27,"covered":0,"skipped":0,"pct":0},"functions":{"total":8,"covered":0,"skipped":0,"pct":0},"statements":{"total":33,"covered":0,"skipped":0,"pct":0},"branches":{"total":16,"covered":0,"skipped":0,"pct":0}}
,"C:\\Users\\david\\OneDrive\\Documents\\GitHub\\In4matx-43-Project\\scenecheck-expo\\hooks\\useHostedEvents.ts": {"lines":{"total":25,"covered":20,"skipped":0,"pct":80},"functions":{"total":10,"covered":7,"skipped":0,"pct":70},"statements":{"total":32,"covered":23,"skipped":0,"pct":71.87},"branches":{"total":16,"covered":9,"skipped":0,"pct":56.25}}
,"C:\\Users\\david\\OneDrive\\Documents\\GitHub\\In4matx-43-Project\\scenecheck-expo\\hooks\\useImagePicker.ts": {"lines":{"total":23,"covered":21,"skipped":0,"pct":91.3},"functions":{"total":3,"covered":3,"skipped":0,"pct":100},"statements":{"total":24,"covered":22,"skipped":0,"pct":91.66},"branches":{"total":8,"covered":6,"skipped":0,"pct":75}}
,"C:\\Users\\david\\OneDrive\\Documents\\GitHub\\In4matx-43-Project\\scenecheck-expo\\hooks\\useInterest.ts": {"lines":{"total":23,"covered":18,"skipped":0,"pct":78.26},"functions":{"total":7,"covered":6,"skipped":0,"pct":85.71},"statements":{"total":27,"covered":20,"skipped":0,"pct":74.07},"branches":{"total":18,"covered":11,"skipped":0,"pct":61.11}}
,"C:\\Users\\david\\OneDrive\\Documents\\GitHub\\In4matx-43-Project\\scenecheck-expo\\hooks\\useInterests.ts": {"lines":{"total":27,"covered":17,"skipped":0,"pct":62.96},"functions":{"total":11,"covered":6,"skipped":0,"pct":54.54},"statements":{"total":35,"covered":20,"skipped":0,"pct":57.14},"branches":{"total":13,"covered":5,"skipped":0,"pct":38.46}}
,"C:\\Users\\david\\OneDrive\\Documents\\GitHub\\In4matx-43-Project\\scenecheck-expo\\hooks\\useJoinEventHandler.ts": {"lines":{"total":25,"covered":0,"skipped":0,"pct":0},"functions":{"total":10,"covered":0,"skipped":0,"pct":0},"statements":{"total":32,"covered":0,"skipped":0,"pct":0},"branches":{"total":12,"covered":0,"skipped":0,"pct":0}}
,"C:\\Users\\david\\OneDrive\\Documents\\GitHub\\In4matx-43-Project\\scenecheck-expo\\hooks\\useJoinedEvents.ts": {"lines":{"total":21,"covered":14,"skipped":0,"pct":66.66},"functions":{"total":12,"covered":7,"skipped":0,"pct":58.33},"statements":{"total":32,"covered":18,"skipped":0,"pct":56.25},"branches":{"total":10,"covered":2,"skipped":0,"pct":20}}
,"C:\\Users\\david\\OneDrive\\Documents\\GitHub\\In4matx-43-Project\\scenecheck-expo\\hooks\\useKeyboardHeight.ts": {"lines":{"total":8,"covered":8,"skipped":0,"pct":100},"functions":{"total":5,"covered":3,"skipped":0,"pct":60},"statements":{"total":12,"covered":10,"skipped":0,"pct":83.33},"branches":{"total":6,"covered":2,"skipped":0,"pct":33.33}}
,"C:\\Users\\david\\OneDrive\\Documents\\GitHub\\In4matx-43-Project\\scenecheck-expo\\hooks\\useLocation.ts": {"lines":{"total":18,"covered":14,"skipped":0,"pct":77.77},"functions":{"total":3,"covered":3,"skipped":0,"pct":100},"statements":{"total":18,"covered":14,"skipped":0,"pct":77.77},"branches":{"total":4,"covered":2,"skipped":0,"pct":50}}
,"C:\\Users\\david\\OneDrive\\Documents\\GitHub\\In4matx-43-Project\\scenecheck-expo\\hooks\\useNotifications.ts": {"lines":{"total":79,"covered":0,"skipped":0,"pct":0},"functions":{"total":25,"covered":0,"skipped":0,"pct":0},"statements":{"total":102,"covered":0,"skipped":0,"pct":0},"branches":{"total":54,"covered":0,"skipped":0,"pct":0}}
,"C:\\Users\\david\\OneDrive\\Documents\\GitHub\\In4matx-43-Project\\scenecheck-expo\\hooks\\useOptimisticAttendees.ts": {"lines":{"total":10,"covered":0,"skipped":0,"pct":0},"functions":{"total":6,"covered":0,"skipped":0,"pct":0},"statements":{"total":14,"covered":0,"skipped":0,"pct":0},"branches":{"total":10,"covered":0,"skipped":0,"pct":0}}
,"C:\\Users\\david\\OneDrive\\Documents\\GitHub\\In4matx-43-Project\\scenecheck-expo\\hooks\\useOutgoingRequests.ts": {"lines":{"total":30,"covered":16,"skipped":0,"pct":53.33},"functions":{"total":15,"covered":10,"skipped":0,"pct":66.66},"statements":{"total":41,"covered":21,"skipped":0,"pct":51.21},"branches":{"total":10,"covered":2,"skipped":0,"pct":20}}
,"C:\\Users\\david\\OneDrive\\Documents\\GitHub\\In4matx-43-Project\\scenecheck-expo\\hooks\\useProfile.ts": {"lines":{"total":25,"covered":20,"skipped":0,"pct":80},"functions":{"total":9,"covered":6,"skipped":0,"pct":66.66},"statements":{"total":31,"covered":22,"skipped":0,"pct":70.96},"branches":{"total":18,"covered":10,"skipped":0,"pct":55.55}}
,"C:\\Users\\david\\OneDrive\\Documents\\GitHub\\In4matx-43-Project\\scenecheck-expo\\hooks\\useRatings.ts": {"lines":{"total":25,"covered":20,"skipped":0,"pct":80},"functions":{"total":10,"covered":7,"skipped":0,"pct":70},"statements":{"total":32,"covered":23,"skipped":0,"pct":71.87},"branches":{"total":16,"covered":9,"skipped":0,"pct":56.25}}
,"C:\\Users\\david\\OneDrive\\Documents\\GitHub\\In4matx-43-Project\\scenecheck-expo\\hooks\\useSearch.ts": {"lines":{"total":47,"covered":35,"skipped":0,"pct":74.46},"functions":{"total":23,"covered":13,"skipped":0,"pct":56.52},"statements":{"total":67,"covered":41,"skipped":0,"pct":61.19},"branches":{"total":38,"covered":17,"skipped":0,"pct":44.73}}
,"C:\\Users\\david\\OneDrive\\Documents\\GitHub\\In4matx-43-Project\\scenecheck-expo\\hooks\\useUserInterests.ts": {"lines":{"total":16,"covered":10,"skipped":0,"pct":62.5},"functions":{"total":9,"covered":4,"skipped":0,"pct":44.44},"statements":{"total":30,"covered":14,"skipped":0,"pct":46.66},"branches":{"total":18,"covered":8,"skipped":0,"pct":44.44}}
,"C:\\Users\\david\\OneDrive\\Documents\\GitHub\\In4matx-43-Project\\scenecheck-expo\\lib\\api.ts": {"lines":{"total":478,"covered":64,"skipped":0,"pct":13.38},"functions":{"total":106,"covered":49,"skipped":0,"pct":46.22},"statements":{"total":653,"covered":106,"skipped":0,"pct":16.23},"branches":{"total":660,"covered":74,"skipped":0,"pct":11.21}}
,"C:\\Users\\david\\OneDrive\\Documents\\GitHub\\In4matx-43-Project\\scenecheck-expo\\lib\\conflicts.ts": {"lines":{"total":28,"covered":28,"skipped":0,"pct":100},"functions":{"total":4,"covered":4,"skipped":0,"pct":100},"statements":{"total":41,"covered":38,"skipped":0,"pct":92.68},"branches":{"total":38,"covered":35,"skipped":0,"pct":92.1}}
,"C:\\Users\\david\\OneDrive\\Documents\\GitHub\\In4matx-43-Project\\scenecheck-expo\\lib\\date-time.ts": {"lines":{"total":52,"covered":34,"skipped":0,"pct":65.38},"functions":{"total":12,"covered":8,"skipped":0,"pct":66.66},"statements":{"total":62,"covered":40,"skipped":0,"pct":64.51},"branches":{"total":36,"covered":22,"skipped":0,"pct":61.11}}
,"C:\\Users\\david\\OneDrive\\Documents\\GitHub\\In4matx-43-Project\\scenecheck-expo\\lib\\events.ts": {"lines":{"total":8,"covered":8,"skipped":0,"pct":100},"functions":{"total":4,"covered":4,"skipped":0,"pct":100},"statements":{"total":13,"covered":13,"skipped":0,"pct":100},"branches":{"total":10,"covered":10,"skipped":0,"pct":100}}
,"C:\\Users\\david\\OneDrive\\Documents\\GitHub\\In4matx-43-Project\\scenecheck-expo\\lib\\geocode.ts": {"lines":{"total":12,"covered":0,"skipped":0,"pct":0},"functions":{"total":3,"covered":0,"skipped":0,"pct":0},"statements":{"total":12,"covered":0,"skipped":0,"pct":0},"branches":{"total":7,"covered":0,"skipped":0,"pct":0}}
,"C:\\Users\\david\\OneDrive\\Documents\\GitHub\\In4matx-43-Project\\scenecheck-expo\\lib\\google-calendar.ts": {"lines":{"total":63,"covered":10,"skipped":0,"pct":15.87},"functions":{"total":13,"covered":2,"skipped":0,"pct":15.38},"statements":{"total":68,"covered":11,"skipped":0,"pct":16.17},"branches":{"total":54,"covered":15,"skipped":0,"pct":27.77}}
,"C:\\Users\\david\\OneDrive\\Documents\\GitHub\\In4matx-43-Project\\scenecheck-expo\\lib\\notifications.ts": {"lines":{"total":31,"covered":0,"skipped":0,"pct":0},"functions":{"total":5,"covered":0,"skipped":0,"pct":0},"statements":{"total":33,"covered":0,"skipped":0,"pct":0},"branches":{"total":18,"covered":0,"skipped":0,"pct":0}}
,"C:\\Users\\david\\OneDrive\\Documents\\GitHub\\In4matx-43-Project\\scenecheck-expo\\lib\\people.ts": {"lines":{"total":3,"covered":3,"skipped":0,"pct":100},"functions":{"total":2,"covered":2,"skipped":0,"pct":100},"statements":{"total":5,"covered":5,"skipped":0,"pct":100},"branches":{"total":4,"covered":4,"skipped":0,"pct":100}}
,"C:\\Users\\david\\OneDrive\\Documents\\GitHub\\In4matx-43-Project\\scenecheck-expo\\lib\\price.ts": {"lines":{"total":23,"covered":22,"skipped":0,"pct":95.65},"functions":{"total":6,"covered":5,"skipped":0,"pct":83.33},"statements":{"total":29,"covered":28,"skipped":0,"pct":96.55},"branches":{"total":26,"covered":24,"skipped":0,"pct":92.3}}
,"C:\\Users\\david\\OneDrive\\Documents\\GitHub\\In4matx-43-Project\\scenecheck-expo\\lib\\ratings.ts": {"lines":{"total":6,"covered":6,"skipped":0,"pct":100},"functions":{"total":5,"covered":5,"skipped":0,"pct":100},"statements":{"total":10,"covered":10,"skipped":0,"pct":100},"branches":{"total":6,"covered":6,"skipped":0,"pct":100}}
,"C:\\Users\\david\\OneDrive\\Documents\\GitHub\\In4matx-43-Project\\scenecheck-expo\\lib\\storage.ts": {"lines":{"total":8,"covered":2,"skipped":0,"pct":25},"functions":{"total":3,"covered":0,"skipped":0,"pct":0},"statements":{"total":11,"covered":2,"skipped":0,"pct":18.18},"branches":{"total":8,"covered":1,"skipped":0,"pct":12.5}}
,"C:\\Users\\david\\OneDrive\\Documents\\GitHub\\In4matx-43-Project\\scenecheck-expo\\lib\\supabase.ts": {"lines":{"total":7,"covered":7,"skipped":0,"pct":100},"functions":{"total":2,"covered":2,"skipped":0,"pct":100},"statements":{"total":7,"covered":7,"skipped":0,"pct":100},"branches":{"total":11,"covered":6,"skipped":0,"pct":54.54}}
,"C:\\Users\\david\\OneDrive\\Documents\\GitHub\\In4matx-43-Project\\scenecheck-expo\\lib\\units.ts": {"lines":{"total":1,"covered":1,"skipped":0,"pct":100},"functions":{"total":0,"covered":0,"skipped":0,"pct":100},"statements":{"total":1,"covered":1,"skipped":0,"pct":100},"branches":{"total":0,"covered":0,"skipped":0,"pct":100}}
,"C:\\Users\\david\\OneDrive\\Documents\\GitHub\\In4matx-43-Project\\scenecheck-expo\\store\\useStore.ts": {"lines":{"total":113,"covered":97,"skipped":0,"pct":85.84},"functions":{"total":78,"covered":63,"skipped":0,"pct":80.76},"statements":{"total":141,"covered":120,"skipped":0,"pct":85.1},"branches":{"total":54,"covered":28,"skipped":0,"pct":51.85}}
,"C:\\Users\\david\\OneDrive\\Documents\\GitHub\\In4matx-43-Project\\scenecheck-expo\\theme\\tokens.ts": {"lines":{"total":6,"covered":6,"skipped":0,"pct":100},"functions":{"total":1,"covered":1,"skipped":0,"pct":100},"statements":{"total":6,"covered":6,"skipped":0,"pct":100},"branches":{"total":0,"covered":0,"skipped":0,"pct":100}}
}
