TN:
SF:components\AuthBootstrap.tsx
FN:45,AuthBootstrap
FN:46,(anonymous_1)
FN:47,(anonymous_2)
FN:49,(anonymous_3)
FN:61,hydrate
FN:119,(anonymous_5)
FN:120,(anonymous_6)
FN:135,(anonymous_7)
FN:135,(anonymous_8)
FN:161,(anonymous_9)
FN:188,(anonymous_10)
FN:231,(anonymous_11)
FN:231,(anonymous_12)
FN:235,reset
FN:257,(anonymous_14)
FN:266,(anonymous_15)
FN:271,(anonymous_16)
FN:287,(anonymous_17)
FN:302,(anonymous_18)
FNF:19
FNH:0
FNDA:0,AuthBootstrap
FNDA:0,(anonymous_1)
FNDA:0,(anonymous_2)
FNDA:0,(anonymous_3)
FNDA:0,hydrate
FNDA:0,(anonymous_5)
FNDA:0,(anonymous_6)
FNDA:0,(anonymous_7)
FNDA:0,(anonymous_8)
FNDA:0,(anonymous_9)
FNDA:0,(anonymous_10)
FNDA:0,(anonymous_11)
FNDA:0,(anonymous_12)
FNDA:0,reset
FNDA:0,(anonymous_14)
FNDA:0,(anonymous_15)
FNDA:0,(anonymous_16)
FNDA:0,(anonymous_17)
FNDA:0,(anonymous_18)
DA:46,0
DA:47,0
DA:49,0
DA:50,0
DA:52,0
DA:68,0
DA:69,0
DA:79,0
DA:115,0
DA:118,0
DA:119,0
DA:120,0
DA:129,0
DA:130,0
DA:138,0
DA:139,0
DA:153,0
DA:160,0
DA:161,0
DA:168,0
DA:169,0
DA:170,0
DA:171,0
DA:172,0
DA:173,0
DA:174,0
DA:175,0
DA:179,0
DA:183,0
DA:187,0
DA:188,0
DA:204,0
DA:205,0
DA:206,0
DA:210,0
DA:227,0
DA:228,0
DA:236,0
DA:237,0
DA:257,0
DA:258,0
DA:266,0
DA:267,0
DA:271,0
DA:272,0
DA:273,0
DA:274,0
DA:275,0
DA:276,0
DA:278,0
DA:282,0
DA:287,0
DA:288,0
DA:289,0
DA:290,0
DA:291,0
DA:292,0
DA:295,0
DA:296,0
DA:297,0
DA:298,0
DA:302,0
DA:303,0
DA:304,0
DA:308,0
LF:65
LH:0
BRDA:50,0,0,0
BRDA:50,0,1,0
BRDA:68,1,0,0
BRDA:68,1,1,0
BRDA:115,2,0,0
BRDA:115,2,1,0
BRDA:118,3,0,0
BRDA:118,3,1,0
BRDA:129,4,0,0
BRDA:129,4,1,0
BRDA:132,5,0,0
BRDA:132,5,1,0
BRDA:141,6,0,0
BRDA:141,6,1,0
BRDA:146,7,0,0
BRDA:146,7,1,0
BRDA:146,7,2,0
BRDA:146,7,3,0
BRDA:147,8,0,0
BRDA:147,8,1,0
BRDA:147,8,2,0
BRDA:148,9,0,0
BRDA:148,9,1,0
BRDA:150,10,0,0
BRDA:150,10,1,0
BRDA:151,11,0,0
BRDA:151,11,1,0
BRDA:161,12,0,0
BRDA:161,12,1,0
BRDA:171,13,0,0
BRDA:171,13,1,0
BRDA:172,14,0,0
BRDA:172,14,1,0
BRDA:173,15,0,0
BRDA:173,15,1,0
BRDA:174,16,0,0
BRDA:174,16,1,0
BRDA:175,17,0,0
BRDA:175,17,1,0
BRDA:179,18,0,0
BRDA:179,18,1,0
BRDA:188,19,0,0
BRDA:188,19,1,0
BRDA:205,20,0,0
BRDA:205,20,1,0
BRDA:206,21,0,0
BRDA:206,21,1,0
BRDA:208,22,0,0
BRDA:208,22,1,0
BRDA:227,23,0,0
BRDA:227,23,1,0
BRDA:258,24,0,0
BRDA:258,24,1,0
BRDA:273,25,0,0
BRDA:273,25,1,0
BRDA:275,26,0,0
BRDA:275,26,1,0
BRDA:276,27,0,0
BRDA:276,27,1,0
BRDA:288,28,0,0
BRDA:288,28,1,0
BRDA:288,29,0,0
BRDA:288,29,1,0
BRDA:288,29,2,0
BRDA:289,30,0,0
BRDA:289,30,1,0
BRDA:291,31,0,0
BRDA:291,31,1,0
BRDA:292,32,0,0
BRDA:292,32,1,0
BRDA:295,33,0,0
BRDA:295,33,1,0
BRF:72
BRH:0
end_of_record
TN:
SF:components\AuthGate.tsx
FN:24,AuthGate
FN:25,(anonymous_1)
FN:26,(anonymous_2)
FN:27,(anonymous_3)
FNF:4
FNH:4
FNDA:3,AuthGate
FNDA:9,(anonymous_1)
FNDA:9,(anonymous_2)
FNDA:9,(anonymous_3)
DA:25,9
DA:26,9
DA:27,9
DA:32,3
DA:39,1
DA:41,1
DA:42,1
DA:48,0
DA:49,0
DA:52,0
LF:10
LH:7
BRDA:32,0,0,2
BRDA:32,0,1,1
BRDA:39,1,0,0
BRDA:39,1,1,1
BRDA:41,2,0,1
BRDA:41,2,1,0
BRDA:48,3,0,0
BRDA:48,3,1,0
BRF:8
BRH:4
end_of_record
TN:
SF:components\ChangeEmailSheet.tsx
FN:27,ChangeEmailSheet
FN:29,(anonymous_1)
FN:30,(anonymous_2)
FN:35,(anonymous_3)
FN:42,(anonymous_4)
FN:76,(anonymous_5)
FN:134,(anonymous_6)
FN:145,(anonymous_7)
FNF:8
FNH:7
FNDA:32,ChangeEmailSheet
FNDA:107,(anonymous_1)
FNDA:107,(anonymous_2)
FNDA:15,(anonymous_3)
FNDA:3,(anonymous_4)
FNDA:0,(anonymous_5)
FNDA:7,(anonymous_6)
FNDA:7,(anonymous_7)
DA:28,32
DA:29,107
DA:30,107
DA:32,32
DA:33,32
DA:35,32
DA:36,15
DA:37,4
DA:38,4
DA:42,32
DA:43,3
DA:44,3
DA:45,1
DA:46,1
DA:48,2
DA:49,1
DA:50,1
DA:52,1
DA:53,1
DA:54,1
DA:55,1
DA:59,1
DA:61,0
DA:65,0
DA:69,32
DA:134,7
DA:145,7
LF:27
LH:25
BRDA:29,0,0,107
BRDA:29,0,1,0
BRDA:36,1,0,4
BRDA:36,1,1,11
BRDA:44,2,0,1
BRDA:44,2,1,2
BRDA:48,3,0,1
BRDA:48,3,1,1
BRDA:62,4,0,0
BRDA:62,4,1,0
BRDA:96,5,0,32
BRDA:96,5,1,0
BRDA:138,6,0,7
BRDA:138,6,1,0
BRDA:149,7,0,1
BRDA:149,7,1,6
BRDA:150,8,0,7
BRDA:150,8,1,0
BRDA:153,9,0,1
BRDA:153,9,1,31
BRF:20
BRH:14
end_of_record
TN:
SF:components\ChangePasswordSheet.tsx
FN:22,ChangePasswordSheet
FN:24,(anonymous_1)
FN:30,(anonymous_2)
FN:38,(anonymous_3)
FN:72,(anonymous_4)
FN:136,(anonymous_5)
FN:147,(anonymous_6)
FNF:7
FNH:6
FNDA:34,ChangePasswordSheet
FNDA:113,(anonymous_1)
FNDA:15,(anonymous_2)
FNDA:3,(anonymous_3)
FNDA:0,(anonymous_4)
FNDA:9,(anonymous_5)
FNDA:9,(anonymous_6)
DA:23,34
DA:24,113
DA:26,34
DA:27,34
DA:28,34
DA:30,34
DA:31,15
DA:32,4
DA:33,4
DA:34,4
DA:38,34
DA:39,3
DA:40,1
DA:41,1
DA:43,2
DA:44,0
DA:45,0
DA:47,2
DA:48,1
DA:49,1
DA:51,1
DA:52,1
DA:53,1
DA:54,1
DA:55,1
DA:57,0
DA:61,0
DA:65,34
DA:136,9
DA:147,9
LF:30
LH:26
BRDA:31,0,0,4
BRDA:31,0,1,11
BRDA:39,1,0,1
BRDA:39,1,1,2
BRDA:43,2,0,0
BRDA:43,2,1,2
BRDA:47,3,0,1
BRDA:47,3,1,1
BRDA:58,4,0,0
BRDA:58,4,1,0
BRDA:140,5,0,9
BRDA:140,5,1,0
BRDA:151,6,0,1
BRDA:151,6,1,8
BRDA:152,7,0,9
BRDA:152,7,1,0
BRDA:155,8,0,1
BRDA:155,8,1,33
BRF:18
BRH:13
end_of_record
TN:
SF:components\ConfirmDialog.tsx
FN:11,ConfirmDialog
FN:13,(anonymous_1)
FN:14,(anonymous_2)
FN:24,(anonymous_3)
FN:29,(anonymous_4)
FN:43,(anonymous_5)
FN:62,(anonymous_6)
FN:74,(anonymous_7)
FNF:8
FNH:0
FNDA:0,ConfirmDialog
FNDA:0,(anonymous_1)
FNDA:0,(anonymous_2)
FNDA:0,(anonymous_3)
FNDA:0,(anonymous_4)
FNDA:0,(anonymous_5)
FNDA:0,(anonymous_6)
FNDA:0,(anonymous_7)
DA:12,0
DA:13,0
DA:14,0
DA:15,0
DA:17,0
DA:18,0
DA:19,0
DA:20,0
DA:21,0
DA:22,0
DA:24,0
DA:25,0
DA:26,0
DA:29,0
DA:30,0
DA:31,0
DA:34,0
DA:62,0
DA:74,0
LF:19
LH:0
BRDA:15,0,0,0
BRDA:15,0,1,0
BRDA:18,1,0,0
BRDA:18,1,1,0
BRDA:19,2,0,0
BRDA:19,2,1,0
BRDA:20,3,0,0
BRDA:20,3,1,0
BRDA:21,4,0,0
BRDA:21,4,1,0
BRDA:22,5,0,0
BRDA:22,5,1,0
BRDA:66,6,0,0
BRDA:66,6,1,0
BRDA:69,7,0,0
BRDA:69,7,1,0
BRDA:78,8,0,0
BRDA:78,8,1,0
BRDA:81,9,0,0
BRDA:81,9,1,0
BRF:20
BRH:0
end_of_record
TN:
SF:components\ConfirmDialog.web.tsx
FN:13,ConfirmDialog
FN:15,(anonymous_1)
FN:16,(anonymous_2)
FN:18,(anonymous_3)
FN:25,(anonymous_4)
FN:27,(anonymous_5)
FN:29,(anonymous_6)
FN:41,(anonymous_7)
FN:56,(anonymous_8)
FNF:9
FNH:0
FNDA:0,ConfirmDialog
FNDA:0,(anonymous_1)
FNDA:0,(anonymous_2)
FNDA:0,(anonymous_3)
FNDA:0,(anonymous_4)
FNDA:0,(anonymous_5)
FNDA:0,(anonymous_6)
FNDA:0,(anonymous_7)
FNDA:0,(anonymous_8)
DA:14,0
DA:15,0
DA:16,0
DA:18,0
DA:19,0
DA:20,0
DA:25,0
DA:26,0
DA:27,0
DA:28,0
DA:29,0
DA:33,0
DA:35,0
DA:36,0
DA:37,0
DA:38,0
DA:39,0
DA:41,0
DA:43,0
DA:56,0
LF:20
LH:0
BRDA:26,0,0,0
BRDA:26,0,1,0
BRDA:27,1,0,0
BRDA:27,1,1,0
BRDA:33,2,0,0
BRDA:33,2,1,0
BRDA:36,3,0,0
BRDA:36,3,1,0
BRDA:37,4,0,0
BRDA:37,4,1,0
BRDA:38,5,0,0
BRDA:38,5,1,0
BRDA:39,6,0,0
BRDA:39,6,1,0
BRDA:69,7,0,0
BRDA:69,7,1,0
BRDA:80,8,0,0
BRDA:80,8,1,0
BRDA:85,9,0,0
BRDA:85,9,1,0
BRF:20
BRH:0
end_of_record
TN:
SF:components\ConflictChip.tsx
FN:25,ConflictChip
FN:27,(anonymous_1)
FN:28,(anonymous_2)
FNF:3
FNH:3
FNDA:224,ConflictChip
FNDA:672,(anonymous_1)
FNDA:672,(anonymous_2)
DA:26,224
DA:27,672
DA:28,672
DA:29,224
DA:30,223
DA:31,222
DA:32,222
DA:33,42
DA:34,42
DA:35,42
LF:10
LH:10
BRDA:29,0,0,1
BRDA:29,0,1,223
BRDA:30,1,0,1
BRDA:30,1,1,222
BRDA:31,2,0,222
BRDA:31,2,1,2
BRDA:32,3,0,180
BRDA:32,3,1,42
BRDA:34,4,0,42
BRDA:34,4,1,0
BRDA:38,5,0,14
BRDA:38,5,1,28
BRDA:38,6,0,14
BRDA:38,6,1,28
BRDA:42,7,0,14
BRDA:42,7,1,28
BRDA:43,8,0,14
BRDA:43,8,1,28
BRF:18
BRH:17
end_of_record
TN:
SF:components\EditEventSheet.tsx
FN:32,EditEventSheet
FN:34,(anonymous_1)
FN:35,(anonymous_2)
FN:58,(anonymous_3)
FN:72,(anonymous_4)
FN:129,(anonymous_5)
FN:218,(anonymous_6)
FN:218,(anonymous_7)
FN:219,(anonymous_8)
FN:227,(anonymous_9)
FN:227,(anonymous_10)
FN:228,(anonymous_11)
FN:243,(anonymous_12)
FN:248,(anonymous_13)
FN:249,(anonymous_14)
FN:303,(anonymous_15)
FN:314,(anonymous_16)
FN:337,deriveInitialPriceMode
FN:349,formatPriceForInput
FN:354,FormField
FN:363,inputStyle
FN:376,stepperBtn
FNF:22
FNH:16
FNDA:29,EditEventSheet
FNDA:99,(anonymous_1)
FNDA:99,(anonymous_2)
FNDA:21,(anonymous_3)
FNDA:2,(anonymous_4)
FNDA:0,(anonymous_5)
FNDA:0,(anonymous_6)
FNDA:0,(anonymous_7)
FNDA:8,(anonymous_8)
FNDA:0,(anonymous_9)
FNDA:0,(anonymous_10)
FNDA:8,(anonymous_11)
FNDA:87,(anonymous_12)
FNDA:0,(anonymous_13)
FNDA:24,(anonymous_14)
FNDA:8,(anonymous_15)
FNDA:8,(anonymous_16)
FNDA:34,deriveInitialPriceMode
FNDA:68,formatPriceForInput
FNDA:48,FormField
FNDA:116,inputStyle
FNDA:16,stepperBtn
DA:33,29
DA:34,99
DA:35,99
DA:37,29
DA:38,29
DA:39,29
DA:40,29
DA:41,29
DA:48,29
DA:51,29
DA:52,29
DA:53,29
DA:58,29
DA:59,21
DA:60,5
DA:61,5
DA:62,5
DA:63,5
DA:64,5
DA:65,5
DA:66,5
DA:67,5
DA:68,5
DA:72,29
DA:80,2
DA:81,2
DA:82,2
DA:83,2
DA:84,0
DA:85,0
DA:86,0
DA:87,0
DA:89,0
DA:90,0
DA:91,0
DA:92,0
DA:93,0
DA:95,0
DA:96,0
DA:97,0
DA:99,2
DA:100,2
DA:101,2
DA:106,2
DA:107,2
DA:108,2
DA:109,2
DA:110,2
DA:112,0
DA:116,0
DA:120,29
DA:218,0
DA:219,8
DA:227,0
DA:228,8
DA:244,87
DA:245,87
DA:248,0
DA:249,24
DA:303,8
DA:314,8
DA:341,34
DA:342,0
DA:343,0
DA:350,68
DA:351,0
DA:355,48
DA:364,116
DA:377,16
LF:69
LH:49
BRDA:40,0,0,29
BRDA:40,0,1,0
BRDA:59,1,0,5
BRDA:59,1,1,16
BRDA:63,2,0,5
BRDA:63,2,1,0
BRDA:80,3,0,2
BRDA:80,3,1,0
BRDA:84,4,0,0
BRDA:84,4,1,0
BRDA:87,5,0,0
BRDA:87,5,1,0
BRDA:90,6,0,0
BRDA:90,6,1,0
BRDA:91,7,0,0
BRDA:91,7,1,0
BRDA:91,8,0,0
BRDA:91,8,1,0
BRDA:91,8,2,0
BRDA:91,8,3,0
BRDA:97,9,0,0
BRDA:97,9,1,0
BRDA:113,10,0,0
BRDA:113,10,1,0
BRDA:219,11,0,8
BRDA:219,11,1,0
BRDA:228,12,0,8
BRDA:228,12,1,0
BRDA:253,13,0,8
BRDA:253,13,1,16
BRDA:254,14,0,8
BRDA:254,14,1,16
BRDA:256,15,0,24
BRDA:256,15,1,0
BRDA:262,16,0,29
BRDA:262,16,1,58
BRDA:264,17,0,29
BRDA:264,17,1,58
BRDA:264,18,0,29
BRDA:264,18,1,29
BRDA:270,19,0,29
BRDA:270,19,1,0
BRDA:307,20,0,8
BRDA:307,20,1,0
BRDA:318,21,0,2
BRDA:318,21,1,6
BRDA:319,22,0,8
BRDA:319,22,1,0
BRDA:322,23,0,3
BRDA:322,23,1,26
BRDA:341,24,0,34
BRDA:341,24,1,0
BRDA:341,25,0,34
BRDA:341,25,1,0
BRDA:342,26,0,0
BRDA:342,26,1,0
BRDA:342,27,0,0
BRDA:342,27,1,0
BRDA:350,28,0,68
BRDA:350,28,1,0
BRDA:351,29,0,0
BRDA:351,29,1,0
BRF:62
BRH:28
end_of_record
TN:
SF:components\EditProfileSheet.tsx
FN:25,EditProfileSheet
FN:27,(anonymous_1)
FN:28,(anonymous_2)
FN:29,(anonymous_3)
FN:45,(anonymous_4)
FN:54,(anonymous_5)
FN:113,(anonymous_6)
FN:177,(anonymous_7)
FN:194,(anonymous_8)
FN:212,(anonymous_9)
FN:223,(anonymous_10)
FNF:11
FNH:9
FNDA:50,EditProfileSheet
FNDA:156,(anonymous_1)
FNDA:156,(anonymous_2)
FNDA:156,(anonymous_3)
FNDA:20,(anonymous_4)
FNDA:3,(anonymous_5)
FNDA:0,(anonymous_6)
FNDA:0,(anonymous_7)
FNDA:1,(anonymous_8)
FNDA:13,(anonymous_9)
FNDA:13,(anonymous_10)
DA:26,50
DA:27,156
DA:28,156
DA:29,156
DA:30,50
DA:31,50
DA:32,50
DA:36,50
DA:38,50
DA:39,50
DA:40,50
DA:41,50
DA:45,50
DA:46,20
DA:47,7
DA:48,7
DA:49,7
DA:50,7
DA:54,50
DA:55,3
DA:56,3
DA:57,1
DA:58,1
DA:60,2
DA:61,2
DA:62,0
DA:63,0
DA:65,2
DA:66,2
DA:67,2
DA:68,2
DA:69,2
DA:70,0
DA:71,0
DA:75,2
DA:76,2
DA:77,2
DA:78,2
DA:79,2
DA:80,2
DA:81,2
DA:82,2
DA:83,2
DA:84,2
DA:88,0
DA:89,0
DA:90,0
DA:91,0
DA:97,0
DA:101,50
DA:177,0
DA:194,1
DA:212,13
DA:223,13
LF:54
LH:44
BRDA:39,0,0,50
BRDA:39,0,1,0
BRDA:40,1,0,50
BRDA:40,1,1,0
BRDA:46,2,0,7
BRDA:46,2,1,13
BRDA:48,3,0,7
BRDA:48,3,1,0
BRDA:49,4,0,7
BRDA:49,4,1,0
BRDA:56,5,0,1
BRDA:56,5,1,2
BRDA:61,6,0,0
BRDA:61,6,1,2
BRDA:67,7,0,2
BRDA:67,7,1,0
BRDA:68,8,0,2
BRDA:68,8,1,0
BRDA:69,9,0,0
BRDA:69,9,1,2
BRDA:69,10,0,2
BRDA:69,10,1,1
BRDA:69,10,2,1
BRDA:76,11,0,1
BRDA:76,11,1,1
BRDA:77,12,0,0
BRDA:77,12,1,2
BRDA:78,13,0,1
BRDA:78,13,1,1
BRDA:89,14,0,0
BRDA:89,14,1,0
BRDA:90,15,0,0
BRDA:90,15,1,0
BRDA:92,16,0,0
BRDA:92,16,1,0
BRDA:94,17,0,0
BRDA:94,17,1,0
BRDA:138,18,0,50
BRDA:138,18,1,0
BRDA:216,19,0,13
BRDA:216,19,1,0
BRDA:227,20,0,4
BRDA:227,20,1,9
BRDA:228,21,0,13
BRDA:228,21,1,0
BRDA:231,22,0,4
BRDA:231,22,1,46
BRF:47
BRH:27
end_of_record
TN:
SF:components\EditProfileSheet.web.tsx
FN:20,EditProfileSheet
FN:22,(anonymous_1)
FN:23,(anonymous_2)
FN:24,(anonymous_3)
FN:32,(anonymous_4)
FN:41,(anonymous_5)
FN:43,(anonymous_6)
FN:45,(anonymous_7)
FN:50,(anonymous_8)
FN:98,(anonymous_9)
FN:122,(anonymous_10)
FN:131,(anonymous_11)
FN:141,(anonymous_12)
FNF:13
FNH:0
FNDA:0,EditProfileSheet
FNDA:0,(anonymous_1)
FNDA:0,(anonymous_2)
FNDA:0,(anonymous_3)
FNDA:0,(anonymous_4)
FNDA:0,(anonymous_5)
FNDA:0,(anonymous_6)
FNDA:0,(anonymous_7)
FNDA:0,(anonymous_8)
FNDA:0,(anonymous_9)
FNDA:0,(anonymous_10)
FNDA:0,(anonymous_11)
FNDA:0,(anonymous_12)
DA:21,0
DA:22,0
DA:23,0
DA:24,0
DA:26,0
DA:27,0
DA:28,0
DA:29,0
DA:32,0
DA:33,0
DA:34,0
DA:35,0
DA:36,0
DA:37,0
DA:41,0
DA:42,0
DA:43,0
DA:44,0
DA:45,0
DA:48,0
DA:50,0
DA:51,0
DA:52,0
DA:53,0
DA:54,0
DA:55,0
DA:56,0
DA:57,0
DA:58,0
DA:59,0
DA:60,0
DA:61,0
DA:62,0
DA:63,0
DA:64,0
DA:65,0
DA:66,0
DA:67,0
DA:68,0
DA:69,0
DA:71,0
DA:72,0
DA:73,0
DA:74,0
DA:78,0
DA:82,0
DA:84,0
DA:86,0
DA:89,0
DA:98,0
DA:122,0
DA:131,0
DA:141,0
LF:53
LH:0
BRDA:27,0,0,0
BRDA:27,0,1,0
BRDA:28,1,0,0
BRDA:28,1,1,0
BRDA:33,2,0,0
BRDA:33,2,1,0
BRDA:35,3,0,0
BRDA:35,3,1,0
BRDA:36,4,0,0
BRDA:36,4,1,0
BRDA:42,5,0,0
BRDA:42,5,1,0
BRDA:43,6,0,0
BRDA:43,6,1,0
BRDA:48,7,0,0
BRDA:48,7,1,0
BRDA:52,8,0,0
BRDA:52,8,1,0
BRDA:54,9,0,0
BRDA:54,9,1,0
BRDA:57,10,0,0
BRDA:57,10,1,0
BRDA:58,11,0,0
BRDA:58,11,1,0
BRDA:59,12,0,0
BRDA:59,12,1,0
BRDA:59,13,0,0
BRDA:59,13,1,0
BRDA:59,13,2,0
BRDA:61,14,0,0
BRDA:61,14,1,0
BRDA:62,15,0,0
BRDA:62,15,1,0
BRDA:63,16,0,0
BRDA:63,16,1,0
BRDA:72,17,0,0
BRDA:72,17,1,0
BRDA:73,18,0,0
BRDA:73,18,1,0
BRDA:75,19,0,0
BRDA:75,19,1,0
BRDA:75,20,0,0
BRDA:75,20,1,0
BRDA:110,21,0,0
BRDA:110,21,1,0
BRDA:153,22,0,0
BRDA:153,22,1,0
BRDA:153,23,0,0
BRDA:153,23,1,0
BRDA:155,24,0,0
BRDA:155,24,1,0
BRF:51
BRH:0
end_of_record
TN:
SF:components\LegendDot.tsx
FN:11,LegendDot
FNF:1
FNH:1
FNDA:208,LegendDot
DA:12,208
LF:1
LH:1
BRF:0
BRH:0
end_of_record
TN:
SF:components\LocationPickerSheet.tsx
FN:43,suggestPlaces
FN:53,(anonymous_1)
FN:58,(anonymous_2)
FN:66,LocationPickerSheet
FN:94,(anonymous_4)
FN:97,(anonymous_5)
FN:106,(anonymous_6)
FN:111,(anonymous_7)
FN:117,(anonymous_8)
FN:121,(anonymous_9)
FN:127,(anonymous_10)
FN:131,(anonymous_11)
FN:165,(anonymous_12)
FN:183,(anonymous_13)
FN:206,(anonymous_14)
FN:209,(anonymous_15)
FN:210,(anonymous_16)
FN:237,(anonymous_17)
FN:266,(anonymous_18)
FNF:19
FNH:6
FNDA:0,suggestPlaces
FNDA:0,(anonymous_1)
FNDA:0,(anonymous_2)
FNDA:40,LocationPickerSheet
FNDA:11,(anonymous_4)
FNDA:2,(anonymous_5)
FNDA:11,(anonymous_6)
FNDA:0,(anonymous_7)
FNDA:0,(anonymous_8)
FNDA:0,(anonymous_9)
FNDA:0,(anonymous_10)
FNDA:0,(anonymous_11)
FNDA:6,(anonymous_12)
FNDA:0,(anonymous_13)
FNDA:0,(anonymous_14)
FNDA:0,(anonymous_15)
FNDA:0,(anonymous_16)
FNDA:0,(anonymous_17)
FNDA:1,(anonymous_18)
DA:36,2
DA:44,0
DA:45,0
DA:46,0
DA:48,0
DA:49,0
DA:50,0
DA:51,0
DA:52,0
DA:53,0
DA:58,0
DA:63,0
DA:67,40
DA:68,40
DA:69,40
DA:70,40
DA:71,40
DA:75,40
DA:76,40
DA:78,40
DA:81,40
DA:84,40
DA:85,40
DA:86,40
DA:87,40
DA:88,40
DA:91,40
DA:94,40
DA:95,11
DA:96,2
DA:97,2
DA:98,2
DA:99,2
DA:100,2
DA:106,40
DA:107,11
DA:108,11
DA:109,11
DA:110,0
DA:111,0
DA:114,0
DA:115,0
DA:117,0
DA:121,40
DA:122,0
DA:123,0
DA:124,0
DA:125,0
DA:126,0
DA:127,0
DA:131,40
DA:132,0
DA:133,0
DA:134,0
DA:135,0
DA:136,0
DA:137,0
DA:138,0
DA:139,0
DA:140,0
DA:143,40
DA:165,6
DA:183,0
DA:207,0
DA:209,0
DA:210,0
DA:237,0
DA:267,1
DA:268,1
LF:69
LH:33
BRDA:51,0,0,0
BRDA:51,0,1,0
BRDA:54,1,0,0
BRDA:54,1,1,0
BRDA:58,2,0,0
BRDA:58,2,1,0
BRDA:58,2,2,0
BRDA:76,3,0,0
BRDA:76,3,1,40
BRDA:78,4,0,3
BRDA:78,4,1,37
BRDA:80,5,0,37
BRDA:80,5,1,0
BRDA:95,6,0,2
BRDA:95,6,1,9
BRDA:107,7,0,0
BRDA:107,7,1,11
BRDA:109,8,0,11
BRDA:109,8,1,0
BRDA:115,9,0,0
BRDA:115,9,1,0
BRDA:133,10,0,0
BRDA:133,10,1,0
BRDA:133,11,0,0
BRDA:133,11,1,0
BRDA:134,12,0,0
BRDA:134,12,1,0
BRDA:139,13,0,0
BRDA:139,13,1,0
BRDA:168,14,0,6
BRDA:168,14,1,0
BRDA:193,15,0,0
BRDA:193,15,1,40
BRDA:198,16,0,40
BRDA:198,16,1,0
BRDA:212,17,0,0
BRDA:212,17,1,0
BRDA:213,18,0,0
BRDA:213,18,1,0
BRDA:223,19,0,0
BRDA:223,19,1,40
BRDA:224,20,0,0
BRDA:224,20,1,40
BRDA:231,21,0,40
BRDA:231,21,1,6
BRF:45
BRH:15
end_of_record
TN:
SF:components\MapPreview.tsx
FN:29,MapPreview
FN:31,(anonymous_1)
FN:42,(anonymous_2)
FNF:3
FNH:3
FNDA:27,MapPreview
FNDA:81,(anonymous_1)
FNDA:27,(anonymous_2)
DA:30,27
DA:31,81
DA:35,27
DA:36,27
DA:38,27
DA:42,27
LF:6
LH:6
BRDA:31,0,0,81
BRDA:31,0,1,0
BRDA:36,1,0,9
BRDA:36,1,1,18
BRDA:46,2,0,27
BRDA:46,2,1,0
BRF:6
BRH:4
end_of_record
TN:
SF:components\RateEventSheet.tsx
FN:29,RateEventSheet
FN:33,(anonymous_1)
FN:43,(anonymous_2)
FN:47,(anonymous_3)
FN:74,(anonymous_4)
FN:90,(anonymous_5)
FN:93,(anonymous_6)
FN:104,(anonymous_7)
FN:120,(anonymous_8)
FN:131,(anonymous_9)
FNF:10
FNH:4
FNDA:22,RateEventSheet
FNDA:76,(anonymous_1)
FNDA:14,(anonymous_2)
FNDA:0,(anonymous_3)
FNDA:0,(anonymous_4)
FNDA:110,(anonymous_5)
FNDA:0,(anonymous_6)
FNDA:0,(anonymous_7)
FNDA:0,(anonymous_8)
FNDA:0,(anonymous_9)
DA:32,22
DA:33,76
DA:34,22
DA:35,22
DA:36,22
DA:37,22
DA:38,22
DA:39,22
DA:43,22
DA:44,14
DA:47,22
DA:48,0
DA:49,0
DA:50,0
DA:52,0
DA:53,0
DA:54,0
DA:55,0
DA:56,0
DA:57,0
DA:59,0
DA:63,0
DA:67,22
DA:91,110
DA:93,0
DA:104,0
DA:120,0
DA:131,0
LF:28
LH:13
BRDA:30,0,0,22
BRDA:30,1,0,22
BRDA:44,2,0,0
BRDA:44,2,1,14
BRDA:48,3,0,0
BRDA:48,3,1,0
BRDA:55,4,0,0
BRDA:55,4,1,0
BRDA:60,5,0,0
BRDA:60,5,1,0
BRDA:82,6,0,0
BRDA:82,6,1,22
BRDA:95,7,0,22
BRDA:95,7,1,88
BRDA:97,8,0,0
BRDA:97,8,1,110
BRDA:124,9,0,0
BRDA:124,9,1,0
BRDA:135,10,0,0
BRDA:135,10,1,0
BRDA:136,11,0,0
BRDA:136,11,1,0
BRDA:139,12,0,0
BRDA:139,12,1,22
BRDA:139,13,0,0
BRDA:139,13,1,22
BRF:26
BRH:9
end_of_record
TN:
SF:components\SCAddButton.tsx
FN:25,SCAddButton
FN:31,(anonymous_1)
FN:56,SCButton
FN:69,(anonymous_3)
FNF:4
FNH:4
FNDA:28,SCAddButton
FNDA:28,(anonymous_1)
FNDA:160,SCButton
FNDA:160,(anonymous_3)
DA:12,16
DA:26,28
DA:27,28
DA:28,28
DA:31,28
DA:57,160
DA:58,160
DA:59,160
DA:66,160
DA:69,160
LF:10
LH:10
BRDA:25,0,0,6
BRDA:25,1,0,28
BRDA:33,2,0,18
BRDA:33,2,1,10
BRDA:35,3,0,28
BRDA:35,3,1,0
BRDA:38,4,0,28
BRDA:38,4,1,18
BRDA:39,5,0,18
BRDA:39,5,1,10
BRDA:40,6,0,18
BRDA:40,6,1,10
BRDA:56,7,0,78
BRDA:56,8,0,93
BRDA:68,9,0,30
BRDA:68,9,1,130
BRDA:74,10,0,30
BRDA:74,10,1,130
BRDA:75,11,0,160
BRDA:75,11,1,0
BRF:20
BRH:18
end_of_record
TN:
SF:components\SCAvatar.tsx
FN:19,SCAvatar
FN:23,(anonymous_1)
FNF:2
FNH:2
FNDA:546,SCAvatar
FNDA:1133,(anonymous_1)
DA:20,546
DA:21,546
DA:22,546
DA:23,1133
DA:24,546
DA:26,546
DA:30,546
DA:37,546
LF:8
LH:8
BRDA:19,0,0,0
BRDA:19,1,0,546
BRDA:19,2,0,546
BRDA:22,3,0,546
BRDA:22,3,1,168
BRDA:23,4,0,546
BRDA:23,4,1,1
BRDA:26,5,0,68
BRDA:26,5,1,478
BRDA:26,6,0,546
BRDA:26,6,1,68
BRDA:28,7,0,0
BRDA:28,7,1,478
BRDA:32,8,0,1
BRDA:32,8,1,545
BRDA:32,9,0,68
BRDA:32,9,1,477
BRDA:34,10,0,0
BRDA:34,10,1,546
BRDA:39,11,0,1
BRDA:39,11,1,545
BRDA:44,12,0,68
BRDA:44,12,1,477
BRDA:45,13,0,68
BRDA:45,13,1,477
BRDA:46,14,0,68
BRDA:46,14,1,477
BRF:27
BRH:24
end_of_record
TN:
SF:components\SCCard.tsx
FN:16,SCCard
FN:28,(anonymous_1)
FNF:2
FNH:1
FNDA:827,SCCard
FNDA:0,(anonymous_1)
DA:17,827
DA:18,827
DA:24,827
DA:25,0
DA:28,0
DA:34,827
LF:6
LH:4
BRDA:24,0,0,0
BRDA:24,0,1,827
BRDA:28,1,0,0
BRDA:28,1,1,0
BRF:4
BRH:1
end_of_record
TN:
SF:components\SCDatePicker.tsx
FN:39,startOfDay
FN:45,SCDatePicker
FN:54,(anonymous_2)
FN:58,(anonymous_3)
FN:59,(anonymous_4)
FN:65,(anonymous_5)
FN:72,(anonymous_6)
FN:82,(anonymous_7)
FN:94,(anonymous_8)
FN:94,(anonymous_9)
FN:116,(anonymous_10)
FN:122,(anonymous_11)
FN:135,(anonymous_12)
FN:137,(anonymous_13)
FN:145,(anonymous_14)
FN:160,(anonymous_15)
FN:168,(anonymous_16)
FN:174,(anonymous_17)
FN:182,(anonymous_18)
FN:200,(anonymous_19)
FN:205,(anonymous_20)
FN:235,NavBtn
FN:243,(anonymous_22)
FNF:23
FNH:15
FNDA:30,startOfDay
FNDA:55,SCDatePicker
FNDA:18,(anonymous_2)
FNDA:18,(anonymous_3)
FNDA:18,(anonymous_4)
FNDA:18,(anonymous_5)
FNDA:18,(anonymous_6)
FNDA:1,(anonymous_7)
FNDA:0,(anonymous_8)
FNDA:0,(anonymous_9)
FNDA:0,(anonymous_10)
FNDA:55,(anonymous_11)
FNDA:0,(anonymous_12)
FNDA:0,(anonymous_13)
FNDA:1,(anonymous_14)
FNDA:0,(anonymous_15)
FNDA:0,(anonymous_16)
FNDA:385,(anonymous_17)
FNDA:1717,(anonymous_18)
FNDA:0,(anonymous_19)
FNDA:30,(anonymous_20)
FNDA:2,NavBtn
FNDA:2,(anonymous_22)
DA:37,3
DA:40,30
DA:41,30
DA:42,30
DA:51,55
DA:52,55
DA:54,55
DA:58,55
DA:59,55
DA:65,55
DA:66,18
DA:67,12
DA:68,12
DA:71,55
DA:72,18
DA:76,55
DA:82,55
DA:83,1
DA:84,1
DA:87,55
DA:88,55
DA:90,55
DA:91,62
DA:92,1655
DA:94,55
DA:95,0
DA:96,0
DA:97,0
DA:98,0
DA:104,55
DA:106,55
DA:111,55
DA:114,55
DA:116,55
DA:118,55
DA:122,55
DA:135,0
DA:137,0
DA:160,0
DA:168,0
DA:175,385
DA:183,1717
DA:184,62
DA:186,1655
DA:187,1655
DA:188,1655
DA:189,1655
DA:191,1655
DA:192,1655
DA:196,1655
DA:201,0
DA:202,0
DA:203,0
DA:205,30
DA:238,2
DA:239,2
DA:243,2
LF:57
LH:46
BRDA:48,0,0,37
BRDA:58,1,0,6
BRDA:58,1,1,12
BRDA:59,2,0,6
BRDA:59,2,1,12
BRDA:66,3,0,6
BRDA:66,3,1,12
BRDA:67,4,0,0
BRDA:67,4,1,12
BRDA:72,5,0,18
BRDA:72,5,1,6
BRDA:72,5,2,0
BRDA:96,6,0,0
BRDA:96,6,1,0
BRDA:97,7,0,0
BRDA:97,7,1,0
BRDA:104,8,0,55
BRDA:104,8,1,55
BRDA:104,8,2,32
BRDA:106,9,0,55
BRDA:106,9,1,18
BRDA:106,9,2,18
BRDA:106,9,3,18
BRDA:111,10,0,37
BRDA:111,10,1,18
BRDA:112,11,0,0
BRDA:112,11,1,37
BRDA:113,12,0,18
BRDA:113,12,1,0
BRDA:113,13,0,0
BRDA:113,13,1,0
BRDA:114,14,0,55
BRDA:114,14,1,18
BRDA:116,15,0,0
BRDA:116,15,1,0
BRDA:126,16,0,55
BRDA:126,16,1,0
BRDA:129,17,0,18
BRDA:129,17,1,37
BRDA:183,18,0,62
BRDA:183,18,1,1655
BRDA:187,19,0,1655
BRDA:187,19,1,1115
BRDA:189,20,0,1655
BRDA:189,20,1,1591
BRDA:189,20,2,540
BRDA:191,21,0,37
BRDA:191,21,1,1618
BRDA:192,22,0,37
BRDA:192,22,1,1618
BRDA:193,23,0,550
BRDA:193,23,1,1068
BRDA:194,24,0,0
BRDA:194,24,1,1068
BRDA:201,25,0,0
BRDA:201,25,1,0
BRDA:208,26,0,0
BRDA:208,26,1,30
BRDA:208,27,0,30
BRDA:208,27,1,30
BRDA:209,28,0,0
BRDA:209,28,1,30
BRDA:209,29,0,30
BRDA:209,29,1,30
BRDA:211,30,0,27
BRDA:211,30,1,3
BRDA:212,31,0,30
BRDA:212,31,1,0
BRDA:217,32,0,37
BRDA:217,32,1,1618
BRDA:217,33,0,1655
BRDA:217,33,1,1618
BRDA:219,34,0,550
BRDA:219,34,1,1105
BRDA:236,35,0,0
BRDA:247,36,0,1
BRDA:247,36,1,1
BRDA:248,37,0,2
BRDA:248,37,1,0
BRDA:248,37,2,0
BRF:80
BRH:58
end_of_record
TN:
SF:components\SCEmptyState.tsx
FN:22,SCEmptyState
FNF:1
FNH:1
FNDA:2,SCEmptyState
DA:23,2
DA:24,2
LF:2
LH:2
BRDA:22,0,0,2
BRDA:34,1,0,2
BRDA:34,1,1,1
BRDA:39,2,0,2
BRDA:39,2,1,1
BRF:5
BRH:5
end_of_record
TN:
SF:components\SCEventCard.tsx
FN:31,SCEventCard
FN:43,(anonymous_1)
FN:104,(anonymous_2)
FN:117,PriceChip
FNF:4
FNH:4
FNDA:145,SCEventCard
FNDA:145,(anonymous_1)
FNDA:145,(anonymous_2)
FNDA:145,PriceChip
DA:32,145
DA:35,145
DA:36,145
DA:39,145
DA:40,145
DA:43,145
DA:105,145
DA:118,145
DA:119,145
DA:120,145
DA:121,145
DA:122,0
DA:123,0
DA:132,0
LF:14
LH:11
BRDA:31,0,0,8
BRDA:48,1,0,145
BRDA:48,1,1,0
BRDA:56,2,0,145
BRDA:56,2,1,54
BRDA:64,3,0,145
BRDA:64,3,1,28
BRDA:77,4,0,145
BRDA:77,4,1,135
BRDA:77,4,2,108
BRDA:96,5,0,145
BRDA:96,5,1,0
BRDA:121,6,0,145
BRDA:121,6,1,0
BRDA:121,7,0,145
BRDA:121,7,1,0
BRDA:122,8,0,0
BRDA:122,8,1,0
BRF:18
BRH:12
end_of_record
TN:
SF:components\SCIcon.tsx
FN:27,SCIcon
FNF:1
FNH:1
FNDA:3755,SCIcon
DA:28,3755
DA:31,3755
DA:33,0
DA:35,61
DA:37,17
DA:39,44
DA:41,272
DA:43,132
DA:45,34
DA:47,187
DA:49,151
DA:51,262
DA:53,211
DA:55,121
DA:57,81
DA:59,36
DA:61,984
DA:63,62
DA:65,98
DA:67,34
DA:69,0
DA:71,60
DA:73,14
DA:75,28
DA:77,372
DA:79,85
DA:81,0
DA:83,38
DA:85,0
DA:87,64
DA:89,2
DA:91,115
DA:93,0
DA:95,63
DA:97,3
DA:99,37
DA:101,25
DA:103,25
DA:106,0
DA:108,15
DA:111,22
DA:115,0
DA:117,0
LF:43
LH:35
BRDA:27,0,0,0
BRDA:27,1,0,0
BRDA:31,2,0,0
BRDA:31,2,1,61
BRDA:31,2,2,17
BRDA:31,2,3,44
BRDA:31,2,4,272
BRDA:31,2,5,132
BRDA:31,2,6,34
BRDA:31,2,7,187
BRDA:31,2,8,151
BRDA:31,2,9,262
BRDA:31,2,10,211
BRDA:31,2,11,121
BRDA:31,2,12,81
BRDA:31,2,13,36
BRDA:31,2,14,984
BRDA:31,2,15,62
BRDA:31,2,16,98
BRDA:31,2,17,34
BRDA:31,2,18,0
BRDA:31,2,19,60
BRDA:31,2,20,14
BRDA:31,2,21,28
BRDA:31,2,22,372
BRDA:31,2,23,85
BRDA:31,2,24,0
BRDA:31,2,25,38
BRDA:31,2,26,0
BRDA:31,2,27,64
BRDA:31,2,28,2
BRDA:31,2,29,115
BRDA:31,2,30,0
BRDA:31,2,31,63
BRDA:31,2,32,3
BRDA:31,2,33,37
BRDA:31,2,34,25
BRDA:31,2,35,25
BRDA:31,2,36,0
BRDA:31,2,37,15
BRDA:31,2,38,22
BRDA:31,2,39,0
BRDA:31,2,40,0
BRF:43
BRH:33
end_of_record
TN:
SF:components\SCPersonRow.tsx
FN:18,SCPersonRow
FN:20,(anonymous_1)
FN:21,(anonymous_2)
FN:41,(anonymous_3)
FNF:4
FNH:4
FNDA:108,SCPersonRow
FNDA:324,(anonymous_1)
FNDA:324,(anonymous_2)
FNDA:108,(anonymous_3)
DA:19,108
DA:20,324
DA:21,324
DA:22,108
DA:27,108
DA:39,108
DA:40,108
DA:41,108
DA:46,0
LF:9
LH:8
BRDA:20,0,0,324
BRDA:20,0,1,0
BRDA:21,1,0,108
BRDA:21,1,1,0
BRDA:22,2,0,108
BRDA:22,2,1,0
BRDA:23,3,0,108
BRDA:23,3,1,0
BRDA:24,4,0,0
BRDA:24,4,1,0
BRDA:32,5,0,108
BRDA:32,5,1,0
BRDA:39,6,0,108
BRDA:39,6,1,0
BRDA:41,7,0,108
BRDA:41,7,1,0
BRF:16
BRH:7
end_of_record
TN:
SF:components\SCSection.tsx
FN:18,SCSection
FNF:1
FNH:1
FNDA:305,SCSection
DA:19,305
LF:1
LH:1
BRDA:18,0,0,305
BRF:1
BRH:1
end_of_record
TN:
SF:components\SCSkeleton.tsx
FN:24,SCSkeleton
FN:29,(anonymous_1)
FN:37,(anonymous_2)
FN:49,RowSkeleton
FN:61,SCListSkeleton
FN:64,(anonymous_5)
FN:72,SCMessageSkeleton
FN:84,(anonymous_7)
FN:97,SCRailSkeleton
FN:101,(anonymous_9)
FNF:10
FNH:8
FNDA:20,SCSkeleton
FNDA:20,(anonymous_1)
FNDA:20,(anonymous_2)
FNDA:3,RowSkeleton
FNDA:1,SCListSkeleton
FNDA:3,(anonymous_5)
FNDA:0,SCMessageSkeleton
FNDA:0,(anonymous_7)
FNDA:1,SCRailSkeleton
FNDA:2,(anonymous_9)
DA:25,20
DA:28,20
DA:29,20
DA:30,20
DA:36,20
DA:37,20
DA:39,20
DA:50,3
DA:62,1
DA:64,3
DA:74,0
DA:82,0
DA:85,0
DA:86,0
DA:98,1
DA:99,1
DA:102,2
LF:17
LH:13
BRDA:24,0,0,1
BRDA:24,1,0,1
BRDA:24,2,0,17
BRDA:61,3,0,0
BRDA:72,4,0,0
BRDA:87,5,0,0
BRDA:87,5,1,0
BRDA:97,6,0,0
BRF:8
BRH:3
end_of_record
TN:
SF:components\SCTag.tsx
FN:24,SCTag
FN:49,(anonymous_1)
FNF:2
FNH:2
FNDA:906,SCTag
FNDA:504,(anonymous_1)
DA:11,9
DA:25,906
DA:26,906
DA:27,906
DA:33,906
DA:34,906
DA:42,906
DA:47,906
DA:48,504
DA:49,504
DA:54,402
LF:11
LH:11
BRDA:24,0,0,0
BRDA:24,1,0,342
BRDA:39,2,0,0
BRDA:39,2,1,906
BRDA:47,3,0,504
BRDA:47,3,1,402
BRDA:49,4,0,504
BRDA:49,4,1,0
BRF:8
BRH:5
end_of_record
TN:
SF:components\SCText.tsx
FN:28,SCText
FNF:1
FNH:1
FNDA:12609,SCText
DA:19,38
DA:29,12609
DA:30,12609
DA:31,12609
DA:37,12609
LF:5
LH:5
BRDA:28,0,0,2816
BRDA:33,1,0,12609
BRDA:33,1,1,4742
BRDA:33,2,0,1386
BRDA:33,2,1,3356
BRDA:34,3,0,11169
BRDA:34,3,1,1440
BRDA:35,4,0,4507
BRDA:35,4,1,8102
BRF:9
BRH:9
end_of_record
TN:
SF:components\SCTimePicker.tsx
FN:32,(anonymous_0)
FN:33,(anonymous_1)
FN:36,SCTimePicker
FN:41,(anonymous_3)
FN:48,(anonymous_4)
FN:49,(anonymous_5)
FN:60,(anonymous_6)
FN:62,(anonymous_7)
FN:70,(anonymous_8)
FN:94,(anonymous_9)
FN:95,(anonymous_10)
FN:106,(anonymous_11)
FN:107,(anonymous_12)
FN:112,(anonymous_13)
FN:113,(anonymous_14)
FN:131,Wheel
FN:147,(anonymous_16)
FN:152,(anonymous_17)
FN:159,(anonymous_18)
FN:193,(anonymous_19)
FN:200,(anonymous_20)
FNF:21
FNH:14
FNDA:24,(anonymous_0)
FNDA:24,(anonymous_1)
FNDA:73,SCTimePicker
FNDA:1,(anonymous_3)
FNDA:2,(anonymous_4)
FNDA:73,(anonymous_5)
FNDA:0,(anonymous_6)
FNDA:0,(anonymous_7)
FNDA:0,(anonymous_8)
FNDA:0,(anonymous_9)
FNDA:24,(anonymous_10)
FNDA:0,(anonymous_11)
FNDA:24,(anonymous_12)
FNDA:1,(anonymous_13)
FNDA:4,(anonymous_14)
FNDA:6,Wheel
FNDA:6,(anonymous_16)
FNDA:0,(anonymous_17)
FNDA:0,(anonymous_18)
FNDA:52,(anonymous_19)
FNDA:1,(anonymous_20)
DA:27,2
DA:28,2
DA:29,2
DA:30,2
DA:32,24
DA:33,24
DA:34,2
DA:37,73
DA:38,73
DA:39,73
DA:41,73
DA:42,1
DA:45,73
DA:48,2
DA:49,73
DA:60,0
DA:62,0
DA:94,0
DA:95,24
DA:106,0
DA:107,24
DA:112,1
DA:113,4
DA:132,6
DA:133,6
DA:134,6
DA:135,6
DA:141,6
DA:147,6
DA:148,6
DA:149,6
DA:152,6
DA:153,0
DA:154,0
DA:155,0
DA:156,0
DA:159,6
DA:160,0
DA:161,0
DA:162,0
DA:164,0
DA:165,0
DA:166,0
DA:170,0
DA:171,0
DA:172,0
DA:174,0
DA:175,0
DA:178,6
DA:194,52
DA:195,52
DA:196,52
DA:197,52
DA:201,1
DA:202,1
LF:55
LH:36
BRDA:53,0,0,73
BRDA:53,0,1,0
BRDA:156,1,0,0
BRDA:156,1,1,0
BRDA:160,2,0,0
BRDA:160,2,1,0
BRDA:170,3,0,0
BRDA:170,3,1,0
BRDA:175,4,0,0
BRDA:175,4,1,0
BRDA:195,5,0,6
BRDA:195,5,1,46
BRDA:195,6,0,8
BRDA:195,6,1,38
BRDA:195,7,0,6
BRDA:195,7,1,32
BRDA:196,8,0,6
BRDA:196,8,1,46
BRDA:196,9,0,8
BRDA:196,9,1,38
BRDA:196,10,0,6
BRDA:196,10,1,32
BRDA:212,11,0,6
BRDA:212,11,1,46
BRDA:213,12,0,6
BRDA:213,12,1,46
BRF:26
BRH:17
end_of_record
TN:
SF:components\SCTopBar.tsx
FN:20,SCTopBar
FN:30,(anonymous_1)
FNF:2
FNH:2
FNDA:249,SCTopBar
FNDA:249,(anonymous_1)
DA:21,249
DA:22,249
DA:30,249
LF:3
LH:3
BRDA:27,0,0,249
BRDA:27,0,1,249
BRDA:34,1,0,249
BRDA:34,1,1,0
BRDA:40,2,0,249
BRDA:40,2,1,167
BRDA:41,3,0,249
BRDA:41,3,1,63
BRF:8
BRH:7
end_of_record
TN:
SF:components\Screen.tsx
FN:22,(anonymous_0)
FN:27,RefreshIndicator
FN:31,(anonymous_2)
FN:36,(anonymous_3)
FN:65,Screen
FN:70,(anonymous_5)
FN:87,(anonymous_6)
FNF:7
FNH:7
FNDA:386,(anonymous_0)
FNDA:1,RefreshIndicator
FNDA:1,(anonymous_2)
FNDA:1,(anonymous_3)
FNDA:385,Screen
FNDA:1,(anonymous_5)
FNDA:2,(anonymous_6)
DA:22,386
DA:28,1
DA:29,1
DA:30,1
DA:31,1
DA:32,1
DA:35,1
DA:36,1
DA:38,1
DA:39,1
DA:66,385
DA:67,385
DA:68,385
DA:70,385
DA:71,1
DA:72,1
DA:73,1
DA:74,1
DA:76,1
DA:82,385
DA:87,2
DA:99,385
DA:100,342
DA:140,43
LF:24
LH:24
BRDA:22,0,0,1
BRDA:22,0,1,385
BRDA:65,1,0,342
BRDA:71,2,0,0
BRDA:71,2,1,1
BRDA:82,3,0,2
BRDA:82,3,1,383
BRDA:82,4,0,385
BRDA:82,4,1,190
BRDA:92,5,0,1
BRDA:92,5,1,1
BRDA:93,6,0,2
BRDA:93,6,1,0
BRDA:99,7,0,342
BRDA:99,7,1,43
BRDA:103,8,0,342
BRDA:103,8,1,1
BRDA:111,9,0,340
BRDA:111,9,1,2
BRDA:119,10,0,163
BRDA:119,10,1,179
BRDA:119,11,0,342
BRDA:119,11,1,165
BRDA:143,12,0,43
BRDA:143,12,1,0
BRF:25
BRH:22
end_of_record
TN:
SF:components\ShareEventSheet.tsx
FN:28,shareBody
FN:33,ShareEventSheet
FN:35,(anonymous_2)
FN:45,(anonymous_3)
FN:49,(anonymous_4)
FN:50,(anonymous_5)
FN:50,(anonymous_6)
FN:52,(anonymous_7)
FN:82,(anonymous_8)
FN:106,(anonymous_9)
FN:111,(anonymous_10)
FN:113,(anonymous_11)
FN:140,(anonymous_12)
FN:155,(anonymous_13)
FN:166,(anonymous_14)
FNF:15
FNH:12
FNDA:1,shareBody
FNDA:39,ShareEventSheet
FNDA:127,(anonymous_2)
FNDA:16,(anonymous_3)
FNDA:1,(anonymous_4)
FNDA:1,(anonymous_5)
FNDA:0,(anonymous_6)
FNDA:1,(anonymous_7)
FNDA:0,(anonymous_8)
FNDA:117,(anonymous_9)
FNDA:1,(anonymous_10)
FNDA:12,(anonymous_11)
FNDA:0,(anonymous_12)
FNDA:4,(anonymous_13)
FNDA:4,(anonymous_14)
DA:29,1
DA:30,1
DA:34,39
DA:35,127
DA:36,39
DA:37,39
DA:38,39
DA:40,39
DA:41,39
DA:42,39
DA:45,39
DA:46,16
DA:49,39
DA:50,1
DA:52,39
DA:53,1
DA:54,1
DA:55,1
DA:56,1
DA:57,1
DA:58,1
DA:59,1
DA:60,1
DA:61,1
DA:66,1
DA:67,1
DA:68,1
DA:70,0
DA:71,0
DA:75,39
DA:107,117
DA:108,117
DA:111,1
DA:113,12
DA:140,0
DA:155,4
DA:166,4
LF:37
LH:34
BRDA:30,0,0,0
BRDA:30,0,1,1
BRDA:46,1,0,1
BRDA:46,1,1,15
BRDA:50,2,0,0
BRDA:50,2,1,1
BRDA:53,3,0,0
BRDA:53,3,1,1
BRDA:53,4,0,1
BRDA:53,4,1,1
BRDA:66,5,0,1
BRDA:66,5,1,0
BRDA:67,6,0,1
BRDA:67,6,1,0
BRDA:97,7,0,0
BRDA:97,7,1,39
BRDA:115,8,0,4
BRDA:115,8,1,8
BRDA:116,9,0,12
BRDA:116,9,1,0
BRDA:121,10,0,117
BRDA:121,10,1,117
BRDA:125,11,0,3
BRDA:125,11,1,114
BRDA:126,12,0,3
BRDA:126,12,1,114
BRDA:129,13,0,117
BRDA:129,13,1,3
BRDA:137,14,0,39
BRDA:137,14,1,39
BRDA:159,15,0,4
BRDA:159,15,1,0
BRDA:165,16,0,39
BRDA:165,16,1,3
BRDA:168,17,0,2
BRDA:168,17,1,2
BRDA:170,18,0,1
BRDA:170,18,1,3
BRDA:171,19,0,4
BRDA:171,19,1,0
BRDA:171,19,2,0
BRDA:173,20,0,3
BRDA:173,20,1,36
BRDA:174,21,0,3
BRDA:174,21,1,36
BRDA:175,22,0,2
BRDA:175,22,1,37
BRDA:175,23,0,0
BRDA:175,23,1,37
BRF:49
BRH:38
end_of_record
TN:
SF:components\ToastHost.tsx
FN:14,ToastHost
FN:16,(anonymous_1)
FN:17,(anonymous_2)
FN:35,(anonymous_3)
FN:54,(anonymous_4)
FN:55,(anonymous_5)
FN:65,(anonymous_6)
FNF:7
FNH:0
FNDA:0,ToastHost
FNDA:0,(anonymous_1)
FNDA:0,(anonymous_2)
FNDA:0,(anonymous_3)
FNDA:0,(anonymous_4)
FNDA:0,(anonymous_5)
FNDA:0,(anonymous_6)
DA:15,0
DA:16,0
DA:17,0
DA:20,0
DA:21,0
DA:22,0
DA:37,0
DA:40,0
DA:54,0
DA:55,0
DA:65,0
LF:11
LH:0
BRDA:21,0,0,0
BRDA:21,0,1,0
BRDA:37,1,0,0
BRDA:37,1,1,0
BRDA:38,2,0,0
BRDA:38,2,1,0
BRDA:52,3,0,0
BRDA:52,3,1,0
BRDA:58,4,0,0
BRDA:58,4,1,0
BRF:10
BRH:0
end_of_record
TN:
SF:components\external-link.tsx
FN:7,ExternalLink
FN:13,(anonymous_1)
FNF:2
FNH:0
FNDA:0,ExternalLink
FNDA:0,(anonymous_1)
DA:8,0
DA:14,0
DA:16,0
DA:18,0
LF:4
LH:0
BRDA:14,0,0,0
BRDA:14,0,1,0
BRF:2
BRH:0
end_of_record
TN:
SF:components\haptic-tab.tsx
FN:5,HapticTab
FN:9,(anonymous_1)
FNF:2
FNH:0
FNDA:0,HapticTab
FNDA:0,(anonymous_1)
DA:6,0
DA:10,0
DA:12,0
DA:14,0
LF:4
LH:0
BRDA:10,0,0,0
BRDA:10,0,1,0
BRF:2
BRH:0
end_of_record
TN:
SF:components\hello-wave.tsx
FN:3,HelloWave
FNF:1
FNH:0
FNDA:0,HelloWave
DA:4,0
LF:1
LH:0
BRF:0
BRH:0
end_of_record
TN:
SF:components\Map\Map.native.tsx
FN:75,mercatorY
FN:81,Map
FN:114,(anonymous_2)
FN:114,(anonymous_3)
FN:132,(anonymous_4)
FN:164,(anonymous_5)
FN:166,(anonymous_6)
FN:176,(anonymous_7)
FN:177,(anonymous_8)
FN:188,(anonymous_9)
FN:200,(anonymous_10)
FN:205,(anonymous_11)
FN:244,(anonymous_12)
FN:254,(anonymous_13)
FN:284,(anonymous_14)
FN:295,(anonymous_15)
FN:341,(anonymous_16)
FNF:17
FNH:7
FNDA:0,mercatorY
FNDA:58,Map
FNDA:23,(anonymous_2)
FNDA:153,(anonymous_3)
FNDA:23,(anonymous_4)
FNDA:0,(anonymous_5)
FNDA:0,(anonymous_6)
FNDA:0,(anonymous_7)
FNDA:0,(anonymous_8)
FNDA:21,(anonymous_9)
FNDA:0,(anonymous_10)
FNDA:0,(anonymous_11)
FNDA:0,(anonymous_12)
FNDA:0,(anonymous_13)
FNDA:468,(anonymous_14)
FNDA:0,(anonymous_15)
FNDA:31,(anonymous_16)
DA:76,0
DA:77,0
DA:78,0
DA:86,58
DA:91,58
DA:95,58
DA:100,58
DA:109,58
DA:113,58
DA:114,153
DA:132,58
DA:133,23
DA:134,0
DA:135,0
DA:136,0
DA:137,0
DA:138,0
DA:139,0
DA:140,0
DA:142,0
DA:143,0
DA:144,0
DA:146,0
DA:147,0
DA:148,0
DA:153,0
DA:155,0
DA:157,0
DA:158,0
DA:159,0
DA:161,0
DA:164,58
DA:165,0
DA:166,0
DA:167,0
DA:168,0
DA:176,58
DA:177,0
DA:178,0
DA:183,0
DA:184,0
DA:188,58
DA:189,21
DA:190,21
DA:200,58
DA:201,0
DA:202,0
DA:203,0
DA:204,0
DA:205,0
DA:206,0
DA:207,0
DA:208,0
DA:210,0
DA:221,58
DA:245,0
DA:246,0
DA:254,0
DA:285,468
DA:286,468
DA:287,0
DA:288,0
DA:289,0
DA:290,0
DA:296,0
DA:297,0
DA:301,0
DA:341,31
LF:68
LH:19
BRDA:82,0,0,52
BRDA:82,1,0,0
BRDA:83,2,0,6
BRDA:84,3,0,31
BRDA:91,4,0,58
BRDA:91,4,1,58
BRDA:91,4,2,24
BRDA:133,5,0,23
BRDA:133,5,1,0
BRDA:148,6,0,0
BRDA:148,6,1,0
BRDA:149,7,0,0
BRDA:149,7,1,0
BRDA:149,7,2,0
BRDA:149,7,3,0
BRDA:167,8,0,0
BRDA:167,8,1,0
BRDA:167,9,0,0
BRDA:167,9,1,0
BRDA:167,9,2,0
BRDA:178,10,0,0
BRDA:178,10,1,0
BRDA:179,11,0,0
BRDA:179,11,1,0
BRDA:179,11,2,0
BRDA:179,11,3,0
BRDA:189,12,0,21
BRDA:189,12,1,0
BRDA:190,13,0,21
BRDA:190,13,1,21
BRDA:202,14,0,0
BRDA:202,14,1,0
BRDA:204,15,0,0
BRDA:204,15,1,0
BRDA:206,16,0,0
BRDA:206,16,1,0
BRDA:207,17,0,0
BRDA:207,17,1,0
BRDA:226,18,0,31
BRDA:226,18,1,27
BRDA:231,19,0,0
BRDA:231,19,1,58
BRDA:254,20,0,31
BRDA:254,20,1,27
BRDA:264,21,0,58
BRDA:264,21,1,34
BRDA:264,21,2,25
BRDA:286,22,0,468
BRDA:286,22,1,0
BRDA:288,23,0,0
BRDA:288,23,1,0
BRDA:296,24,0,0
BRDA:296,24,1,0
BRDA:311,25,0,0
BRDA:311,25,1,0
BRDA:315,26,0,0
BRDA:315,26,1,0
BRDA:336,27,0,58
BRDA:336,27,1,31
BRDA:358,28,0,31
BRDA:358,28,1,0
BRF:61
BRH:22
end_of_record
TN:
SF:components\Map\Map.tsx
FN:9,Map
FNF:1
FNH:0
FNDA:0,Map
DA:10,0
LF:1
LH:0
BRF:0
BRH:0
end_of_record
TN:
SF:components\Map\Map.web.impl.tsx
FN:25,Recenter
FN:27,(anonymous_1)
FN:33,RegionChangeReporter
FN:35,(anonymous_3)
FN:43,Map
FN:107,(anonymous_5)
FN:123,(anonymous_6)
FNF:7
FNH:0
FNDA:0,Recenter
FNDA:0,(anonymous_1)
FNDA:0,RegionChangeReporter
FNDA:0,(anonymous_3)
FNDA:0,Map
FNDA:0,(anonymous_5)
FNDA:0,(anonymous_6)
DA:26,0
DA:27,0
DA:28,0
DA:30,0
DA:34,0
DA:36,0
DA:37,0
DA:40,0
DA:48,0
DA:50,0
DA:51,0
DA:53,0
DA:108,0
DA:109,0
DA:110,0
DA:111,0
DA:123,0
LF:17
LH:0
BRDA:44,0,0,0
BRDA:44,1,0,0
BRDA:45,2,0,0
BRDA:46,3,0,0
BRDA:50,4,0,0
BRDA:50,4,1,0
BRDA:50,4,2,0
BRDA:51,5,0,0
BRDA:51,5,1,0
BRDA:57,6,0,0
BRDA:57,6,1,0
BRDA:92,7,0,0
BRDA:92,7,1,0
BRDA:93,8,0,0
BRDA:93,8,1,0
BRDA:93,8,2,0
BRDA:100,9,0,0
BRDA:100,9,1,0
BRDA:116,10,0,0
BRDA:116,10,1,0
BRDA:118,11,0,0
BRDA:118,11,1,0
BRDA:119,12,0,0
BRDA:119,12,1,0
BRF:24
BRH:0
end_of_record
TN:
SF:components\Map\index.ts
FNF:0
FNH:0
LF:0
LH:0
BRF:0
BRH:0
end_of_record
TN:
SF:components\Map\types.ts
FN:67,eventLatLng
FN:92,pinColor
FNF:2
FNH:2
FNDA:155,eventLatLng
FNDA:557,pinColor
DA:57,41
DA:58,41
DA:68,155
DA:69,0
DA:71,155
DA:99,557
DA:100,100
DA:101,152
DA:102,265
DA:103,40
LF:10
LH:9
BRDA:68,0,0,0
BRDA:68,0,1,155
BRDA:68,1,0,155
BRDA:68,1,1,0
BRDA:95,2,0,0
BRDA:99,3,0,100
BRDA:99,3,1,152
BRDA:99,3,2,265
BRDA:99,3,3,40
BRF:9
BRH:6
end_of_record
TN:
SF:components\ui\icon-symbol.ios.tsx
FN:4,IconSymbol
FNF:1
FNH:0
FNDA:0,IconSymbol
DA:17,0
LF:1
LH:0
BRDA:6,0,0,0
BRDA:9,1,0,0
BRF:2
BRH:0
end_of_record
TN:
SF:components\ui\icon-symbol.tsx
FN:28,IconSymbol
FNF:1
FNH:0
FNDA:0,IconSymbol
DA:16,0
DA:40,0
LF:2
LH:0
BRDA:30,0,0,0
BRF:1
BRH:0
end_of_record
TN:
SF:hooks\use-color-scheme.ts
FNF:0
FNH:0
LF:0
LH:0
BRF:0
BRH:0
end_of_record
TN:
SF:hooks\use-color-scheme.web.ts
FN:7,useColorScheme
FN:10,(anonymous_1)
FNF:2
FNH:0
FNDA:0,useColorScheme
FNDA:0,(anonymous_1)
DA:8,0
DA:10,0
DA:11,0
DA:14,0
DA:16,0
DA:17,0
DA:20,0
LF:7
LH:0
BRDA:16,0,0,0
BRDA:16,0,1,0
BRF:2
BRH:0
end_of_record
TN:
SF:hooks\useAttendees.ts
FN:21,useAttendees
FN:23,(anonymous_1)
FN:26,(anonymous_2)
FN:30,(anonymous_3)
FN:42,(anonymous_4)
FN:47,(anonymous_5)
FN:52,(anonymous_6)
FN:55,(anonymous_7)
FN:55,(anonymous_8)
FNF:9
FNH:6
FNDA:34,useAttendees
FNDA:21,(anonymous_1)
FNDA:21,(anonymous_2)
FNDA:21,(anonymous_3)
FNDA:20,(anonymous_4)
FNDA:0,(anonymous_5)
FNDA:20,(anonymous_6)
FNDA:0,(anonymous_7)
FNDA:0,(anonymous_8)
DA:22,34
DA:23,34
DA:24,21
DA:26,34
DA:27,34
DA:28,34
DA:30,34
DA:31,21
DA:32,1
DA:33,1
DA:34,1
DA:36,20
DA:37,20
DA:38,0
DA:39,0
DA:41,20
DA:43,20
DA:44,20
DA:45,20
DA:48,0
DA:49,0
DA:50,0
DA:52,20
DA:55,34
DA:56,34
LF:25
LH:20
BRDA:24,0,0,21
BRDA:24,0,1,0
BRDA:26,1,0,21
BRDA:26,1,1,0
BRDA:31,2,0,1
BRDA:31,2,1,20
BRDA:37,3,0,0
BRDA:37,3,1,20
BRDA:43,4,0,0
BRDA:43,4,1,20
BRDA:48,5,0,0
BRDA:48,5,1,0
BRDA:49,6,0,0
BRDA:49,6,1,0
BRF:14
BRH:6
end_of_record
TN:
SF:hooks\useChatMessages.ts
FN:46,useChatMessages
FN:48,(anonymous_1)
FN:49,(anonymous_2)
FN:53,(anonymous_3)
FN:57,(anonymous_4)
FN:65,(anonymous_5)
FN:73,(anonymous_6)
FN:79,(anonymous_7)
FN:81,(anonymous_8)
FN:82,(anonymous_9)
FN:84,(anonymous_10)
FN:91,(anonymous_11)
FN:96,(anonymous_12)
FN:100,(anonymous_13)
FN:102,(anonymous_14)
FN:105,(anonymous_15)
FN:109,(anonymous_16)
FN:113,(anonymous_17)
FN:116,(anonymous_18)
FN:130,(anonymous_19)
FN:135,(anonymous_20)
FN:136,(anonymous_21)
FN:136,(anonymous_22)
FN:147,(anonymous_23)
FN:147,(anonymous_24)
FN:159,(anonymous_25)
FN:159,(anonymous_26)
FN:166,(anonymous_27)
FN:167,(anonymous_28)
FN:169,(anonymous_29)
FN:169,(anonymous_30)
FN:173,(anonymous_31)
FN:174,(anonymous_32)
FN:174,(anonymous_33)
FN:186,(anonymous_34)
FN:186,(anonymous_35)
FN:198,(anonymous_36)
FN:198,(anonymous_37)
FN:204,(anonymous_38)
FN:204,(anonymous_39)
FN:208,transformRow
FNF:41
FNH:10
FNDA:15,useChatMessages
FNDA:44,(anonymous_1)
FNDA:44,(anonymous_2)
FNDA:8,(anonymous_3)
FNDA:45,(anonymous_4)
FNDA:8,(anonymous_5)
FNDA:8,(anonymous_6)
FNDA:0,(anonymous_7)
FNDA:0,(anonymous_8)
FNDA:0,(anonymous_9)
FNDA:0,(anonymous_10)
FNDA:0,(anonymous_11)
FNDA:0,(anonymous_12)
FNDA:8,(anonymous_13)
FNDA:0,(anonymous_14)
FNDA:0,(anonymous_15)
FNDA:0,(anonymous_16)
FNDA:0,(anonymous_17)
FNDA:2,(anonymous_18)
FNDA:2,(anonymous_19)
FNDA:0,(anonymous_20)
FNDA:0,(anonymous_21)
FNDA:0,(anonymous_22)
FNDA:0,(anonymous_23)
FNDA:0,(anonymous_24)
FNDA:0,(anonymous_25)
FNDA:0,(anonymous_26)
FNDA:0,(anonymous_27)
FNDA:0,(anonymous_28)
FNDA:0,(anonymous_29)
FNDA:0,(anonymous_30)
FNDA:0,(anonymous_31)
FNDA:0,(anonymous_32)
FNDA:0,(anonymous_33)
FNDA:0,(anonymous_34)
FNDA:0,(anonymous_35)
FNDA:0,(anonymous_36)
FNDA:0,(anonymous_37)
FNDA:0,(anonymous_38)
FNDA:0,(anonymous_39)
FNDA:0,transformRow
DA:47,15
DA:48,44
DA:49,44
DA:50,15
DA:51,15
DA:53,15
DA:54,8
DA:55,7
DA:56,7
DA:57,45
DA:63,0
DA:65,15
DA:66,15
DA:67,15
DA:73,15
DA:74,8
DA:75,0
DA:76,0
DA:77,0
DA:78,0
DA:80,0
DA:81,0
DA:82,0
DA:84,0
DA:85,0
DA:86,0
DA:87,0
DA:89,0
DA:92,0
DA:93,0
DA:94,0
DA:96,0
DA:100,15
DA:101,8
DA:102,0
DA:103,0
DA:104,0
DA:105,0
DA:109,0
DA:110,0
DA:113,0
DA:116,15
DA:117,2
DA:118,2
DA:119,2
DA:120,2
DA:121,2
DA:130,2
DA:132,2
DA:135,2
DA:136,0
DA:137,0
DA:140,2
DA:143,0
DA:144,0
DA:147,0
DA:148,0
DA:159,0
DA:160,0
DA:162,0
DA:166,15
DA:167,0
DA:168,0
DA:169,0
DA:170,0
DA:172,0
DA:173,0
DA:174,0
DA:175,0
DA:178,0
DA:180,0
DA:181,0
DA:184,0
DA:185,0
DA:186,0
DA:187,0
DA:198,0
DA:199,0
DA:204,15
DA:205,15
DA:209,0
DA:210,0
LF:82
LH:30
BRDA:54,0,0,1
BRDA:54,0,1,7
BRDA:55,1,0,7
BRDA:55,1,1,0
BRDA:56,2,0,7
BRDA:56,2,1,0
BRDA:60,3,0,24
BRDA:60,3,1,21
BRDA:65,4,0,8
BRDA:65,4,1,0
BRDA:74,5,0,8
BRDA:74,5,1,0
BRDA:74,6,0,8
BRDA:74,6,1,7
BRDA:80,7,0,0
BRDA:80,7,1,0
BRDA:84,8,0,0
BRDA:84,8,1,0
BRDA:92,9,0,0
BRDA:92,9,1,0
BRDA:93,10,0,0
BRDA:93,10,1,0
BRDA:101,11,0,8
BRDA:101,11,1,0
BRDA:101,12,0,8
BRDA:101,12,1,7
BRDA:104,13,0,0
BRDA:104,13,1,0
BRDA:109,14,0,0
BRDA:109,14,1,0
BRDA:116,15,0,1
BRDA:117,16,0,0
BRDA:117,16,1,2
BRDA:119,17,0,0
BRDA:119,17,1,2
BRDA:132,18,0,2
BRDA:132,18,1,0
BRDA:137,19,0,0
BRDA:137,19,1,0
BRDA:137,20,0,0
BRDA:137,20,1,0
BRDA:148,21,0,0
BRDA:148,21,1,0
BRDA:154,22,0,0
BRDA:154,22,1,0
BRDA:160,23,0,0
BRDA:160,23,1,0
BRDA:162,24,0,0
BRDA:162,24,1,0
BRDA:168,25,0,0
BRDA:168,25,1,0
BRDA:170,26,0,0
BRDA:170,26,1,0
BRDA:172,27,0,0
BRDA:172,27,1,0
BRDA:175,28,0,0
BRDA:175,28,1,0
BRDA:175,29,0,0
BRDA:175,29,1,0
BRDA:180,30,0,0
BRDA:180,30,1,0
BRDA:184,31,0,0
BRDA:184,31,1,0
BRDA:187,32,0,0
BRDA:187,32,1,0
BRDA:193,33,0,0
BRDA:193,33,1,0
BRDA:199,34,0,0
BRDA:199,34,1,0
BRDA:209,35,0,0
BRDA:209,35,1,0
BRDA:212,36,0,0
BRDA:212,36,1,0
BRDA:213,37,0,0
BRDA:213,37,1,0
BRDA:220,38,0,0
BRDA:220,38,1,0
BRDA:224,39,0,0
BRDA:224,39,1,0
BRF:79
BRH:17
end_of_record
TN:
SF:hooks\useChats.ts
FN:22,useChats
FN:24,(anonymous_1)
FN:25,(anonymous_2)
FN:29,(anonymous_3)
FN:39,(anonymous_4)
FN:44,(anonymous_5)
FN:49,(anonymous_6)
FN:52,(anonymous_7)
FN:52,(anonymous_8)
FNF:9
FNH:4
FNDA:18,useChats
FNDA:12,(anonymous_1)
FNDA:12,(anonymous_2)
FNDA:12,(anonymous_3)
FNDA:0,(anonymous_4)
FNDA:0,(anonymous_5)
FNDA:0,(anonymous_6)
FNDA:0,(anonymous_7)
FNDA:0,(anonymous_8)
DA:23,18
DA:24,18
DA:25,18
DA:26,18
DA:27,18
DA:29,18
DA:30,12
DA:31,12
DA:32,12
DA:33,12
DA:34,12
DA:36,0
DA:37,0
DA:38,0
DA:40,0
DA:41,0
DA:42,0
DA:45,0
DA:46,0
DA:47,0
DA:49,0
DA:52,18
DA:53,18
LF:23
LH:13
BRDA:24,0,0,12
BRDA:24,0,1,0
BRDA:31,1,0,12
BRDA:31,1,1,0
BRDA:40,2,0,0
BRDA:40,2,1,0
BRDA:45,3,0,0
BRDA:45,3,1,0
BRDA:46,4,0,0
BRDA:46,4,1,0
BRF:10
BRH:2
end_of_record
TN:
SF:hooks\useDateCityLabel.ts
FN:23,useDateCityLabel
FN:36,(anonymous_1)
FN:42,(anonymous_2)
FN:55,(anonymous_3)
FNF:4
FNH:4
FNDA:90,useDateCityLabel
FNDA:66,(anonymous_1)
FNDA:22,(anonymous_2)
FNDA:22,(anonymous_3)
DA:24,90
DA:28,90
DA:33,90
DA:34,90
DA:36,90
DA:37,66
DA:38,44
DA:39,44
DA:41,22
DA:42,22
DA:43,22
DA:44,22
DA:45,22
DA:46,0
DA:50,0
DA:52,0
DA:55,22
DA:58,90
LF:18
LH:15
BRDA:37,0,0,44
BRDA:37,0,1,22
BRDA:37,1,0,66
BRDA:37,1,1,22
BRDA:37,1,2,22
BRDA:45,2,0,22
BRDA:45,2,1,0
BRDA:50,3,0,0
BRDA:50,3,1,0
BRDA:50,3,2,0
BRDA:50,3,3,0
BRDA:52,4,0,0
BRDA:52,4,1,0
BRDA:58,5,0,0
BRDA:58,5,1,90
BRF:15
BRH:7
end_of_record
TN:
SF:hooks\useEvent.ts
FN:24,useEvent
FN:26,(anonymous_1)
FN:29,(anonymous_2)
FN:33,(anonymous_3)
FN:45,(anonymous_4)
FN:50,(anonymous_5)
FN:55,(anonymous_6)
FN:58,(anonymous_7)
FN:58,(anonymous_8)
FNF:9
FNH:8
FNDA:45,useEvent
FNDA:27,(anonymous_1)
FNDA:27,(anonymous_2)
FNDA:28,(anonymous_3)
FNDA:25,(anonymous_4)
FNDA:0,(anonymous_5)
FNDA:25,(anonymous_6)
FNDA:1,(anonymous_7)
FNDA:1,(anonymous_8)
DA:25,45
DA:26,45
DA:27,27
DA:29,45
DA:30,45
DA:31,45
DA:33,45
DA:34,28
DA:35,3
DA:36,3
DA:37,3
DA:39,25
DA:40,25
DA:41,0
DA:42,0
DA:44,25
DA:46,25
DA:47,25
DA:48,25
DA:51,0
DA:52,0
DA:53,0
DA:55,25
DA:58,45
DA:59,45
LF:25
LH:20
BRDA:27,0,0,24
BRDA:27,0,1,3
BRDA:27,1,0,27
BRDA:27,1,1,27
BRDA:27,2,0,24
BRDA:27,2,1,3
BRDA:29,3,0,27
BRDA:29,3,1,0
BRDA:34,4,0,3
BRDA:34,4,1,25
BRDA:40,5,0,0
BRDA:40,5,1,25
BRDA:46,6,0,0
BRDA:46,6,1,25
BRDA:51,7,0,0
BRDA:51,7,1,0
BRDA:52,8,0,0
BRDA:52,8,1,0
BRF:18
BRH:11
end_of_record
TN:
SF:hooks\useEvents.ts
FN:31,useEvents
FN:39,(anonymous_1)
FN:40,(anonymous_2)
FN:44,(anonymous_3)
FN:51,(anonymous_4)
FN:56,(anonymous_5)
FN:61,(anonymous_6)
FN:64,(anonymous_7)
FN:64,(anonymous_8)
FNF:9
FNH:6
FNDA:108,useEvents
FNDA:33,(anonymous_1)
FNDA:33,(anonymous_2)
FNDA:34,(anonymous_3)
FNDA:34,(anonymous_4)
FNDA:0,(anonymous_5)
FNDA:34,(anonymous_6)
FNDA:0,(anonymous_7)
FNDA:0,(anonymous_8)
DA:32,108
DA:38,108
DA:39,108
DA:40,108
DA:41,108
DA:42,108
DA:44,108
DA:45,34
DA:46,34
DA:47,0
DA:48,0
DA:50,34
DA:52,34
DA:53,33
DA:54,33
DA:57,0
DA:58,0
DA:59,0
DA:61,34
DA:64,108
DA:65,108
LF:21
LH:16
BRDA:31,0,0,2
BRDA:39,1,0,33
BRDA:39,1,1,0
BRDA:46,2,0,0
BRDA:46,2,1,34
BRDA:52,3,0,1
BRDA:52,3,1,33
BRDA:57,4,0,0
BRDA:57,4,1,0
BRDA:58,5,0,0
BRDA:58,5,1,0
BRF:11
BRH:5
end_of_record
TN:
SF:hooks\useFollowedOrgs.ts
FN:17,(anonymous_0)
FN:26,useFollowedOrgs
FN:27,(anonymous_2)
FN:29,(anonymous_3)
FN:32,(anonymous_4)
FN:32,(anonymous_5)
FN:34,(anonymous_6)
FN:35,(anonymous_7)
FN:39,(anonymous_8)
FN:42,(anonymous_9)
FN:54,(anonymous_10)
FN:55,(anonymous_11)
FN:56,(anonymous_12)
FN:64,(anonymous_13)
FN:64,(anonymous_14)
FNF:15
FNH:10
FNDA:8,(anonymous_0)
FNDA:50,useFollowedOrgs
FNDA:153,(anonymous_2)
FNDA:18,(anonymous_3)
FNDA:18,(anonymous_4)
FNDA:126,(anonymous_5)
FNDA:17,(anonymous_6)
FNDA:17,(anonymous_7)
FNDA:18,(anonymous_8)
FNDA:126,(anonymous_9)
FNDA:0,(anonymous_10)
FNDA:0,(anonymous_11)
FNDA:0,(anonymous_12)
FNDA:0,(anonymous_13)
FNDA:0,(anonymous_14)
DA:17,8
DA:27,153
DA:28,50
DA:29,50
DA:30,50
DA:32,126
DA:34,50
DA:35,50
DA:36,50
DA:37,50
DA:39,50
DA:40,18
DA:41,18
DA:42,126
DA:43,18
DA:44,18
DA:46,0
DA:47,0
DA:48,0
DA:49,0
DA:51,0
DA:52,0
DA:53,0
DA:54,0
DA:55,0
DA:56,0
DA:64,50
DA:65,50
LF:28
LH:18
BRDA:34,0,0,17
BRDA:34,0,1,0
BRDA:35,1,0,17
BRDA:35,1,1,0
BRDA:41,2,0,18
BRDA:41,2,1,0
BRDA:46,3,0,0
BRDA:46,3,1,0
BRDA:54,4,0,0
BRDA:54,4,1,0
BRDA:55,5,0,0
BRDA:55,5,1,0
BRDA:55,6,0,0
BRDA:55,6,1,0
BRF:14
BRH:3
end_of_record
TN:
SF:hooks\useFriendRequests.ts
FN:31,useFriendRequests
FN:33,(anonymous_1)
FN:34,(anonymous_2)
FN:37,(anonymous_3)
FN:41,(anonymous_4)
FN:50,(anonymous_5)
FN:58,(anonymous_6)
FN:59,(anonymous_7)
FN:77,(anonymous_8)
FN:80,(anonymous_9)
FN:80,(anonymous_10)
FN:84,buildMockRequests
FN:86,(anonymous_12)
FN:87,(anonymous_13)
FN:88,(anonymous_14)
FNF:15
FNH:11
FNDA:84,useFriendRequests
FNDA:267,(anonymous_1)
FNDA:28,(anonymous_2)
FNDA:28,(anonymous_3)
FNDA:32,(anonymous_4)
FNDA:0,(anonymous_5)
FNDA:0,(anonymous_6)
FNDA:0,(anonymous_7)
FNDA:0,(anonymous_8)
FNDA:2,(anonymous_9)
FNDA:2,(anonymous_10)
FNDA:60,buildMockRequests
FNDA:120,(anonymous_12)
FNDA:112,(anonymous_13)
FNDA:112,(anonymous_14)
DA:32,84
DA:33,267
DA:34,84
DA:35,28
DA:37,84
DA:38,84
DA:39,84
DA:41,84
DA:42,32
DA:43,32
DA:44,32
DA:45,32
DA:47,0
DA:48,0
DA:49,0
DA:50,0
DA:51,0
DA:52,0
DA:58,0
DA:59,0
DA:66,0
DA:68,0
DA:69,0
DA:70,0
DA:72,0
DA:73,0
DA:74,0
DA:77,0
DA:80,84
DA:81,84
DA:85,60
DA:86,120
DA:87,112
DA:88,112
LF:34
LH:18
BRDA:35,0,0,28
BRDA:35,0,1,0
BRDA:42,1,0,32
BRDA:42,1,1,0
BRDA:68,2,0,0
BRDA:68,2,1,0
BRDA:72,3,0,0
BRDA:72,3,1,0
BRDA:73,4,0,0
BRDA:73,4,1,0
BRF:10
BRH:2
end_of_record
TN:
SF:hooks\useFriends.ts
FN:24,useFriends
FN:26,(anonymous_1)
FN:27,(anonymous_2)
FN:28,(anonymous_3)
FN:30,(anonymous_4)
FN:34,(anonymous_5)
FN:36,(anonymous_6)
FN:44,(anonymous_7)
FN:49,(anonymous_8)
FN:54,(anonymous_9)
FN:57,(anonymous_10)
FN:57,(anonymous_11)
FNF:12
FNH:7
FNDA:68,useFriends
FNDA:214,(anonymous_1)
FNDA:26,(anonymous_2)
FNDA:130,(anonymous_3)
FNDA:26,(anonymous_4)
FNDA:26,(anonymous_5)
FNDA:130,(anonymous_6)
FNDA:0,(anonymous_7)
FNDA:0,(anonymous_8)
FNDA:0,(anonymous_9)
FNDA:0,(anonymous_10)
FNDA:0,(anonymous_11)
DA:25,68
DA:26,214
DA:27,68
DA:28,130
DA:30,68
DA:31,68
DA:32,68
DA:34,68
DA:35,26
DA:36,130
DA:37,26
DA:38,26
DA:40,0
DA:41,0
DA:42,0
DA:43,0
DA:45,0
DA:46,0
DA:47,0
DA:50,0
DA:51,0
DA:52,0
DA:54,0
DA:57,68
DA:58,68
LF:25
LH:14
BRDA:28,0,0,26
BRDA:28,0,1,0
BRDA:35,1,0,26
BRDA:35,1,1,0
BRDA:45,2,0,0
BRDA:45,2,1,0
BRDA:50,3,0,0
BRDA:50,3,1,0
BRDA:51,4,0,0
BRDA:51,4,1,0
BRF:10
BRH:2
end_of_record
TN:
SF:hooks\useHostAnalytics.ts
FN:23,useHostAnalytics
FN:26,(anonymous_1)
FN:30,(anonymous_2)
FN:43,(anonymous_3)
FN:49,(anonymous_4)
FN:54,(anonymous_5)
FN:57,(anonymous_6)
FN:57,(anonymous_7)
FNF:8
FNH:0
FNDA:0,useHostAnalytics
FNDA:0,(anonymous_1)
FNDA:0,(anonymous_2)
FNDA:0,(anonymous_3)
FNDA:0,(anonymous_4)
FNDA:0,(anonymous_5)
FNDA:0,(anonymous_6)
FNDA:0,(anonymous_7)
DA:24,0
DA:25,0
DA:26,0
DA:27,0
DA:28,0
DA:30,0
DA:31,0
DA:32,0
DA:33,0
DA:34,0
DA:35,0
DA:37,0
DA:38,0
DA:39,0
DA:40,0
DA:41,0
DA:42,0
DA:44,0
DA:45,0
DA:46,0
DA:47,0
DA:50,0
DA:51,0
DA:52,0
DA:54,0
DA:57,0
DA:58,0
LF:27
LH:0
BRDA:26,0,0,0
BRDA:26,0,1,0
BRDA:31,1,0,0
BRDA:31,1,1,0
BRDA:31,2,0,0
BRDA:31,2,1,0
BRDA:40,3,0,0
BRDA:40,3,1,0
BRDA:41,4,0,0
BRDA:41,4,1,0
BRDA:44,5,0,0
BRDA:44,5,1,0
BRDA:50,6,0,0
BRDA:50,6,1,0
BRDA:51,7,0,0
BRDA:51,7,1,0
BRF:16
BRH:0
end_of_record
TN:
SF:hooks\useHostedEvents.ts
FN:21,useHostedEvents
FN:23,(anonymous_1)
FN:24,(anonymous_2)
FN:26,(anonymous_3)
FN:30,(anonymous_4)
FN:42,(anonymous_5)
FN:47,(anonymous_6)
FN:52,(anonymous_7)
FN:55,(anonymous_8)
FN:55,(anonymous_9)
FNF:10
FNH:7
FNDA:80,useHostedEvents
FNDA:30,(anonymous_1)
FNDA:261,(anonymous_2)
FNDA:30,(anonymous_3)
FNDA:30,(anonymous_4)
FNDA:29,(anonymous_5)
FNDA:0,(anonymous_6)
FNDA:29,(anonymous_7)
FNDA:0,(anonymous_8)
FNDA:0,(anonymous_9)
DA:22,80
DA:23,80
DA:24,261
DA:26,80
DA:27,80
DA:28,80
DA:30,80
DA:31,30
DA:32,1
DA:33,1
DA:34,1
DA:36,29
DA:37,29
DA:38,0
DA:39,0
DA:41,29
DA:43,29
DA:44,29
DA:45,29
DA:48,0
DA:49,0
DA:50,0
DA:52,29
DA:55,80
DA:56,80
LF:25
LH:20
BRDA:24,0,0,29
BRDA:24,0,1,1
BRDA:24,1,0,30
BRDA:24,1,1,30
BRDA:26,2,0,30
BRDA:26,2,1,0
BRDA:31,3,0,1
BRDA:31,3,1,29
BRDA:37,4,0,0
BRDA:37,4,1,29
BRDA:43,5,0,0
BRDA:43,5,1,29
BRDA:48,6,0,0
BRDA:48,6,1,0
BRDA:49,7,0,0
BRDA:49,7,1,0
BRF:16
BRH:9
end_of_record
TN:
SF:hooks\useImagePicker.ts
FN:20,useImagePicker
FN:25,(anonymous_1)
FN:52,(anonymous_2)
FNF:3
FNH:3
FNDA:48,useImagePicker
FNDA:4,(anonymous_1)
FNDA:1,(anonymous_2)
DA:21,48
DA:22,48
DA:23,48
DA:25,48
DA:26,4
DA:27,4
DA:28,4
DA:29,4
DA:30,4
DA:31,1
DA:32,1
DA:34,3
DA:40,3
DA:41,2
DA:42,2
DA:43,2
DA:45,0
DA:46,0
DA:48,4
DA:52,48
DA:53,1
DA:54,1
DA:57,48
LF:23
LH:21
BRDA:30,0,0,1
BRDA:30,0,1,3
BRDA:40,1,0,1
BRDA:40,1,1,2
BRDA:40,2,0,3
BRDA:40,2,1,2
BRDA:45,3,0,0
BRDA:45,3,1,0
BRF:8
BRH:6
end_of_record
TN:
SF:hooks\useInterest.ts
FN:21,useInterest
FN:23,(anonymous_1)
FN:26,(anonymous_2)
FN:29,(anonymous_3)
FN:41,(anonymous_4)
FN:46,(anonymous_5)
FN:51,(anonymous_6)
FNF:7
FNH:6
FNDA:11,useInterest
FNDA:7,(anonymous_1)
FNDA:7,(anonymous_2)
FNDA:7,(anonymous_3)
FNDA:6,(anonymous_4)
FNDA:0,(anonymous_5)
FNDA:6,(anonymous_6)
DA:22,11
DA:23,11
DA:24,7
DA:26,11
DA:27,11
DA:29,11
DA:30,7
DA:31,1
DA:32,1
DA:33,1
DA:35,6
DA:36,6
DA:37,0
DA:38,0
DA:40,6
DA:42,6
DA:43,6
DA:44,6
DA:47,0
DA:48,0
DA:49,0
DA:51,6
DA:54,11
LF:23
LH:18
BRDA:24,0,0,6
BRDA:24,0,1,1
BRDA:24,1,0,7
BRDA:24,1,1,7
BRDA:24,2,0,6
BRDA:24,2,1,2
BRDA:26,3,0,7
BRDA:26,3,1,0
BRDA:30,4,0,1
BRDA:30,4,1,6
BRDA:36,5,0,0
BRDA:36,5,1,6
BRDA:42,6,0,0
BRDA:42,6,1,6
BRDA:47,7,0,0
BRDA:47,7,1,0
BRDA:48,8,0,0
BRDA:48,8,1,0
BRF:18
BRH:11
end_of_record
TN:
SF:hooks\useInterests.ts
FN:28,useInterests
FN:30,(anonymous_1)
FN:33,(anonymous_2)
FN:37,(anonymous_3)
FN:49,(anonymous_4)
FN:54,(anonymous_5)
FN:59,(anonymous_6)
FN:62,(anonymous_7)
FN:62,(anonymous_8)
FN:66,mockFilter
FN:69,(anonymous_10)
FNF:11
FNH:6
FNDA:46,useInterests
FNDA:16,(anonymous_1)
FNDA:16,(anonymous_2)
FNDA:19,(anonymous_3)
FNDA:0,(anonymous_4)
FNDA:0,(anonymous_5)
FNDA:0,(anonymous_6)
FNDA:0,(anonymous_7)
FNDA:0,(anonymous_8)
FNDA:35,mockFilter
FNDA:24,(anonymous_10)
DA:29,46
DA:30,46
DA:31,16
DA:33,46
DA:34,46
DA:35,46
DA:37,46
DA:38,19
DA:39,19
DA:42,19
DA:43,19
DA:44,19
DA:46,0
DA:47,0
DA:48,0
DA:50,0
DA:51,0
DA:52,0
DA:55,0
DA:56,0
DA:57,0
DA:59,0
DA:62,46
DA:63,46
DA:67,35
DA:68,35
DA:69,24
LF:27
LH:17
BRDA:28,0,0,1
BRDA:31,1,0,16
BRDA:31,1,1,0
BRDA:39,2,0,19
BRDA:39,2,1,0
BRDA:50,3,0,0
BRDA:50,3,1,0
BRDA:55,4,0,0
BRDA:55,4,1,0
BRDA:56,5,0,0
BRDA:56,5,1,0
BRDA:68,6,0,31
BRDA:68,6,1,4
BRF:13
BRH:5
end_of_record
TN:
SF:hooks\useJoinEventHandler.ts
FN:29,useJoinEventHandler
FN:30,(anonymous_1)
FN:31,(anonymous_2)
FN:32,(anonymous_3)
FN:33,(anonymous_4)
FN:34,(anonymous_5)
FN:35,(anonymous_6)
FN:36,(anonymous_7)
FN:38,(anonymous_8)
FN:54,(anonymous_9)
FNF:10
FNH:0
FNDA:0,useJoinEventHandler
FNDA:0,(anonymous_1)
FNDA:0,(anonymous_2)
FNDA:0,(anonymous_3)
FNDA:0,(anonymous_4)
FNDA:0,(anonymous_5)
FNDA:0,(anonymous_6)
FNDA:0,(anonymous_7)
FNDA:0,(anonymous_8)
FNDA:0,(anonymous_9)
DA:30,0
DA:31,0
DA:32,0
DA:33,0
DA:34,0
DA:35,0
DA:36,0
DA:38,0
DA:39,0
DA:43,0
DA:45,0
DA:49,0
DA:50,0
DA:54,0
DA:56,0
DA:57,0
DA:59,0
DA:68,0
DA:69,0
DA:70,0
DA:71,0
DA:76,0
DA:77,0
DA:86,0
DA:87,0
LF:25
LH:0
BRDA:43,0,0,0
BRDA:43,0,1,0
BRDA:45,1,0,0
BRDA:45,1,1,0
BRDA:60,2,0,0
BRDA:60,2,1,0
BRDA:76,3,0,0
BRDA:76,3,1,0
BRDA:78,4,0,0
BRDA:78,4,1,0
BRDA:88,5,0,0
BRDA:88,5,1,0
BRF:12
BRH:0
end_of_record
TN:
SF:hooks\useJoinedEvents.ts
FN:21,useJoinedEvents
FN:23,(anonymous_1)
FN:24,(anonymous_2)
FN:25,(anonymous_3)
FN:27,(anonymous_4)
FN:31,(anonymous_5)
FN:33,(anonymous_6)
FN:41,(anonymous_7)
FN:42,(anonymous_8)
FN:43,(anonymous_9)
FN:46,(anonymous_10)
FN:46,(anonymous_11)
FNF:12
FNH:7
FNDA:6,useJoinedEvents
FNDA:18,(anonymous_1)
FNDA:3,(anonymous_2)
FNDA:27,(anonymous_3)
FNDA:3,(anonymous_4)
FNDA:3,(anonymous_5)
FNDA:27,(anonymous_6)
FNDA:0,(anonymous_7)
FNDA:0,(anonymous_8)
FNDA:0,(anonymous_9)
FNDA:0,(anonymous_10)
FNDA:0,(anonymous_11)
DA:22,6
DA:23,18
DA:24,6
DA:25,27
DA:27,6
DA:28,6
DA:29,6
DA:31,6
DA:32,3
DA:33,27
DA:34,3
DA:35,3
DA:37,0
DA:38,0
DA:39,0
DA:40,0
DA:41,0
DA:42,0
DA:43,0
DA:46,6
DA:47,6
LF:21
LH:14
BRDA:25,0,0,3
BRDA:25,0,1,0
BRDA:32,1,0,3
BRDA:32,1,1,0
BRDA:41,2,0,0
BRDA:41,2,1,0
BRDA:42,3,0,0
BRDA:42,3,1,0
BRDA:42,4,0,0
BRDA:42,4,1,0
BRF:10
BRH:2
end_of_record
TN:
SF:hooks\useKeyboardHeight.ts
FN:9,useKeyboardHeight
FN:12,(anonymous_1)
FN:17,(anonymous_2)
FN:18,(anonymous_3)
FN:19,(anonymous_4)
FNF:5
FNH:3
FNDA:151,useKeyboardHeight
FNDA:56,(anonymous_1)
FNDA:0,(anonymous_2)
FNDA:0,(anonymous_3)
FNDA:56,(anonymous_4)
DA:10,151
DA:12,151
DA:15,56
DA:16,56
DA:17,56
DA:18,56
DA:19,56
DA:22,151
LF:8
LH:8
BRDA:15,0,0,56
BRDA:15,0,1,0
BRDA:16,1,0,56
BRDA:16,1,1,0
BRDA:17,2,0,0
BRDA:17,2,1,0
BRF:6
BRH:2
end_of_record
TN:
SF:hooks\useLocation.ts
FN:24,useLocation
FN:33,(anonymous_1)
FN:52,(anonymous_2)
FNF:3
FNH:3
FNDA:191,useLocation
FNDA:51,(anonymous_1)
FNDA:51,(anonymous_2)
DA:25,191
DA:26,191
DA:33,191
DA:34,51
DA:35,51
DA:36,51
DA:37,51
DA:38,0
DA:39,0
DA:41,51
DA:45,51
DA:46,51
DA:48,0
DA:52,191
DA:55,51
DA:56,51
DA:60,0
DA:64,191
LF:18
LH:14
BRDA:37,0,0,0
BRDA:37,0,1,51
BRDA:55,1,0,51
BRDA:55,1,1,0
BRF:4
BRH:2
end_of_record
TN:
SF:hooks\useNotifications.ts
FN:67,emit
FN:71,setCache
FN:80,loadOnce
FN:98,openSubscription
FN:111,(anonymous_4)
FN:114,(anonymous_5)
FN:115,(anonymous_6)
FN:122,closeSubscription
FN:128,resetForUser
FN:143,useNotifications
FN:145,(anonymous_10)
FN:148,(anonymous_11)
FN:155,(anonymous_12)
FN:156,(anonymous_13)
FN:158,(anonymous_14)
FN:161,(anonymous_15)
FN:169,(anonymous_16)
FN:178,(anonymous_17)
FN:184,(anonymous_18)
FN:198,(anonymous_19)
FN:199,(anonymous_20)
FN:199,(anonymous_21)
FN:213,(anonymous_22)
FN:214,(anonymous_23)
FN:214,(anonymous_24)
FNF:25
FNH:0
FNDA:0,emit
FNDA:0,setCache
FNDA:0,loadOnce
FNDA:0,openSubscription
FNDA:0,(anonymous_4)
FNDA:0,(anonymous_5)
FNDA:0,(anonymous_6)
FNDA:0,closeSubscription
FNDA:0,resetForUser
FNDA:0,useNotifications
FNDA:0,(anonymous_10)
FNDA:0,(anonymous_11)
FNDA:0,(anonymous_12)
FNDA:0,(anonymous_13)
FNDA:0,(anonymous_14)
FNDA:0,(anonymous_15)
FNDA:0,(anonymous_16)
FNDA:0,(anonymous_17)
FNDA:0,(anonymous_18)
FNDA:0,(anonymous_19)
FNDA:0,(anonymous_20)
FNDA:0,(anonymous_21)
FNDA:0,(anonymous_22)
FNDA:0,(anonymous_23)
FNDA:0,(anonymous_24)
DA:58,0
DA:59,0
DA:60,0
DA:61,0
DA:62,0
DA:63,0
DA:64,0
DA:65,0
DA:68,0
DA:74,0
DA:77,0
DA:81,0
DA:82,0
DA:83,0
DA:84,0
DA:85,0
DA:86,0
DA:87,0
DA:88,0
DA:89,0
DA:91,0
DA:93,0
DA:94,0
DA:99,0
DA:100,0
DA:101,0
DA:112,0
DA:113,0
DA:114,0
DA:115,0
DA:123,0
DA:124,0
DA:125,0
DA:132,0
DA:133,0
DA:134,0
DA:135,0
DA:136,0
DA:137,0
DA:138,0
DA:144,0
DA:145,0
DA:148,0
DA:152,0
DA:155,0
DA:156,0
DA:157,0
DA:158,0
DA:160,0
DA:161,0
DA:162,0
DA:169,0
DA:170,0
DA:171,0
DA:173,0
DA:174,0
DA:175,0
DA:177,0
DA:178,0
DA:179,0
DA:180,0
DA:184,0
DA:185,0
DA:186,0
DA:187,0
DA:188,0
DA:198,0
DA:199,0
DA:200,0
DA:201,0
DA:202,0
DA:213,0
DA:214,0
DA:215,0
DA:216,0
DA:217,0
DA:218,0
DA:223,0
DA:229,0
LF:79
LH:0
BRDA:74,0,0,0
BRDA:74,0,1,0
BRDA:81,1,0,0
BRDA:81,1,1,0
BRDA:81,2,0,0
BRDA:81,2,1,0
BRDA:89,3,0,0
BRDA:89,3,1,0
BRDA:91,4,0,0
BRDA:91,4,1,0
BRDA:99,5,0,0
BRDA:99,5,1,0
BRDA:99,6,0,0
BRDA:99,6,1,0
BRDA:113,7,0,0
BRDA:113,7,1,0
BRDA:115,8,0,0
BRDA:115,8,1,0
BRDA:123,9,0,0
BRDA:123,9,1,0
BRDA:123,10,0,0
BRDA:123,10,1,0
BRDA:170,11,0,0
BRDA:170,11,1,0
BRDA:171,12,0,0
BRDA:171,12,1,0
BRDA:171,13,0,0
BRDA:171,13,1,0
BRDA:171,13,2,0
BRDA:173,14,0,0
BRDA:173,14,1,0
BRDA:173,15,0,0
BRDA:173,15,1,0
BRDA:180,16,0,0
BRDA:180,16,1,0
BRDA:185,17,0,0
BRDA:185,17,1,0
BRDA:186,18,0,0
BRDA:186,18,1,0
BRDA:199,19,0,0
BRDA:199,19,1,0
BRDA:200,20,0,0
BRDA:200,20,1,0
BRDA:214,21,0,0
BRDA:214,21,1,0
BRDA:215,22,0,0
BRDA:215,22,1,0
BRDA:216,23,0,0
BRDA:216,23,1,0
BRDA:216,24,0,0
BRDA:216,24,1,0
BRDA:216,24,2,0
BRDA:223,25,0,0
BRDA:223,25,1,0
BRF:54
BRH:0
end_of_record
TN:
SF:hooks\useOptimisticAttendees.ts
FN:34,useOptimisticAttendees
FN:42,(anonymous_1)
FN:44,(anonymous_2)
FN:45,(anonymous_3)
FN:48,(anonymous_4)
FN:48,(anonymous_5)
FNF:6
FNH:0
FNDA:0,useOptimisticAttendees
FNDA:0,(anonymous_1)
FNDA:0,(anonymous_2)
FNDA:0,(anonymous_3)
FNDA:0,(anonymous_4)
FNDA:0,(anonymous_5)
DA:38,0
DA:42,0
DA:44,0
DA:45,0
DA:48,0
DA:49,0
DA:50,0
DA:51,0
DA:52,0
DA:55,0
LF:10
LH:0
BRDA:45,0,0,0
BRDA:45,0,1,0
BRDA:45,1,0,0
BRDA:45,1,1,0
BRDA:50,2,0,0
BRDA:50,2,1,0
BRDA:51,3,0,0
BRDA:51,3,1,0
BRDA:52,4,0,0
BRDA:52,4,1,0
BRF:10
BRH:0
end_of_record
TN:
SF:hooks\useOutgoingRequests.ts
FN:24,useOutgoingRequests
FN:26,(anonymous_1)
FN:27,(anonymous_2)
FN:28,(anonymous_3)
FN:32,(anonymous_4)
FN:41,(anonymous_5)
FN:44,(anonymous_6)
FN:44,(anonymous_7)
FN:46,(anonymous_8)
FN:54,(anonymous_9)
FN:57,(anonymous_10)
FN:57,(anonymous_11)
FN:61,buildMock
FN:63,(anonymous_13)
FN:64,(anonymous_14)
FNF:15
FNH:10
FNDA:57,useOutgoingRequests
FNDA:178,(anonymous_1)
FNDA:17,(anonymous_2)
FNDA:17,(anonymous_3)
FNDA:19,(anonymous_4)
FNDA:0,(anonymous_5)
FNDA:0,(anonymous_6)
FNDA:0,(anonymous_7)
FNDA:0,(anonymous_8)
FNDA:0,(anonymous_9)
FNDA:1,(anonymous_10)
FNDA:1,(anonymous_11)
FNDA:36,buildMock
FNDA:32,(anonymous_13)
FNDA:32,(anonymous_14)
DA:25,57
DA:26,178
DA:27,57
DA:28,57
DA:29,57
DA:30,57
DA:32,57
DA:33,19
DA:34,19
DA:35,19
DA:36,19
DA:38,0
DA:39,0
DA:40,0
DA:41,0
DA:42,0
DA:43,0
DA:44,0
DA:45,0
DA:46,0
DA:47,0
DA:49,0
DA:50,0
DA:51,0
DA:54,0
DA:57,57
DA:58,57
DA:62,36
DA:63,32
DA:64,32
LF:30
LH:16
BRDA:27,0,0,17
BRDA:27,0,1,0
BRDA:33,1,0,19
BRDA:33,1,1,0
BRDA:45,2,0,0
BRDA:45,2,1,0
BRDA:49,3,0,0
BRDA:49,3,1,0
BRDA:50,4,0,0
BRDA:50,4,1,0
BRF:10
BRH:2
end_of_record
TN:
SF:hooks\useProfile.ts
FN:22,useProfile
FN:24,(anonymous_1)
FN:27,(anonymous_2)
FN:31,(anonymous_3)
FN:43,(anonymous_4)
FN:48,(anonymous_5)
FN:53,(anonymous_6)
FN:56,(anonymous_7)
FN:56,(anonymous_8)
FNF:9
FNH:6
FNDA:59,useProfile
FNDA:29,(anonymous_1)
FNDA:29,(anonymous_2)
FNDA:29,(anonymous_3)
FNDA:25,(anonymous_4)
FNDA:0,(anonymous_5)
FNDA:25,(anonymous_6)
FNDA:0,(anonymous_7)
FNDA:0,(anonymous_8)
DA:23,59
DA:24,59
DA:25,29
DA:27,59
DA:28,59
DA:29,59
DA:31,59
DA:32,29
DA:33,4
DA:34,4
DA:35,4
DA:37,25
DA:38,25
DA:39,0
DA:40,0
DA:42,25
DA:44,25
DA:45,25
DA:46,25
DA:49,0
DA:50,0
DA:51,0
DA:53,25
DA:56,59
DA:57,59
LF:25
LH:20
BRDA:25,0,0,25
BRDA:25,0,1,4
BRDA:25,1,0,29
BRDA:25,1,1,29
BRDA:25,2,0,25
BRDA:25,2,1,0
BRDA:27,3,0,29
BRDA:27,3,1,0
BRDA:32,4,0,4
BRDA:32,4,1,25
BRDA:38,5,0,0
BRDA:38,5,1,25
BRDA:44,6,0,0
BRDA:44,6,1,25
BRDA:49,7,0,0
BRDA:49,7,1,0
BRDA:50,8,0,0
BRDA:50,8,1,0
BRF:18
BRH:10
end_of_record
TN:
SF:hooks\useRatings.ts
FN:18,useRatings
FN:20,(anonymous_1)
FN:21,(anonymous_2)
FN:23,(anonymous_3)
FN:27,(anonymous_4)
FN:39,(anonymous_5)
FN:44,(anonymous_6)
FN:49,(anonymous_7)
FN:52,(anonymous_8)
FN:52,(anonymous_9)
FNF:10
FNH:7
FNDA:73,useRatings
FNDA:27,(anonymous_1)
FNDA:754,(anonymous_2)
FNDA:27,(anonymous_3)
FNDA:27,(anonymous_4)
FNDA:26,(anonymous_5)
FNDA:0,(anonymous_6)
FNDA:26,(anonymous_7)
FNDA:0,(anonymous_8)
FNDA:0,(anonymous_9)
DA:19,73
DA:20,73
DA:21,754
DA:23,73
DA:24,73
DA:25,73
DA:27,73
DA:28,27
DA:29,1
DA:30,1
DA:31,1
DA:33,26
DA:34,26
DA:35,0
DA:36,0
DA:38,26
DA:40,26
DA:41,26
DA:42,26
DA:45,0
DA:46,0
DA:47,0
DA:49,26
DA:52,73
DA:53,73
LF:25
LH:20
BRDA:21,0,0,26
BRDA:21,0,1,1
BRDA:21,1,0,27
BRDA:21,1,1,27
BRDA:23,2,0,27
BRDA:23,2,1,0
BRDA:28,3,0,1
BRDA:28,3,1,26
BRDA:34,4,0,0
BRDA:34,4,1,26
BRDA:40,5,0,0
BRDA:40,5,1,26
BRDA:45,6,0,0
BRDA:45,6,1,0
BRDA:46,7,0,0
BRDA:46,7,1,0
BRF:16
BRH:9
end_of_record
TN:
SF:hooks\useSearch.ts
FN:20,peopleMockFilter
FN:23,(anonymous_1)
FN:26,(anonymous_2)
FN:30,orgsMockFilter
FN:33,(anonymous_4)
FN:39,useSearchPeople
FN:41,(anonymous_6)
FN:42,(anonymous_7)
FN:46,(anonymous_8)
FN:56,(anonymous_9)
FN:57,(anonymous_10)
FN:58,(anonymous_11)
FN:61,(anonymous_12)
FN:61,(anonymous_13)
FN:65,useSearchOrgs
FN:67,(anonymous_15)
FN:68,(anonymous_16)
FN:72,(anonymous_17)
FN:82,(anonymous_18)
FN:83,(anonymous_19)
FN:84,(anonymous_20)
FN:87,(anonymous_21)
FN:87,(anonymous_22)
FNF:23
FNH:13
FNDA:37,peopleMockFilter
FNDA:5,(anonymous_1)
FNDA:13,(anonymous_2)
FNDA:19,orgsMockFilter
FNDA:4,(anonymous_4)
FNDA:52,useSearchPeople
FNDA:18,(anonymous_6)
FNDA:18,(anonymous_7)
FNDA:19,(anonymous_8)
FNDA:0,(anonymous_9)
FNDA:0,(anonymous_10)
FNDA:0,(anonymous_11)
FNDA:0,(anonymous_12)
FNDA:0,(anonymous_13)
FNDA:16,useSearchOrgs
FNDA:9,(anonymous_15)
FNDA:9,(anonymous_16)
FNDA:10,(anonymous_17)
FNDA:0,(anonymous_18)
FNDA:0,(anonymous_19)
FNDA:0,(anonymous_20)
FNDA:0,(anonymous_21)
FNDA:0,(anonymous_22)
DA:21,37
DA:22,37
DA:23,1
DA:24,5
DA:26,13
DA:31,19
DA:32,19
DA:33,1
DA:34,4
DA:40,52
DA:41,52
DA:42,52
DA:43,52
DA:44,52
DA:46,52
DA:47,19
DA:48,19
DA:49,19
DA:50,19
DA:51,19
DA:53,0
DA:54,0
DA:55,0
DA:56,0
DA:57,0
DA:58,0
DA:61,52
DA:62,52
DA:66,16
DA:67,16
DA:68,16
DA:69,16
DA:70,16
DA:72,16
DA:73,10
DA:74,10
DA:75,10
DA:76,10
DA:77,10
DA:79,0
DA:80,0
DA:81,0
DA:82,0
DA:83,0
DA:84,0
DA:87,16
DA:88,16
LF:47
LH:35
BRDA:22,0,0,36
BRDA:22,0,1,1
BRDA:24,1,0,5
BRDA:24,1,1,5
BRDA:24,1,2,5
BRDA:25,2,0,5
BRDA:25,2,1,0
BRDA:26,3,0,5
BRDA:26,3,1,0
BRDA:32,4,0,18
BRDA:32,4,1,1
BRDA:34,5,0,4
BRDA:34,5,1,3
BRDA:35,6,0,3
BRDA:35,6,1,3
BRDA:35,6,2,0
BRDA:39,7,0,0
BRDA:41,8,0,18
BRDA:41,8,1,0
BRDA:48,9,0,19
BRDA:48,9,1,0
BRDA:56,10,0,0
BRDA:56,10,1,0
BRDA:57,11,0,0
BRDA:57,11,1,0
BRDA:57,12,0,0
BRDA:57,12,1,0
BRDA:65,13,0,0
BRDA:67,14,0,9
BRDA:67,14,1,0
BRDA:74,15,0,10
BRDA:74,15,1,0
BRDA:82,16,0,0
BRDA:82,16,1,0
BRDA:83,17,0,0
BRDA:83,17,1,0
BRDA:83,18,0,0
BRDA:83,18,1,0
BRF:38
BRH:17
end_of_record
TN:
SF:hooks\useUserInterests.ts
FN:18,useUserInterests
FN:20,(anonymous_1)
FN:23,(anonymous_2)
FN:26,(anonymous_3)
FN:32,(anonymous_4)
FN:33,(anonymous_5)
FN:34,(anonymous_6)
FN:37,(anonymous_7)
FN:37,(anonymous_8)
FNF:9
FNH:4
FNDA:30,useUserInterests
FNDA:12,(anonymous_1)
FNDA:12,(anonymous_2)
FNDA:12,(anonymous_3)
FNDA:0,(anonymous_4)
FNDA:0,(anonymous_5)
FNDA:0,(anonymous_6)
FNDA:0,(anonymous_7)
FNDA:0,(anonymous_8)
DA:19,30
DA:20,30
DA:21,12
DA:23,30
DA:24,30
DA:26,30
DA:27,12
DA:28,12
DA:29,0
DA:30,0
DA:31,0
DA:32,0
DA:33,0
DA:34,0
DA:37,30
DA:38,30
LF:16
LH:10
BRDA:21,0,0,12
BRDA:21,0,1,0
BRDA:21,1,0,12
BRDA:21,1,1,12
BRDA:21,2,0,12
BRDA:21,2,1,0
BRDA:23,3,0,12
BRDA:23,3,1,0
BRDA:27,4,0,0
BRDA:27,4,1,12
BRDA:28,5,0,12
BRDA:28,5,1,0
BRDA:28,6,0,12
BRDA:28,6,1,0
BRDA:32,7,0,0
BRDA:32,7,1,0
BRDA:33,8,0,0
BRDA:33,8,1,0
BRF:18
BRH:8
end_of_record
TN:
SF:lib\api.ts
FN:74,(anonymous_0)
FN:77,(anonymous_1)
FN:78,(anonymous_2)
FN:116,num
FN:122,transformEventRow
FN:144,(anonymous_5)
FN:187,transformProfileRow
FN:206,(anonymous_7)
FN:213,aggregateInterests
FN:221,(anonymous_9)
FN:222,(anonymous_10)
FN:225,mockAnalyticsByCity
FN:228,(anonymous_12)
FN:231,(anonymous_13)
FN:237,mockAnalyticsByVenue
FN:240,(anonymous_15)
FN:244,requireClient
FN:256,(anonymous_17)
FN:312,(anonymous_18)
FN:320,(anonymous_19)
FN:328,(anonymous_20)
FN:347,(anonymous_21)
FN:361,(anonymous_22)
FN:370,(anonymous_23)
FN:377,(anonymous_24)
FN:384,(anonymous_25)
FN:404,(anonymous_26)
FN:418,(anonymous_27)
FN:427,(anonymous_28)
FN:428,(anonymous_29)
FN:438,(anonymous_30)
FN:441,(anonymous_31)
FN:454,(anonymous_32)
FN:464,(anonymous_33)
FN:471,(anonymous_34)
FN:517,(anonymous_35)
FN:533,(anonymous_36)
FN:551,(anonymous_37)
FN:568,(anonymous_38)
FN:579,(anonymous_39)
FN:593,(anonymous_40)
FN:603,(anonymous_41)
FN:642,(anonymous_42)
FN:653,(anonymous_43)
FN:669,(anonymous_44)
FN:673,(anonymous_45)
FN:676,(anonymous_46)
FN:690,(anonymous_47)
FN:694,(anonymous_48)
FN:698,(anonymous_49)
FN:711,(anonymous_50)
FN:717,(anonymous_51)
FN:720,(anonymous_52)
FN:728,(anonymous_53)
FN:731,(anonymous_54)
FN:753,(anonymous_55)
FN:779,(anonymous_56)
FN:791,(anonymous_57)
FN:804,(anonymous_58)
FN:814,(anonymous_59)
FN:852,(anonymous_60)
FN:865,(anonymous_61)
FN:880,(anonymous_62)
FN:894,(anonymous_63)
FN:916,(anonymous_64)
FN:927,(anonymous_65)
FN:949,(anonymous_66)
FN:950,(anonymous_67)
FN:964,(anonymous_68)
FN:975,(anonymous_69)
FN:988,(anonymous_70)
FN:990,(anonymous_71)
FN:1001,(anonymous_72)
FN:1012,(anonymous_73)
FN:1034,(anonymous_74)
FN:1044,(anonymous_75)
FN:1045,(anonymous_76)
FN:1053,(anonymous_77)
FN:1084,(anonymous_78)
FN:1143,(anonymous_79)
FN:1154,(anonymous_80)
FN:1168,(anonymous_81)
FN:1179,(anonymous_82)
FN:1208,(anonymous_83)
FN:1212,(anonymous_84)
FN:1218,(anonymous_85)
FN:1220,(anonymous_86)
FN:1240,(anonymous_87)
FN:1258,(anonymous_88)
FN:1289,(anonymous_89)
FN:1294,(anonymous_90)
FN:1319,(anonymous_91)
FN:1320,(anonymous_92)
FN:1326,(anonymous_93)
FN:1328,(anonymous_94)
FN:1335,(anonymous_95)
FN:1367,(anonymous_96)
FN:1380,(anonymous_97)
FN:1387,(anonymous_98)
FN:1388,(anonymous_99)
FN:1406,(anonymous_100)
FN:1426,(anonymous_101)
FN:1438,(anonymous_102)
FN:1450,(anonymous_103)
FN:1466,(anonymous_104)
FN:1480,(anonymous_105)
FNF:106
FNH:49
FNDA:874,(anonymous_0)
FNDA:9,(anonymous_1)
FNDA:64,(anonymous_2)
FNDA:0,num
FNDA:0,transformEventRow
FNDA:0,(anonymous_5)
FNDA:0,transformProfileRow
FNDA:1207,(anonymous_7)
FNDA:0,aggregateInterests
FNDA:0,(anonymous_9)
FNDA:0,(anonymous_10)
FNDA:0,mockAnalyticsByCity
FNDA:0,(anonymous_12)
FNDA:0,(anonymous_13)
FNDA:0,mockAnalyticsByVenue
FNDA:0,(anonymous_15)
FNDA:0,requireClient
FNDA:0,(anonymous_17)
FNDA:1,(anonymous_18)
FNDA:1,(anonymous_19)
FNDA:0,(anonymous_20)
FNDA:1,(anonymous_21)
FNDA:1,(anonymous_22)
FNDA:1,(anonymous_23)
FNDA:0,(anonymous_24)
FNDA:35,(anonymous_25)
FNDA:0,(anonymous_26)
FNDA:0,(anonymous_27)
FNDA:29,(anonymous_28)
FNDA:261,(anonymous_29)
FNDA:0,(anonymous_30)
FNDA:27,(anonymous_31)
FNDA:0,(anonymous_32)
FNDA:0,(anonymous_33)
FNDA:3,(anonymous_34)
FNDA:1,(anonymous_35)
FNDA:1,(anonymous_36)
FNDA:1,(anonymous_37)
FNDA:12,(anonymous_38)
FNDA:0,(anonymous_39)
FNDA:0,(anonymous_40)
FNDA:2,(anonymous_41)
FNDA:0,(anonymous_42)
FNDA:26,(anonymous_43)
FNDA:4,(anonymous_44)
FNDA:15,(anonymous_45)
FNDA:40,(anonymous_46)
FNDA:0,(anonymous_47)
FNDA:2,(anonymous_48)
FNDA:4,(anonymous_49)
FNDA:0,(anonymous_50)
FNDA:2,(anonymous_51)
FNDA:3,(anonymous_52)
FNDA:0,(anonymous_53)
FNDA:2,(anonymous_54)
FNDA:1,(anonymous_55)
FNDA:1,(anonymous_56)
FNDA:0,(anonymous_57)
FNDA:1,(anonymous_58)
FNDA:1,(anonymous_59)
FNDA:1,(anonymous_60)
FNDA:0,(anonymous_61)
FNDA:1,(anonymous_62)
FNDA:1,(anonymous_63)
FNDA:0,(anonymous_64)
FNDA:0,(anonymous_65)
FNDA:0,(anonymous_66)
FNDA:0,(anonymous_67)
FNDA:0,(anonymous_68)
FNDA:0,(anonymous_69)
FNDA:3,(anonymous_70)
FNDA:18,(anonymous_71)
FNDA:0,(anonymous_72)
FNDA:6,(anonymous_73)
FNDA:0,(anonymous_74)
FNDA:0,(anonymous_75)
FNDA:0,(anonymous_76)
FNDA:0,(anonymous_77)
FNDA:0,(anonymous_78)
FNDA:0,(anonymous_79)
FNDA:0,(anonymous_80)
FNDA:0,(anonymous_81)
FNDA:1,(anonymous_82)
FNDA:0,(anonymous_83)
FNDA:0,(anonymous_84)
FNDA:0,(anonymous_85)
FNDA:0,(anonymous_86)
FNDA:2,(anonymous_87)
FNDA:1,(anonymous_88)
FNDA:5,(anonymous_89)
FNDA:7,(anonymous_90)
FNDA:0,(anonymous_91)
FNDA:0,(anonymous_92)
FNDA:0,(anonymous_93)
FNDA:0,(anonymous_94)
FNDA:3,(anonymous_95)
FNDA:20,(anonymous_96)
FNDA:0,(anonymous_97)
FNDA:26,(anonymous_98)
FNDA:754,(anonymous_99)
FNDA:0,(anonymous_100)
FNDA:0,(anonymous_101)
FNDA:0,(anonymous_102)
FNDA:1,(anonymous_103)
FNDA:1,(anonymous_104)
FNDA:0,(anonymous_105)
DA:48,38
DA:73,38
DA:74,874
DA:77,38
DA:78,64
DA:117,0
DA:118,0
DA:119,0
DA:123,0
DA:131,0
DA:138,0
DA:145,0
DA:188,0
DA:204,38
DA:206,1207
DA:214,0
DA:215,0
DA:216,0
DA:217,0
DA:220,0
DA:221,0
DA:222,0
DA:226,0
DA:227,0
DA:228,0
DA:229,0
DA:231,0
DA:234,0
DA:238,0
DA:239,0
DA:240,0
DA:241,0
DA:245,0
DA:246,0
DA:250,38
DA:263,0
DA:264,0
DA:271,0
DA:274,0
DA:279,0
DA:285,0
DA:286,0
DA:287,0
DA:288,0
DA:302,0
DA:309,0
DA:313,1
DA:314,0
DA:315,0
DA:316,0
DA:317,0
DA:321,1
DA:322,0
DA:329,0
DA:330,0
DA:331,0
DA:332,0
DA:348,1
DA:349,0
DA:352,0
DA:353,0
DA:354,0
DA:362,1
DA:363,0
DA:364,0
DA:365,0
DA:371,1
DA:372,0
DA:373,0
DA:374,0
DA:378,0
DA:379,0
DA:380,0
DA:385,35
DA:386,0
DA:387,0
DA:388,0
DA:396,0
DA:397,0
DA:404,0
DA:405,0
DA:406,0
DA:410,0
DA:411,0
DA:412,0
DA:413,0
DA:414,0
DA:416,0
DA:418,0
DA:419,0
DA:428,261
DA:429,0
DA:430,0
DA:435,0
DA:436,0
DA:437,0
DA:438,0
DA:442,27
DA:443,0
DA:444,0
DA:449,0
DA:450,0
DA:451,0
DA:455,0
DA:456,0
DA:460,0
DA:461,0
DA:462,0
DA:463,0
DA:464,0
DA:466,0
DA:467,0
DA:468,0
DA:476,3
DA:477,0
DA:478,0
DA:479,0
DA:487,0
DA:491,0
DA:493,0
DA:494,0
DA:499,0
DA:500,0
DA:501,0
DA:507,0
DA:509,0
DA:518,1
DA:519,0
DA:520,0
DA:521,0
DA:522,0
DA:528,0
DA:529,0
DA:531,0
DA:534,1
DA:535,0
DA:536,0
DA:537,0
DA:538,0
DA:542,0
DA:543,0
DA:552,1
DA:553,0
DA:554,0
DA:555,0
DA:556,0
DA:560,0
DA:561,0
DA:569,12
DA:570,0
DA:571,0
DA:572,0
DA:573,0
DA:580,0
DA:581,0
DA:582,0
DA:583,0
DA:584,0
DA:585,0
DA:592,0
DA:593,0
DA:619,2
DA:620,0
DA:621,0
DA:622,0
DA:623,0
DA:624,0
DA:625,0
DA:626,0
DA:627,0
DA:628,0
DA:629,0
DA:630,0
DA:633,0
DA:634,0
DA:643,0
DA:644,0
DA:645,0
DA:648,0
DA:649,0
DA:654,26
DA:655,0
DA:656,0
DA:661,0
DA:662,0
DA:670,4
DA:671,4
DA:672,4
DA:673,3
DA:674,15
DA:676,40
DA:679,0
DA:680,0
DA:681,0
DA:686,0
DA:687,0
DA:688,0
DA:689,0
DA:690,0
DA:695,2
DA:696,2
DA:697,2
DA:698,1
DA:699,4
DA:703,0
DA:704,0
DA:708,0
DA:709,0
DA:710,0
DA:711,0
DA:718,2
DA:719,1
DA:720,3
DA:722,0
DA:723,0
DA:727,0
DA:728,0
DA:732,2
DA:733,0
DA:734,0
DA:735,0
DA:739,0
DA:744,0
DA:745,0
DA:754,1
DA:755,0
DA:756,0
DA:757,0
DA:758,0
DA:759,0
DA:760,0
DA:761,0
DA:764,0
DA:765,0
DA:768,0
DA:769,0
DA:770,0
DA:773,0
DA:774,0
DA:780,1
DA:781,0
DA:782,0
DA:783,0
DA:784,0
DA:787,0
DA:788,0
DA:789,0
DA:790,0
DA:791,0
DA:805,1
DA:806,0
DA:809,0
DA:810,0
DA:815,1
DA:816,0
DA:817,0
DA:818,0
DA:826,0
DA:833,0
DA:839,0
DA:840,0
DA:842,0
DA:848,0
DA:849,0
DA:853,1
DA:854,0
DA:855,0
DA:861,0
DA:862,0
DA:866,0
DA:867,0
DA:868,0
DA:869,0
DA:870,0
DA:873,0
DA:874,0
DA:881,1
DA:882,0
DA:883,0
DA:887,0
DA:888,0
DA:895,1
DA:896,0
DA:897,0
DA:898,0
DA:899,0
DA:900,0
DA:901,0
DA:905,0
DA:906,0
DA:917,0
DA:928,0
DA:929,0
DA:930,0
DA:931,0
DA:932,0
DA:933,0
DA:949,0
DA:950,0
DA:955,0
DA:956,0
DA:957,0
DA:965,0
DA:966,0
DA:967,0
DA:968,0
DA:969,0
DA:974,0
DA:975,0
DA:989,3
DA:990,3
DA:991,18
DA:994,0
DA:995,0
DA:996,0
DA:999,0
DA:1000,0
DA:1001,0
DA:1013,6
DA:1014,0
DA:1015,0
DA:1020,0
DA:1021,0
DA:1022,0
DA:1035,0
DA:1036,0
DA:1037,0
DA:1042,0
DA:1043,0
DA:1044,0
DA:1045,0
DA:1054,0
DA:1055,0
DA:1056,0
DA:1057,0
DA:1058,0
DA:1059,0
DA:1060,0
DA:1061,0
DA:1062,0
DA:1064,0
DA:1065,0
DA:1067,0
DA:1069,0
DA:1070,0
DA:1071,0
DA:1073,0
DA:1075,0
DA:1085,0
DA:1088,0
DA:1089,0
DA:1092,0
DA:1093,0
DA:1094,0
DA:1095,0
DA:1096,0
DA:1101,0
DA:1103,0
DA:1104,0
DA:1105,0
DA:1109,0
DA:1110,0
DA:1112,0
DA:1115,0
DA:1123,0
DA:1124,0
DA:1125,0
DA:1126,0
DA:1127,0
DA:1128,0
DA:1133,0
DA:1144,0
DA:1145,0
DA:1146,0
DA:1147,0
DA:1148,0
DA:1155,0
DA:1156,0
DA:1157,0
DA:1158,0
DA:1159,0
DA:1169,0
DA:1170,0
DA:1171,0
DA:1174,0
DA:1175,0
DA:1180,1
DA:1181,0
DA:1182,0
DA:1183,0
DA:1190,0
DA:1194,0
DA:1208,0
DA:1209,0
DA:1210,0
DA:1212,0
DA:1217,0
DA:1218,0
DA:1220,0
DA:1226,0
DA:1247,2
DA:1248,0
DA:1249,0
DA:1254,0
DA:1255,0
DA:1259,1
DA:1260,0
DA:1261,0
DA:1262,0
DA:1268,0
DA:1280,0
DA:1281,0
DA:1290,5
DA:1294,7
DA:1295,5
DA:1296,3
DA:1297,3
DA:1299,0
DA:1300,0
DA:1301,0
DA:1305,0
DA:1310,0
DA:1313,0
DA:1314,0
DA:1315,0
DA:1316,0
DA:1320,0
DA:1321,0
DA:1322,0
DA:1323,0
DA:1326,0
DA:1328,0
DA:1340,3
DA:1343,3
DA:1344,3
DA:1346,0
DA:1354,0
DA:1359,0
DA:1360,0
DA:1368,20
DA:1369,0
DA:1370,0
DA:1378,0
DA:1380,0
DA:1388,754
DA:1389,0
DA:1390,0
DA:1391,0
DA:1405,0
DA:1406,0
DA:1427,0
DA:1428,0
DA:1429,0
DA:1434,0
DA:1435,0
DA:1439,0
DA:1440,0
DA:1451,1
DA:1452,0
DA:1453,0
DA:1454,0
DA:1455,0
DA:1459,0
DA:1460,0
DA:1467,1
DA:1468,0
DA:1469,0
DA:1470,0
DA:1471,0
DA:1475,0
DA:1476,0
DA:1486,0
DA:1487,0
DA:1488,0
DA:1489,0
DA:1490,0
DA:1497,0
DA:1498,0
LF:478
LH:64
BRDA:77,0,0,9
BRDA:77,0,1,1
BRDA:78,1,0,64
BRDA:78,1,1,51
BRDA:117,2,0,0
BRDA:117,2,1,0
BRDA:117,3,0,0
BRDA:117,3,1,0
BRDA:118,4,0,0
BRDA:118,4,1,0
BRDA:119,5,0,0
BRDA:119,5,1,0
BRDA:123,6,0,0
BRDA:123,6,1,0
BRDA:131,7,0,0
BRDA:131,7,1,0
BRDA:133,8,0,0
BRDA:133,8,1,0
BRDA:135,9,0,0
BRDA:135,9,1,0
BRDA:143,10,0,0
BRDA:143,10,1,0
BRDA:144,11,0,0
BRDA:144,11,1,0
BRDA:145,12,0,0
BRDA:145,12,1,0
BRDA:145,13,0,0
BRDA:145,13,1,0
BRDA:145,13,2,0
BRDA:148,14,0,0
BRDA:148,14,1,0
BRDA:150,15,0,0
BRDA:150,15,1,0
BRDA:151,16,0,0
BRDA:151,16,1,0
BRDA:152,17,0,0
BRDA:152,17,1,0
BRDA:157,18,0,0
BRDA:157,18,1,0
BRDA:158,19,0,0
BRDA:158,19,1,0
BRDA:161,20,0,0
BRDA:161,20,1,0
BRDA:190,21,0,0
BRDA:190,21,1,0
BRDA:191,22,0,0
BRDA:191,22,1,0
BRDA:192,23,0,0
BRDA:192,23,1,0
BRDA:193,24,0,0
BRDA:193,24,1,0
BRDA:194,25,0,0
BRDA:194,25,1,0
BRDA:195,26,0,0
BRDA:195,26,1,0
BRDA:196,27,0,0
BRDA:196,27,1,0
BRDA:216,28,0,0
BRDA:216,28,1,0
BRDA:217,29,0,0
BRDA:217,29,1,0
BRDA:227,30,0,0
BRDA:227,30,1,0
BRDA:229,31,0,0
BRDA:229,31,1,0
BRDA:229,32,0,0
BRDA:229,32,1,0
BRDA:231,33,0,0
BRDA:231,33,1,0
BRDA:232,34,0,0
BRDA:232,34,1,0
BRDA:239,35,0,0
BRDA:239,35,1,0
BRDA:240,36,0,0
BRDA:240,36,1,0
BRDA:245,37,0,0
BRDA:245,37,1,0
BRDA:261,38,0,0
BRDA:263,39,0,0
BRDA:263,39,1,0
BRDA:271,40,0,0
BRDA:271,40,1,0
BRDA:271,41,0,0
BRDA:271,41,1,0
BRDA:286,42,0,0
BRDA:286,42,1,0
BRDA:287,43,0,0
BRDA:287,43,1,0
BRDA:302,44,0,0
BRDA:302,44,1,0
BRDA:313,45,0,1
BRDA:313,45,1,0
BRDA:316,46,0,0
BRDA:316,46,1,0
BRDA:321,47,0,1
BRDA:321,47,1,0
BRDA:329,48,0,0
BRDA:329,48,1,0
BRDA:331,49,0,0
BRDA:331,49,1,0
BRDA:348,50,0,1
BRDA:348,50,1,0
BRDA:349,51,0,0
BRDA:349,51,1,0
BRDA:349,52,0,0
BRDA:349,52,1,0
BRDA:353,53,0,0
BRDA:353,53,1,0
BRDA:362,54,0,1
BRDA:362,54,1,0
BRDA:364,55,0,0
BRDA:364,55,1,0
BRDA:371,56,0,1
BRDA:371,56,1,0
BRDA:373,57,0,0
BRDA:373,57,1,0
BRDA:378,58,0,0
BRDA:378,58,1,0
BRDA:380,59,0,0
BRDA:380,59,1,0
BRDA:385,60,0,35
BRDA:385,60,1,0
BRDA:389,61,0,0
BRDA:389,61,1,0
BRDA:390,62,0,0
BRDA:390,62,1,0
BRDA:393,63,0,0
BRDA:393,63,1,0
BRDA:394,64,0,0
BRDA:394,64,1,0
BRDA:394,65,0,0
BRDA:394,65,1,0
BRDA:396,66,0,0
BRDA:396,66,1,0
BRDA:397,67,0,0
BRDA:397,67,1,0
BRDA:405,68,0,0
BRDA:405,68,1,0
BRDA:411,69,0,0
BRDA:411,69,1,0
BRDA:413,70,0,0
BRDA:413,70,1,0
BRDA:416,71,0,0
BRDA:416,71,1,0
BRDA:419,72,0,0
BRDA:419,72,1,0
BRDA:419,73,0,0
BRDA:419,73,1,0
BRDA:428,74,0,29
BRDA:428,74,1,0
BRDA:435,75,0,0
BRDA:435,75,1,0
BRDA:437,76,0,0
BRDA:437,76,1,0
BRDA:437,77,0,0
BRDA:437,77,1,0
BRDA:438,78,0,0
BRDA:438,78,1,0
BRDA:442,79,0,27
BRDA:442,79,1,0
BRDA:442,80,0,27
BRDA:442,80,1,4
BRDA:449,81,0,0
BRDA:449,81,1,0
BRDA:451,82,0,0
BRDA:451,82,1,0
BRDA:451,83,0,0
BRDA:451,83,1,0
BRDA:455,84,0,0
BRDA:455,84,1,0
BRDA:462,85,0,0
BRDA:462,85,1,0
BRDA:462,86,0,0
BRDA:462,86,1,0
BRDA:464,87,0,0
BRDA:464,87,1,0
BRDA:467,88,0,0
BRDA:467,88,1,0
BRDA:471,89,0,1
BRDA:476,90,0,3
BRDA:476,90,1,0
BRDA:479,91,0,0
BRDA:479,91,1,0
BRDA:479,92,0,0
BRDA:479,92,1,0
BRDA:491,93,0,0
BRDA:491,93,1,0
BRDA:491,94,0,0
BRDA:491,94,1,0
BRDA:493,95,0,0
BRDA:493,95,1,0
BRDA:494,96,0,0
BRDA:494,96,1,0
BRDA:500,97,0,0
BRDA:500,97,1,0
BRDA:507,98,0,0
BRDA:507,98,1,0
BRDA:518,99,0,1
BRDA:518,99,1,0
BRDA:521,100,0,0
BRDA:521,100,1,0
BRDA:521,101,0,0
BRDA:521,101,1,0
BRDA:528,102,0,0
BRDA:528,102,1,0
BRDA:528,103,0,0
BRDA:528,103,1,0
BRDA:529,104,0,0
BRDA:529,104,1,0
BRDA:534,105,0,1
BRDA:534,105,1,0
BRDA:537,106,0,0
BRDA:537,106,1,0
BRDA:537,107,0,0
BRDA:537,107,1,0
BRDA:542,108,0,0
BRDA:542,108,1,0
BRDA:542,109,0,0
BRDA:542,109,1,0
BRDA:552,110,0,1
BRDA:552,110,1,0
BRDA:555,111,0,0
BRDA:555,111,1,0
BRDA:555,112,0,0
BRDA:555,112,1,0
BRDA:560,113,0,0
BRDA:560,113,1,0
BRDA:560,114,0,0
BRDA:560,114,1,0
BRDA:569,115,0,12
BRDA:569,115,1,0
BRDA:572,116,0,0
BRDA:572,116,1,0
BRDA:573,117,0,0
BRDA:573,117,1,0
BRDA:580,118,0,0
BRDA:580,118,1,0
BRDA:583,119,0,0
BRDA:583,119,1,0
BRDA:583,120,0,0
BRDA:583,120,1,0
BRDA:592,121,0,0
BRDA:592,121,1,0
BRDA:593,122,0,0
BRDA:593,122,1,0
BRDA:593,123,0,0
BRDA:593,123,1,0
BRDA:619,124,0,2
BRDA:619,124,1,0
BRDA:621,125,0,0
BRDA:621,125,1,0
BRDA:622,126,0,0
BRDA:622,126,1,0
BRDA:623,127,0,0
BRDA:623,127,1,0
BRDA:624,128,0,0
BRDA:624,128,1,0
BRDA:625,129,0,0
BRDA:625,129,1,0
BRDA:626,130,0,0
BRDA:626,130,1,0
BRDA:627,131,0,0
BRDA:627,131,1,0
BRDA:628,132,0,0
BRDA:628,132,1,0
BRDA:633,133,0,0
BRDA:633,133,1,0
BRDA:643,134,0,0
BRDA:643,134,1,0
BRDA:648,135,0,0
BRDA:648,135,1,0
BRDA:654,136,0,26
BRDA:654,136,1,0
BRDA:654,137,0,26
BRDA:654,137,1,0
BRDA:661,138,0,0
BRDA:661,138,1,0
BRDA:669,139,0,0
BRDA:671,140,0,4
BRDA:671,140,1,0
BRDA:672,141,0,1
BRDA:672,141,1,3
BRDA:674,142,0,15
BRDA:674,142,1,14
BRDA:674,142,2,14
BRDA:675,143,0,14
BRDA:675,143,1,0
BRDA:676,144,0,14
BRDA:676,144,1,0
BRDA:686,145,0,0
BRDA:686,145,1,0
BRDA:686,146,0,0
BRDA:686,146,1,0
BRDA:687,147,0,0
BRDA:687,147,1,0
BRDA:689,148,0,0
BRDA:689,148,1,0
BRDA:690,149,0,0
BRDA:690,149,1,0
BRDA:694,150,0,0
BRDA:696,151,0,2
BRDA:696,151,1,0
BRDA:697,152,0,1
BRDA:697,152,1,1
BRDA:699,153,0,4
BRDA:699,153,1,3
BRDA:700,154,0,3
BRDA:700,154,1,3
BRDA:700,154,2,0
BRDA:708,155,0,0
BRDA:708,155,1,0
BRDA:710,156,0,0
BRDA:710,156,1,0
BRDA:711,157,0,0
BRDA:711,157,1,0
BRDA:718,158,0,1
BRDA:718,158,1,1
BRDA:719,159,0,1
BRDA:719,159,1,0
BRDA:727,160,0,0
BRDA:727,160,1,0
BRDA:728,161,0,0
BRDA:728,161,1,0
BRDA:732,162,0,2
BRDA:732,162,1,0
BRDA:735,163,0,0
BRDA:735,163,1,0
BRDA:735,164,0,0
BRDA:735,164,1,0
BRDA:744,165,0,0
BRDA:744,165,1,0
BRDA:754,166,0,1
BRDA:754,166,1,0
BRDA:757,167,0,0
BRDA:757,167,1,0
BRDA:757,168,0,0
BRDA:757,168,1,0
BRDA:760,169,0,0
BRDA:760,169,1,0
BRDA:761,170,0,0
BRDA:761,170,1,0
BRDA:762,171,0,0
BRDA:762,171,1,0
BRDA:768,172,0,0
BRDA:768,172,1,0
BRDA:773,173,0,0
BRDA:773,173,1,0
BRDA:780,174,0,1
BRDA:780,174,1,0
BRDA:783,175,0,0
BRDA:783,175,1,0
BRDA:783,176,0,0
BRDA:783,176,1,0
BRDA:787,177,0,0
BRDA:787,177,1,0
BRDA:790,178,0,0
BRDA:790,178,1,0
BRDA:805,179,0,1
BRDA:805,179,1,0
BRDA:809,180,0,0
BRDA:809,180,1,0
BRDA:815,181,0,1
BRDA:815,181,1,0
BRDA:818,182,0,0
BRDA:818,182,1,0
BRDA:818,183,0,0
BRDA:818,183,1,0
BRDA:839,184,0,0
BRDA:839,184,1,0
BRDA:839,185,0,0
BRDA:839,185,1,0
BRDA:848,186,0,0
BRDA:848,186,1,0
BRDA:853,187,0,1
BRDA:853,187,1,0
BRDA:861,188,0,0
BRDA:861,188,1,0
BRDA:866,189,0,0
BRDA:866,189,1,0
BRDA:869,190,0,0
BRDA:869,190,1,0
BRDA:869,191,0,0
BRDA:869,191,1,0
BRDA:873,192,0,0
BRDA:873,192,1,0
BRDA:881,193,0,1
BRDA:881,193,1,0
BRDA:887,194,0,0
BRDA:887,194,1,0
BRDA:895,195,0,1
BRDA:895,195,1,0
BRDA:898,196,0,0
BRDA:898,196,1,0
BRDA:898,197,0,0
BRDA:898,197,1,0
BRDA:905,198,0,0
BRDA:905,198,1,0
BRDA:928,199,0,0
BRDA:928,199,1,0
BRDA:931,200,0,0
BRDA:931,200,1,0
BRDA:931,201,0,0
BRDA:931,201,1,0
BRDA:949,202,0,0
BRDA:949,202,1,0
BRDA:949,203,0,0
BRDA:949,203,1,0
BRDA:950,204,0,0
BRDA:950,204,1,0
BRDA:950,205,0,0
BRDA:950,205,1,0
BRDA:965,206,0,0
BRDA:965,206,1,0
BRDA:968,207,0,0
BRDA:968,207,1,0
BRDA:968,208,0,0
BRDA:968,208,1,0
BRDA:974,209,0,0
BRDA:974,209,1,0
BRDA:975,210,0,0
BRDA:975,210,1,0
BRDA:989,211,0,3
BRDA:989,211,1,0
BRDA:996,212,0,0
BRDA:996,212,1,0
BRDA:1000,213,0,0
BRDA:1000,213,1,0
BRDA:1001,214,0,0
BRDA:1001,214,1,0
BRDA:1003,215,0,0
BRDA:1003,215,1,0
BRDA:1004,216,0,0
BRDA:1004,216,1,0
BRDA:1005,217,0,0
BRDA:1005,217,1,0
BRDA:1013,218,0,6
BRDA:1013,218,1,0
BRDA:1013,219,0,6
BRDA:1013,219,1,2
BRDA:1020,220,0,0
BRDA:1020,220,1,0
BRDA:1021,221,0,0
BRDA:1021,221,1,0
BRDA:1024,222,0,0
BRDA:1024,222,1,0
BRDA:1025,223,0,0
BRDA:1025,223,1,0
BRDA:1026,224,0,0
BRDA:1026,224,1,0
BRDA:1035,225,0,0
BRDA:1035,225,1,0
BRDA:1035,226,0,0
BRDA:1035,226,1,0
BRDA:1042,227,0,0
BRDA:1042,227,1,0
BRDA:1043,228,0,0
BRDA:1043,228,1,0
BRDA:1054,229,0,0
BRDA:1054,229,1,0
BRDA:1057,230,0,0
BRDA:1057,230,1,0
BRDA:1057,231,0,0
BRDA:1057,231,1,0
BRDA:1059,232,0,0
BRDA:1059,232,1,0
BRDA:1060,233,0,0
BRDA:1060,233,1,0
BRDA:1061,234,0,0
BRDA:1061,234,1,0
BRDA:1064,235,0,0
BRDA:1064,235,1,0
BRDA:1069,236,0,0
BRDA:1069,236,1,0
BRDA:1070,237,0,0
BRDA:1070,237,1,0
BRDA:1073,238,0,0
BRDA:1073,238,1,0
BRDA:1085,239,0,0
BRDA:1085,239,1,0
BRDA:1092,240,0,0
BRDA:1092,240,1,0
BRDA:1105,241,0,0
BRDA:1105,241,1,0
BRDA:1105,242,0,0
BRDA:1105,242,1,0
BRDA:1115,243,0,0
BRDA:1115,243,1,0
BRDA:1123,244,0,0
BRDA:1123,244,1,0
BRDA:1144,245,0,0
BRDA:1144,245,1,0
BRDA:1147,246,0,0
BRDA:1147,246,1,0
BRDA:1148,247,0,0
BRDA:1148,247,1,0
BRDA:1155,248,0,0
BRDA:1155,248,1,0
BRDA:1158,249,0,0
BRDA:1158,249,1,0
BRDA:1159,250,0,0
BRDA:1159,250,1,0
BRDA:1169,251,0,0
BRDA:1169,251,1,0
BRDA:1174,252,0,0
BRDA:1174,252,1,0
BRDA:1174,253,0,0
BRDA:1174,253,1,0
BRDA:1180,254,0,1
BRDA:1180,254,1,0
BRDA:1183,255,0,0
BRDA:1183,255,1,0
BRDA:1183,256,0,0
BRDA:1183,256,1,0
BRDA:1194,257,0,0
BRDA:1194,257,1,0
BRDA:1208,258,0,0
BRDA:1208,258,1,0
BRDA:1212,259,0,0
BRDA:1212,259,1,0
BRDA:1217,260,0,0
BRDA:1217,260,1,0
BRDA:1218,261,0,0
BRDA:1218,261,1,0
BRDA:1222,262,0,0
BRDA:1222,262,1,0
BRDA:1223,263,0,0
BRDA:1223,263,1,0
BRDA:1224,264,0,0
BRDA:1224,264,1,0
BRDA:1228,265,0,0
BRDA:1228,265,1,0
BRDA:1229,266,0,0
BRDA:1229,266,1,0
BRDA:1230,267,0,0
BRDA:1230,267,1,0
BRDA:1231,268,0,0
BRDA:1231,268,1,0
BRDA:1231,269,0,0
BRDA:1231,269,1,0
BRDA:1231,270,0,0
BRDA:1231,270,1,0
BRDA:1232,271,0,0
BRDA:1232,271,1,0
BRDA:1233,272,0,0
BRDA:1233,272,1,0
BRDA:1247,273,0,2
BRDA:1247,273,1,0
BRDA:1247,274,0,2
BRDA:1247,274,1,1
BRDA:1254,275,0,0
BRDA:1254,275,1,0
BRDA:1255,276,0,0
BRDA:1255,276,1,0
BRDA:1258,277,0,1
BRDA:1259,278,0,1
BRDA:1259,278,1,0
BRDA:1262,279,0,0
BRDA:1262,279,1,0
BRDA:1262,280,0,0
BRDA:1262,280,1,0
BRDA:1280,281,0,0
BRDA:1280,281,1,0
BRDA:1280,282,0,0
BRDA:1280,282,1,0
BRDA:1290,283,0,5
BRDA:1290,283,1,0
BRDA:1295,284,0,2
BRDA:1295,284,1,3
BRDA:1295,285,0,5
BRDA:1295,285,1,5
BRDA:1295,285,2,3
BRDA:1297,286,0,3
BRDA:1297,286,1,3
BRDA:1301,287,0,0
BRDA:1301,287,1,0
BRDA:1301,288,0,0
BRDA:1301,288,1,0
BRDA:1310,289,0,0
BRDA:1310,289,1,0
BRDA:1310,290,0,0
BRDA:1310,290,1,0
BRDA:1314,291,0,0
BRDA:1314,291,1,0
BRDA:1314,292,0,0
BRDA:1314,292,1,0
BRDA:1315,293,0,0
BRDA:1315,293,1,0
BRDA:1320,294,0,0
BRDA:1320,294,1,0
BRDA:1338,295,0,3
BRDA:1340,296,0,3
BRDA:1340,296,1,0
BRDA:1343,297,0,3
BRDA:1343,297,1,0
BRDA:1359,298,0,0
BRDA:1359,298,1,0
BRDA:1368,299,0,20
BRDA:1368,299,1,0
BRDA:1378,300,0,0
BRDA:1378,300,1,0
BRDA:1380,301,0,0
BRDA:1380,301,1,0
BRDA:1380,302,0,0
BRDA:1380,302,1,0
BRDA:1388,303,0,26
BRDA:1388,303,1,0
BRDA:1405,304,0,0
BRDA:1405,304,1,0
BRDA:1406,305,0,0
BRDA:1406,305,1,0
BRDA:1418,306,0,0
BRDA:1418,306,1,0
BRDA:1419,307,0,0
BRDA:1419,307,1,0
BRDA:1420,308,0,0
BRDA:1420,308,1,0
BRDA:1421,309,0,0
BRDA:1421,309,1,0
BRDA:1427,310,0,0
BRDA:1427,310,1,0
BRDA:1434,311,0,0
BRDA:1434,311,1,0
BRDA:1439,312,0,0
BRDA:1439,312,1,0
BRDA:1451,313,0,1
BRDA:1451,313,1,0
BRDA:1454,314,0,0
BRDA:1454,314,1,0
BRDA:1454,315,0,0
BRDA:1454,315,1,0
BRDA:1456,316,0,0
BRDA:1456,316,1,0
BRDA:1459,317,0,0
BRDA:1459,317,1,0
BRDA:1459,318,0,0
BRDA:1459,318,1,0
BRDA:1467,319,0,1
BRDA:1467,319,1,0
BRDA:1470,320,0,0
BRDA:1470,320,1,0
BRDA:1470,321,0,0
BRDA:1470,321,1,0
BRDA:1475,322,0,0
BRDA:1475,322,1,0
BRDA:1475,323,0,0
BRDA:1475,323,1,0
BRDA:1486,324,0,0
BRDA:1486,324,1,0
BRDA:1489,325,0,0
BRDA:1489,325,1,0
BRDA:1489,326,0,0
BRDA:1489,326,1,0
BRDA:1492,327,0,0
BRDA:1492,327,1,0
BRDA:1493,328,0,0
BRDA:1493,328,1,0
BRDA:1495,329,0,0
BRDA:1495,329,1,0
BRDA:1497,330,0,0
BRDA:1497,330,1,0
BRF:660
BRH:74
end_of_record
TN:
SF:lib\conflicts.ts
FN:17,parseWhen
FN:27,eventsOverlap
FN:38,findConflict
FN:53,findAllConflicts
FNF:4
FNH:4
FNDA:466,parseWhen
FNDA:236,eventsOverlap
FNDA:228,findConflict
FNDA:3,findAllConflicts
DA:13,5
DA:18,466
DA:19,466
DA:20,465
DA:21,465
DA:22,465
DA:23,465
DA:24,465
DA:31,236
DA:32,233
DA:33,233
DA:34,233
DA:35,232
DA:43,228
DA:44,227
DA:45,226
DA:46,225
DA:47,225
DA:48,224
DA:50,184
DA:58,3
DA:59,3
DA:60,3
DA:61,4
DA:62,3
DA:63,3
DA:64,3
DA:66,3
LF:28
LH:28
BRDA:18,0,0,466
BRDA:18,0,1,466
BRDA:19,1,0,1
BRDA:19,1,1,465
BRDA:22,2,0,185
BRDA:22,2,1,280
BRDA:22,3,0,465
BRDA:22,3,1,185
BRDA:23,4,0,0
BRDA:23,4,1,465
BRDA:23,5,0,465
BRDA:23,5,1,280
BRDA:31,6,0,3
BRDA:31,6,1,233
BRDA:31,7,0,236
BRDA:31,7,1,234
BRDA:34,8,0,1
BRDA:34,8,1,232
BRDA:34,9,0,233
BRDA:34,9,1,232
BRDA:35,10,0,232
BRDA:35,10,1,93
BRDA:43,11,0,1
BRDA:43,11,1,227
BRDA:45,12,0,1
BRDA:45,12,1,225
BRDA:47,13,0,1
BRDA:47,13,1,224
BRDA:48,14,0,43
BRDA:48,14,1,181
BRDA:58,15,0,0
BRDA:58,15,1,3
BRDA:61,16,0,1
BRDA:61,16,1,3
BRDA:63,17,0,0
BRDA:63,17,1,3
BRDA:64,18,0,1
BRDA:64,18,1,2
BRF:38
BRH:35
end_of_record
TN:
SF:lib\date-time.ts
FN:18,fmtDate
FN:22,parseDate
FN:36,fmtDateWithYear
FN:40,parseDateWithYear
FN:50,parseTime
FN:56,fmtTime
FN:60,timeToMin
FN:67,minToTime
FN:76,whenRange
FN:85,isoToTime
FN:97,isoToWhen
FN:108,friendlyToISO
FNF:12
FNH:8
FNDA:140,fmtDate
FNDA:20,parseDate
FNDA:0,fmtDateWithYear
FNDA:0,parseDateWithYear
FNDA:167,parseTime
FNDA:92,fmtTime
FNDA:80,timeToMin
FNDA:10,minToTime
FNDA:429,whenRange
FNDA:0,isoToTime
FNDA:0,isoToWhen
FNDA:3,friendlyToISO
DA:6,42
DA:7,42
DA:11,42
DA:19,140
DA:23,20
DA:24,20
DA:25,20
DA:26,17
DA:27,17
DA:29,17
DA:30,17
DA:37,0
DA:41,0
DA:42,0
DA:43,0
DA:44,0
DA:45,0
DA:46,0
DA:47,0
DA:51,167
DA:52,167
DA:53,165
DA:57,92
DA:61,80
DA:62,80
DA:63,80
DA:64,80
DA:68,10
DA:69,10
DA:70,10
DA:71,10
DA:72,10
DA:73,10
DA:77,429
DA:78,427
DA:79,2
DA:86,0
DA:87,0
DA:88,0
DA:89,0
DA:90,0
DA:91,0
DA:92,0
DA:98,0
DA:99,0
DA:100,0
DA:109,3
DA:110,3
DA:111,3
DA:112,3
DA:113,3
DA:114,3
LF:52
LH:34
BRDA:23,0,0,20
BRDA:23,0,1,2
BRDA:25,1,0,3
BRDA:25,1,1,17
BRDA:29,2,0,9
BRDA:29,2,1,8
BRDA:41,3,0,0
BRDA:41,3,1,0
BRDA:42,4,0,0
BRDA:42,4,1,0
BRDA:44,5,0,0
BRDA:44,5,1,0
BRDA:51,6,0,167
BRDA:51,6,1,2
BRDA:52,7,0,2
BRDA:52,7,1,165
BRDA:63,8,0,6
BRDA:63,8,1,74
BRDA:71,9,0,5
BRDA:71,9,1,5
BRDA:72,10,0,10
BRDA:72,10,1,4
BRDA:77,11,0,2
BRDA:77,11,1,427
BRDA:78,12,0,425
BRDA:78,12,1,2
BRDA:86,13,0,0
BRDA:86,13,1,0
BRDA:90,14,0,0
BRDA:90,14,1,0
BRDA:91,15,0,0
BRDA:91,15,1,0
BRDA:98,16,0,0
BRDA:98,16,1,0
BRDA:112,17,0,2
BRDA:112,17,1,1
BRF:36
BRH:22
end_of_record
TN:
SF:lib\events.ts
FN:10,isRecommendedFor
FN:12,(anonymous_1)
FN:23,eventCategory
FN:44,isAlsoRecommended
FNF:4
FNH:4
FNDA:1016,isRecommendedFor
FNDA:1300,(anonymous_1)
FNDA:1352,eventCategory
FNDA:397,isAlsoRecommended
DA:11,1016
DA:12,1300
DA:24,1352
DA:25,1094
DA:26,706
DA:27,82
DA:30,42
DA:45,397
LF:8
LH:8
BRDA:11,0,0,6
BRDA:11,0,1,1010
BRDA:24,1,0,258
BRDA:24,1,1,1094
BRDA:25,2,0,388
BRDA:25,2,1,706
BRDA:26,3,0,624
BRDA:26,3,1,82
BRDA:45,4,0,397
BRDA:45,4,1,119
BRF:10
BRH:10
end_of_record
TN:
SF:lib\geocode.ts
FN:26,suggestPlaces
FN:36,(anonymous_1)
FN:41,(anonymous_2)
FNF:3
FNH:0
FNDA:0,suggestPlaces
FNDA:0,(anonymous_1)
FNDA:0,(anonymous_2)
DA:24,0
DA:27,0
DA:28,0
DA:29,0
DA:31,0
DA:32,0
DA:33,0
DA:34,0
DA:35,0
DA:36,0
DA:41,0
DA:46,0
LF:12
LH:0
BRDA:34,0,0,0
BRDA:34,0,1,0
BRDA:37,1,0,0
BRDA:37,1,1,0
BRDA:41,2,0,0
BRDA:41,2,1,0
BRDA:41,2,2,0
BRF:7
BRH:0
end_of_record
TN:
SF:lib\google-calendar.ts
FN:76,isConfigured
FN:91,connect
FN:156,getAuthRequestConfig
FN:170,completeConnect
FN:189,disconnect
FN:202,insertEvent
FN:248,(anonymous_6)
FN:258,persistTokens
FN:268,loadTokens
FN:282,refreshAccessToken
FN:301,(anonymous_10)
FN:314,buildEventBody
FN:324,defaultEnd
FNF:13
FNH:2
FNDA:9,isConfigured
FNDA:0,connect
FNDA:7,getAuthRequestConfig
FNDA:0,completeConnect
FNDA:0,disconnect
FNDA:0,insertEvent
FNDA:0,(anonymous_6)
FNDA:0,persistTokens
FNDA:0,loadTokens
FNDA:0,refreshAccessToken
FNDA:0,(anonymous_10)
FNDA:0,buildEventBody
FNDA:0,defaultEnd
DA:31,3
DA:38,3
DA:40,3
DA:43,3
DA:47,3
DA:48,3
DA:49,3
DA:79,9
DA:80,0
DA:92,0
DA:93,0
DA:98,0
DA:99,0
DA:101,0
DA:102,0
DA:117,0
DA:123,0
DA:125,0
DA:135,0
DA:157,7
DA:175,0
DA:180,0
DA:181,0
DA:190,0
DA:203,0
DA:204,0
DA:210,0
DA:211,0
DA:212,0
DA:214,0
DA:215,0
DA:218,0
DA:219,0
DA:231,0
DA:233,0
DA:234,0
DA:247,0
DA:248,0
DA:249,0
DA:252,0
DA:253,0
DA:259,0
DA:269,0
DA:274,0
DA:275,0
DA:283,0
DA:284,0
DA:286,0
DA:287,0
DA:290,0
DA:295,0
DA:300,0
DA:301,0
DA:302,0
DA:304,0
DA:305,0
DA:310,0
DA:311,0
DA:315,0
DA:326,0
DA:327,0
DA:328,0
DA:333,3
LF:63
LH:10
BRDA:31,0,0,3
BRDA:31,0,1,3
BRDA:38,1,0,3
BRDA:38,1,1,3
BRDA:40,2,0,3
BRDA:40,2,1,3
BRDA:79,3,0,9
BRDA:79,3,1,0
BRDA:92,4,0,0
BRDA:92,4,1,0
BRDA:101,5,0,0
BRDA:101,5,1,0
BRDA:158,6,0,7
BRDA:158,6,1,7
BRDA:159,7,0,7
BRDA:159,7,1,7
BRDA:160,8,0,7
BRDA:160,8,1,7
BRDA:161,9,0,7
BRDA:161,9,1,7
BRDA:203,10,0,0
BRDA:203,10,1,0
BRDA:211,11,0,0
BRDA:211,11,1,0
BRDA:214,12,0,0
BRDA:214,12,1,0
BRDA:231,13,0,0
BRDA:231,13,1,0
BRDA:247,14,0,0
BRDA:247,14,1,0
BRDA:249,15,0,0
BRDA:249,15,1,0
BRDA:261,16,0,0
BRDA:261,16,1,0
BRDA:274,17,0,0
BRDA:274,17,1,0
BRDA:274,18,0,0
BRDA:274,18,1,0
BRDA:277,19,0,0
BRDA:277,19,1,0
BRDA:278,20,0,0
BRDA:278,20,1,0
BRDA:283,21,0,0
BRDA:283,21,1,0
BRDA:286,22,0,0
BRDA:286,22,1,0
BRDA:300,23,0,0
BRDA:300,23,1,0
BRDA:302,24,0,0
BRDA:302,24,1,0
BRDA:320,25,0,0
BRDA:320,25,1,0
BRDA:327,26,0,0
BRDA:327,26,1,0
BRF:54
BRH:15
end_of_record
TN:
SF:lib\notifications.ts
FN:22,(anonymous_0)
FN:41,registerForPushNotifications
FN:82,persistTokenIfLive
FN:100,onNotificationReceived
FN:104,onNotificationResponseReceived
FNF:5
FNH:0
FNDA:0,(anonymous_0)
FNDA:0,registerForPushNotifications
FNDA:0,persistTokenIfLive
FNDA:0,onNotificationReceived
FNDA:0,onNotificationResponseReceived
DA:21,0
DA:22,0
DA:43,0
DA:44,0
DA:47,0
DA:48,0
DA:52,0
DA:53,0
DA:59,0
DA:60,0
DA:61,0
DA:62,0
DA:63,0
DA:65,0
DA:66,0
DA:69,0
DA:70,0
DA:71,0
DA:72,0
DA:73,0
DA:75,0
DA:83,0
DA:84,0
DA:85,0
DA:86,0
DA:87,0
DA:88,0
DA:92,0
DA:94,0
DA:101,0
DA:105,0
LF:31
LH:0
BRDA:43,0,0,0
BRDA:43,0,1,0
BRDA:47,1,0,0
BRDA:47,1,1,0
BRDA:52,2,0,0
BRDA:52,2,1,0
BRDA:61,3,0,0
BRDA:61,3,1,0
BRDA:65,4,0,0
BRDA:65,4,1,0
BRDA:77,5,0,0
BRDA:77,5,1,0
BRDA:83,6,0,0
BRDA:83,6,1,0
BRDA:83,7,0,0
BRDA:83,7,1,0
BRDA:87,8,0,0
BRDA:87,8,1,0
BRF:18
BRH:0
end_of_record
TN:
SF:lib\people.ts
FN:9,excludeSelf
FN:15,(anonymous_1)
FNF:2
FNH:2
FNDA:56,excludeSelf
FNDA:261,(anonymous_1)
DA:13,56
DA:14,55
DA:15,261
LF:3
LH:3
BRDA:13,0,0,1
BRDA:13,0,1,55
BRDA:15,1,0,261
BRDA:15,1,1,260
BRF:4
BRH:4
end_of_record
TN:
SF:lib\price.ts
FN:32,priceState
FN:56,symbolFor
FN:67,fmtNumber
FN:76,formatPriceAmount
FN:87,formatPrice
FN:100,formatEventPrice
FNF:6
FNH:5
FNDA:685,priceState
FNDA:16,symbolFor
FNDA:16,fmtNumber
FNDA:16,formatPriceAmount
FNDA:157,formatPrice
FNDA:0,formatEventPrice
DA:33,685
DA:34,682
DA:35,682
DA:36,682
DA:37,15
DA:38,13
DA:39,6
DA:46,5
DA:57,16
DA:58,16
DA:59,16
DA:61,2
DA:68,16
DA:71,5
DA:77,16
DA:78,16
DA:88,157
DA:89,157
DA:90,147
DA:91,1
DA:92,5
DA:94,4
DA:101,0
LF:23
LH:22
BRDA:33,0,0,3
BRDA:33,0,1,682
BRDA:36,1,0,667
BRDA:36,1,1,15
BRDA:36,2,0,682
BRDA:36,2,1,16
BRDA:37,3,0,2
BRDA:37,3,1,13
BRDA:37,4,0,15
BRDA:37,4,1,4
BRDA:38,5,0,7
BRDA:38,5,1,6
BRDA:57,6,0,16
BRDA:57,6,1,1
BRDA:59,7,0,14
BRDA:59,7,1,2
BRDA:68,8,0,11
BRDA:68,8,1,5
BRDA:78,9,0,2
BRDA:78,9,1,14
BRDA:89,10,0,147
BRDA:89,10,1,1
BRDA:89,10,2,5
BRDA:89,10,3,4
BRDA:101,11,0,0
BRDA:101,11,1,0
BRF:26
BRH:24
end_of_record
TN:
SF:lib\ratings.ts
FN:15,summarizeRatings
FN:17,(anonymous_1)
FN:27,ratingForEvent
FN:28,(anonymous_3)
FN:32,formatRatingSummary
FNF:5
FNH:5
FNDA:90,summarizeRatings
FNDA:329,(anonymous_1)
FNDA:19,ratingForEvent
FNDA:65,(anonymous_3)
FNDA:3,formatRatingSummary
DA:16,90
DA:17,329
DA:18,74
DA:28,65
DA:33,3
DA:34,2
LF:6
LH:6
BRDA:16,0,0,16
BRDA:16,0,1,74
BRDA:33,1,0,1
BRDA:33,1,1,2
BRDA:34,2,0,1
BRDA:34,2,1,1
BRF:6
BRH:6
end_of_record
TN:
SF:lib\storage.ts
FN:14,(anonymous_0)
FN:18,(anonymous_1)
FN:22,(anonymous_2)
FNF:3
FNH:0
FNDA:0,(anonymous_0)
FNDA:0,(anonymous_1)
FNDA:0,(anonymous_2)
DA:13,49
DA:15,0
DA:16,0
DA:19,0
DA:20,0
DA:23,0
DA:24,0
DA:28,49
LF:8
LH:2
BRDA:15,0,0,0
BRDA:15,0,1,0
BRDA:19,1,0,0
BRDA:19,1,1,0
BRDA:23,2,0,0
BRDA:23,2,1,0
BRDA:28,3,0,0
BRDA:28,3,1,49
BRF:8
BRH:1
end_of_record
TN:
SF:lib\supabase.ts
FN:34,isPlaceholder
FN:54,isLiveBackendAvailable
FNF:2
FNH:2
FNDA:49,isPlaceholder
FNDA:1249,isLiveBackendAvailable
DA:28,49
DA:30,49
DA:32,49
DA:35,49
DA:41,49
DA:43,49
DA:55,1249
LF:7
LH:7
BRDA:30,0,0,49
BRDA:30,0,1,49
BRDA:35,1,0,49
BRDA:35,1,1,0
BRDA:35,1,2,0
BRDA:35,1,3,0
BRDA:41,2,0,49
BRDA:41,2,1,49
BRDA:41,2,2,0
BRDA:43,3,0,0
BRDA:43,3,1,49
BRF:11
BRH:6
end_of_record
TN:
SF:lib\units.ts
FNF:0
FNH:0
DA:9,4
LF:1
LH:1
BRF:0
BRH:0
end_of_record
TN:
SF:store\useStore.ts
FN:239,(anonymous_0)
FN:248,(anonymous_1)
FN:249,(anonymous_2)
FN:250,(anonymous_3)
FN:250,(anonymous_4)
FN:251,(anonymous_5)
FN:251,(anonymous_6)
FN:252,(anonymous_7)
FN:253,(anonymous_8)
FN:254,(anonymous_9)
FN:261,(anonymous_10)
FN:265,(anonymous_11)
FN:265,(anonymous_12)
FN:275,(anonymous_13)
FN:275,(anonymous_14)
FN:282,(anonymous_15)
FN:282,(anonymous_16)
FN:287,(anonymous_17)
FN:287,(anonymous_18)
FN:292,(anonymous_19)
FN:293,(anonymous_20)
FN:293,(anonymous_21)
FN:301,(anonymous_22)
FN:303,(anonymous_23)
FN:303,(anonymous_24)
FN:307,(anonymous_25)
FN:307,(anonymous_26)
FN:311,(anonymous_27)
FN:311,(anonymous_28)
FN:315,(anonymous_29)
FN:315,(anonymous_30)
FN:319,(anonymous_31)
FN:319,(anonymous_32)
FN:324,(anonymous_33)
FN:324,(anonymous_34)
FN:340,(anonymous_35)
FN:341,(anonymous_36)
FN:341,(anonymous_37)
FN:347,(anonymous_38)
FN:347,(anonymous_39)
FN:348,(anonymous_40)
FN:349,(anonymous_41)
FN:350,(anonymous_42)
FN:354,(anonymous_43)
FN:357,(anonymous_44)
FN:358,(anonymous_45)
FN:369,(anonymous_46)
FN:369,(anonymous_47)
FN:369,(anonymous_48)
FN:372,(anonymous_49)
FN:394,(anonymous_50)
FN:395,(anonymous_51)
FN:396,(anonymous_52)
FN:396,(anonymous_53)
FN:397,(anonymous_54)
FN:403,(anonymous_55)
FN:403,(anonymous_56)
FN:404,(anonymous_57)
FN:407,(anonymous_58)
FN:407,(anonymous_59)
FN:407,(anonymous_60)
FN:408,(anonymous_61)
FN:408,(anonymous_62)
FN:413,(anonymous_63)
FN:413,(anonymous_64)
FN:427,(anonymous_65)
FN:430,(anonymous_66)
FN:442,(anonymous_67)
FN:443,(anonymous_68)
FN:443,(anonymous_69)
FN:448,(anonymous_70)
FN:448,(anonymous_71)
FN:448,(anonymous_72)
FN:449,(anonymous_73)
FN:450,(anonymous_74)
FN:454,(anonymous_75)
FN:457,(anonymous_76)
FN:485,(anonymous_77)
FNF:78
FNH:63
FNDA:42,(anonymous_0)
FNDA:2,(anonymous_1)
FNDA:1,(anonymous_2)
FNDA:2,(anonymous_3)
FNDA:2,(anonymous_4)
FNDA:3,(anonymous_5)
FNDA:3,(anonymous_6)
FNDA:1,(anonymous_7)
FNDA:0,(anonymous_8)
FNDA:0,(anonymous_9)
FNDA:91,(anonymous_10)
FNDA:5,(anonymous_11)
FNDA:5,(anonymous_12)
FNDA:1,(anonymous_13)
FNDA:1,(anonymous_14)
FNDA:6,(anonymous_15)
FNDA:6,(anonymous_16)
FNDA:1,(anonymous_17)
FNDA:1,(anonymous_18)
FNDA:0,(anonymous_19)
FNDA:4,(anonymous_20)
FNDA:4,(anonymous_21)
FNDA:84,(anonymous_22)
FNDA:2,(anonymous_23)
FNDA:2,(anonymous_24)
FNDA:1,(anonymous_25)
FNDA:1,(anonymous_26)
FNDA:2,(anonymous_27)
FNDA:2,(anonymous_28)
FNDA:1,(anonymous_29)
FNDA:1,(anonymous_30)
FNDA:2,(anonymous_31)
FNDA:2,(anonymous_32)
FNDA:2,(anonymous_33)
FNDA:2,(anonymous_34)
FNDA:0,(anonymous_35)
FNDA:0,(anonymous_36)
FNDA:0,(anonymous_37)
FNDA:2,(anonymous_38)
FNDA:2,(anonymous_39)
FNDA:0,(anonymous_40)
FNDA:0,(anonymous_41)
FNDA:0,(anonymous_42)
FNDA:9,(anonymous_43)
FNDA:9,(anonymous_44)
FNDA:1,(anonymous_45)
FNDA:1,(anonymous_46)
FNDA:1,(anonymous_47)
FNDA:1,(anonymous_48)
FNDA:1,(anonymous_49)
FNDA:2,(anonymous_50)
FNDA:2,(anonymous_51)
FNDA:1,(anonymous_52)
FNDA:1,(anonymous_53)
FNDA:2,(anonymous_54)
FNDA:0,(anonymous_55)
FNDA:0,(anonymous_56)
FNDA:0,(anonymous_57)
FNDA:1,(anonymous_58)
FNDA:1,(anonymous_59)
FNDA:2,(anonymous_60)
FNDA:4,(anonymous_61)
FNDA:4,(anonymous_62)
FNDA:7,(anonymous_63)
FNDA:7,(anonymous_64)
FNDA:35,(anonymous_65)
FNDA:35,(anonymous_66)
FNDA:0,(anonymous_67)
FNDA:0,(anonymous_68)
FNDA:0,(anonymous_69)
FNDA:1,(anonymous_70)
FNDA:1,(anonymous_71)
FNDA:1,(anonymous_72)
FNDA:6,(anonymous_73)
FNDA:1,(anonymous_74)
FNDA:42,(anonymous_75)
FNDA:359,(anonymous_76)
FNDA:42,(anonymous_77)
DA:30,42
DA:49,42
DA:71,42
DA:100,42
DA:237,42
DA:239,42
DA:248,2
DA:249,1
DA:250,2
DA:251,3
DA:252,1
DA:253,0
DA:254,0
DA:262,91
DA:263,91
DA:265,5
DA:266,5
DA:267,5
DA:271,5
DA:272,5
DA:273,5
DA:275,1
DA:276,1
DA:277,1
DA:278,1
DA:279,1
DA:280,1
DA:282,6
DA:283,6
DA:284,6
DA:285,6
DA:287,1
DA:288,1
DA:289,1
DA:290,1
DA:292,0
DA:293,4
DA:301,84
DA:303,2
DA:304,2
DA:305,2
DA:307,1
DA:308,1
DA:309,1
DA:311,2
DA:312,2
DA:313,2
DA:315,1
DA:316,1
DA:317,1
DA:319,2
DA:320,2
DA:321,2
DA:322,2
DA:324,2
DA:325,2
DA:326,2
DA:340,0
DA:341,0
DA:342,0
DA:343,0
DA:344,0
DA:345,0
DA:347,2
DA:348,0
DA:349,0
DA:350,0
DA:355,9
DA:356,9
DA:357,9
DA:358,9
DA:359,9
DA:360,9
DA:361,1
DA:362,1
DA:363,1
DA:365,8
DA:367,9
DA:369,1
DA:372,1
DA:394,2
DA:395,2
DA:396,1
DA:397,2
DA:403,0
DA:404,0
DA:405,0
DA:407,2
DA:408,4
DA:409,4
DA:410,4
DA:411,4
DA:413,7
DA:414,7
DA:415,7
DA:420,7
DA:428,35
DA:429,35
DA:430,35
DA:431,35
DA:432,35
DA:436,35
DA:441,35
DA:442,33
DA:443,0
DA:446,35
DA:448,1
DA:449,6
DA:450,1
DA:454,42
DA:457,359
DA:486,42
DA:491,42
LF:113
LH:97
BRDA:250,0,0,1
BRDA:250,0,1,1
BRDA:257,1,0,42
BRDA:257,1,1,0
BRDA:263,2,0,91
BRDA:263,2,1,70
BRDA:298,3,0,42
BRDA:298,3,1,0
BRDA:299,4,0,42
BRDA:299,4,1,0
BRDA:300,5,0,42
BRDA:300,5,1,0
BRDA:338,6,0,42
BRDA:338,6,1,0
BRDA:343,7,0,0
BRDA:343,7,1,0
BRDA:355,8,0,9
BRDA:355,8,1,8
BRDA:359,9,0,9
BRDA:359,9,1,9
BRDA:360,10,0,1
BRDA:360,10,1,8
BRDA:384,11,0,42
BRDA:384,11,1,0
BRDA:390,12,0,42
BRDA:390,12,1,0
BRDA:391,13,0,42
BRDA:391,13,1,0
BRDA:403,14,0,0
BRDA:403,15,0,0
BRDA:404,16,0,0
BRDA:404,16,1,0
BRDA:410,17,0,2
BRDA:410,17,1,2
BRDA:415,18,0,3
BRDA:415,18,1,4
BRDA:428,19,0,35
BRDA:428,19,1,29
BRDA:433,20,0,35
BRDA:433,20,1,0
BRDA:441,21,0,33
BRDA:441,21,1,2
BRDA:494,22,0,42
BRDA:494,22,1,0
BRDA:495,23,0,0
BRDA:495,23,1,0
BRDA:496,24,0,0
BRDA:496,24,1,0
BRDA:497,25,0,0
BRDA:497,25,1,0
BRDA:498,26,0,0
BRDA:498,26,1,0
BRDA:499,27,0,0
BRDA:499,27,1,0
BRF:54
BRH:28
end_of_record
TN:
SF:theme\tokens.ts
FN:148,getTokens
FNF:1
FNH:1
FNDA:244,getTokens
DA:46,41
DA:53,41
DA:132,41
DA:136,41
DA:140,41
DA:149,244
LF:6
LH:6
BRF:0
BRH:0
end_of_record
